{"numFailedTestSuites":72,"numFailedTests":31,"numPassedTestSuites":6,"numPassedTests":68,"numPendingTestSuites":0,"numPendingTests":0,"numRuntimeErrorTestSuites":62,"numTodoTests":0,"numTotalTestSuites":78,"numTotalTests":99,"openHandles":[],"snapshot":{"added":0,"didUpdate":false,"failure":false,"filesAdded":0,"filesRemoved":0,"filesRemovedList":[],"filesUnmatched":0,"filesUpdated":0,"matched":0,"total":0,"unchecked":0,"uncheckedKeysByFile":[],"unmatched":0,"updated":0},"startTime":1730754319241,"success":false,"testResults":[{"assertionResults":[{"ancestorTitles":["Performance Monitoring Integration","Critical Operations Tracking"],"duration":10,"failureDetails":[{}],"failureMessages":["TypeError: _analytics.analyticsService.trackWorkout is not a function\n    at Object.trackWorkout (D:\\4. FitFaster\\fitfaster\\src\\__tests__\\performance\\monitoring.test.ts:17:24)\n    at Promise.then.completed (D:\\4. FitFaster\\fitfaster\\node_modules\\jest-circus\\build\\utils.js:298:28)\n    at new Promise (<anonymous>)\n    at callAsyncCircusFn (D:\\4. FitFaster\\fitfaster\\node_modules\\jest-circus\\build\\utils.js:231:10)\n    at _callCircusTest (D:\\4. FitFaster\\fitfaster\\node_modules\\jest-circus\\build\\run.js:316:40)\n    at processTicksAndRejections (node:internal/process/task_queues:95:5)\n    at _runTest (D:\\4. FitFaster\\fitfaster\\node_modules\\jest-circus\\build\\run.js:252:3)\n    at _runTestsForDescribeBlock (D:\\4. FitFaster\\fitfaster\\node_modules\\jest-circus\\build\\run.js:126:9)\n    at _runTestsForDescribeBlock (D:\\4. FitFaster\\fitfaster\\node_modules\\jest-circus\\build\\run.js:121:9)\n    at _runTestsForDescribeBlock (D:\\4. FitFaster\\fitfaster\\node_modules\\jest-circus\\build\\run.js:121:9)\n    at run (D:\\4. FitFaster\\fitfaster\\node_modules\\jest-circus\\build\\run.js:71:3)\n    at runAndTransformResultsToJestFormat (D:\\4. FitFaster\\fitfaster\\node_modules\\jest-circus\\build\\legacy-code-todo-rewrite\\jestAdapterInit.js:122:21)\n    at jestAdapter (D:\\4. FitFaster\\fitfaster\\node_modules\\jest-circus\\build\\legacy-code-todo-rewrite\\jestAdapter.js:79:19)\n    at runTestInternal (D:\\4. FitFaster\\fitfaster\\node_modules\\jest-runner\\build\\runTest.js:367:16)\n    at runTest (D:\\4. FitFaster\\fitfaster\\node_modules\\jest-runner\\build\\runTest.js:444:34)\n    at Object.worker (D:\\4. FitFaster\\fitfaster\\node_modules\\jest-runner\\build\\testWorker.js:106:12)"],"fullName":"Performance Monitoring Integration Critical Operations Tracking should track workout performance metrics","invocations":1,"location":null,"numPassingAsserts":0,"retryReasons":[],"status":"failed","title":"should track workout performance metrics"},{"ancestorTitles":["Performance Monitoring Integration","Critical Operations Tracking"],"duration":1,"failureDetails":[{}],"failureMessages":["TypeError: _analytics.analyticsService.trackNutrition is not a function\n    at Object.trackNutrition (D:\\4. FitFaster\\fitfaster\\src\\__tests__\\performance\\monitoring.test.ts:36:24)\n    at Promise.then.completed (D:\\4. FitFaster\\fitfaster\\node_modules\\jest-circus\\build\\utils.js:298:28)\n    at new Promise (<anonymous>)\n    at callAsyncCircusFn (D:\\4. FitFaster\\fitfaster\\node_modules\\jest-circus\\build\\utils.js:231:10)\n    at _callCircusTest (D:\\4. FitFaster\\fitfaster\\node_modules\\jest-circus\\build\\run.js:316:40)\n    at processTicksAndRejections (node:internal/process/task_queues:95:5)\n    at _runTest (D:\\4. FitFaster\\fitfaster\\node_modules\\jest-circus\\build\\run.js:252:3)\n    at _runTestsForDescribeBlock (D:\\4. FitFaster\\fitfaster\\node_modules\\jest-circus\\build\\run.js:126:9)\n    at _runTestsForDescribeBlock (D:\\4. FitFaster\\fitfaster\\node_modules\\jest-circus\\build\\run.js:121:9)\n    at _runTestsForDescribeBlock (D:\\4. FitFaster\\fitfaster\\node_modules\\jest-circus\\build\\run.js:121:9)\n    at run (D:\\4. FitFaster\\fitfaster\\node_modules\\jest-circus\\build\\run.js:71:3)\n    at runAndTransformResultsToJestFormat (D:\\4. FitFaster\\fitfaster\\node_modules\\jest-circus\\build\\legacy-code-todo-rewrite\\jestAdapterInit.js:122:21)\n    at jestAdapter (D:\\4. FitFaster\\fitfaster\\node_modules\\jest-circus\\build\\legacy-code-todo-rewrite\\jestAdapter.js:79:19)\n    at runTestInternal (D:\\4. FitFaster\\fitfaster\\node_modules\\jest-runner\\build\\runTest.js:367:16)\n    at runTest (D:\\4. FitFaster\\fitfaster\\node_modules\\jest-runner\\build\\runTest.js:444:34)\n    at Object.worker (D:\\4. FitFaster\\fitfaster\\node_modules\\jest-runner\\build\\testWorker.js:106:12)"],"fullName":"Performance Monitoring Integration Critical Operations Tracking should track nutrition performance metrics","invocations":1,"location":null,"numPassingAsserts":0,"retryReasons":[],"status":"failed","title":"should track nutrition performance metrics"},{"ancestorTitles":["Performance Monitoring Integration","Screen Performance Tracking"],"duration":0,"failureDetails":[{}],"failureMessages":["TypeError: _analytics.analyticsService.trackScreenView is not a function\n    at Object.trackScreenView (D:\\4. FitFaster\\fitfaster\\src\\__tests__\\performance\\monitoring.test.ts:57:24)\n    at Promise.then.completed (D:\\4. FitFaster\\fitfaster\\node_modules\\jest-circus\\build\\utils.js:298:28)\n    at new Promise (<anonymous>)\n    at callAsyncCircusFn (D:\\4. FitFaster\\fitfaster\\node_modules\\jest-circus\\build\\utils.js:231:10)\n    at _callCircusTest (D:\\4. FitFaster\\fitfaster\\node_modules\\jest-circus\\build\\run.js:316:40)\n    at processTicksAndRejections (node:internal/process/task_queues:95:5)\n    at _runTest (D:\\4. FitFaster\\fitfaster\\node_modules\\jest-circus\\build\\run.js:252:3)\n    at _runTestsForDescribeBlock (D:\\4. FitFaster\\fitfaster\\node_modules\\jest-circus\\build\\run.js:126:9)\n    at _runTestsForDescribeBlock (D:\\4. FitFaster\\fitfaster\\node_modules\\jest-circus\\build\\run.js:121:9)\n    at _runTestsForDescribeBlock (D:\\4. FitFaster\\fitfaster\\node_modules\\jest-circus\\build\\run.js:121:9)\n    at run (D:\\4. FitFaster\\fitfaster\\node_modules\\jest-circus\\build\\run.js:71:3)\n    at runAndTransformResultsToJestFormat (D:\\4. FitFaster\\fitfaster\\node_modules\\jest-circus\\build\\legacy-code-todo-rewrite\\jestAdapterInit.js:122:21)\n    at jestAdapter (D:\\4. FitFaster\\fitfaster\\node_modules\\jest-circus\\build\\legacy-code-todo-rewrite\\jestAdapter.js:79:19)\n    at runTestInternal (D:\\4. FitFaster\\fitfaster\\node_modules\\jest-runner\\build\\runTest.js:367:16)\n    at runTest (D:\\4. FitFaster\\fitfaster\\node_modules\\jest-runner\\build\\runTest.js:444:34)\n    at Object.worker (D:\\4. FitFaster\\fitfaster\\node_modules\\jest-runner\\build\\testWorker.js:106:12)"],"fullName":"Performance Monitoring Integration Screen Performance Tracking should track screen load times","invocations":1,"location":null,"numPassingAsserts":0,"retryReasons":[],"status":"failed","title":"should track screen load times"},{"ancestorTitles":["Performance Monitoring Integration","Screen Performance Tracking"],"duration":0,"failureDetails":[{}],"failureMessages":["TypeError: _analytics.analyticsService.trackScreenView is not a function\n    at Object.trackScreenView (D:\\4. FitFaster\\fitfaster\\src\\__tests__\\performance\\monitoring.test.ts:71:24)\n    at Promise.then.completed (D:\\4. FitFaster\\fitfaster\\node_modules\\jest-circus\\build\\utils.js:298:28)\n    at new Promise (<anonymous>)\n    at callAsyncCircusFn (D:\\4. FitFaster\\fitfaster\\node_modules\\jest-circus\\build\\utils.js:231:10)\n    at _callCircusTest (D:\\4. FitFaster\\fitfaster\\node_modules\\jest-circus\\build\\run.js:316:40)\n    at processTicksAndRejections (node:internal/process/task_queues:95:5)\n    at _runTest (D:\\4. FitFaster\\fitfaster\\node_modules\\jest-circus\\build\\run.js:252:3)\n    at _runTestsForDescribeBlock (D:\\4. FitFaster\\fitfaster\\node_modules\\jest-circus\\build\\run.js:126:9)\n    at _runTestsForDescribeBlock (D:\\4. FitFaster\\fitfaster\\node_modules\\jest-circus\\build\\run.js:121:9)\n    at _runTestsForDescribeBlock (D:\\4. FitFaster\\fitfaster\\node_modules\\jest-circus\\build\\run.js:121:9)\n    at run (D:\\4. FitFaster\\fitfaster\\node_modules\\jest-circus\\build\\run.js:71:3)\n    at runAndTransformResultsToJestFormat (D:\\4. FitFaster\\fitfaster\\node_modules\\jest-circus\\build\\legacy-code-todo-rewrite\\jestAdapterInit.js:122:21)\n    at jestAdapter (D:\\4. FitFaster\\fitfaster\\node_modules\\jest-circus\\build\\legacy-code-todo-rewrite\\jestAdapter.js:79:19)\n    at runTestInternal (D:\\4. FitFaster\\fitfaster\\node_modules\\jest-runner\\build\\runTest.js:367:16)\n    at runTest (D:\\4. FitFaster\\fitfaster\\node_modules\\jest-runner\\build\\runTest.js:444:34)\n    at Object.worker (D:\\4. FitFaster\\fitfaster\\node_modules\\jest-runner\\build\\testWorker.js:106:12)"],"fullName":"Performance Monitoring Integration Screen Performance Tracking should calculate average screen load times","invocations":1,"location":null,"numPassingAsserts":0,"retryReasons":[],"status":"failed","title":"should calculate average screen load times"},{"ancestorTitles":["Performance Monitoring Integration","Error Tracking"],"duration":3,"failureDetails":[{"matcherResult":{"message":"\u001b[2mexpect(\u001b[22m\u001b[31mreceived\u001b[39m\u001b[2m).\u001b[22mtoBeGreaterThan\u001b[2m(\u001b[22m\u001b[32mexpected\u001b[39m\u001b[2m)\u001b[22m\n\nExpected: > \u001b[32m0\u001b[39m\nReceived:   \u001b[31m0\u001b[39m","pass":false}}],"failureMessages":["Error: \u001b[2mexpect(\u001b[22m\u001b[31mreceived\u001b[39m\u001b[2m).\u001b[22mtoBeGreaterThan\u001b[2m(\u001b[22m\u001b[32mexpected\u001b[39m\u001b[2m)\u001b[22m\n\nExpected: > \u001b[32m0\u001b[39m\nReceived:   \u001b[31m0\u001b[39m\n    at Object.toBeGreaterThan (D:\\4. FitFaster\\fitfaster\\src\\__tests__\\performance\\monitoring.test.ts:94:35)\n    at Promise.then.completed (D:\\4. FitFaster\\fitfaster\\node_modules\\jest-circus\\build\\utils.js:298:28)\n    at new Promise (<anonymous>)\n    at callAsyncCircusFn (D:\\4. FitFaster\\fitfaster\\node_modules\\jest-circus\\build\\utils.js:231:10)\n    at _callCircusTest (D:\\4. FitFaster\\fitfaster\\node_modules\\jest-circus\\build\\run.js:316:40)\n    at processTicksAndRejections (node:internal/process/task_queues:95:5)\n    at _runTest (D:\\4. FitFaster\\fitfaster\\node_modules\\jest-circus\\build\\run.js:252:3)\n    at _runTestsForDescribeBlock (D:\\4. FitFaster\\fitfaster\\node_modules\\jest-circus\\build\\run.js:126:9)\n    at _runTestsForDescribeBlock (D:\\4. FitFaster\\fitfaster\\node_modules\\jest-circus\\build\\run.js:121:9)\n    at _runTestsForDescribeBlock (D:\\4. FitFaster\\fitfaster\\node_modules\\jest-circus\\build\\run.js:121:9)\n    at run (D:\\4. FitFaster\\fitfaster\\node_modules\\jest-circus\\build\\run.js:71:3)\n    at runAndTransformResultsToJestFormat (D:\\4. FitFaster\\fitfaster\\node_modules\\jest-circus\\build\\legacy-code-todo-rewrite\\jestAdapterInit.js:122:21)\n    at jestAdapter (D:\\4. FitFaster\\fitfaster\\node_modules\\jest-circus\\build\\legacy-code-todo-rewrite\\jestAdapter.js:79:19)\n    at runTestInternal (D:\\4. FitFaster\\fitfaster\\node_modules\\jest-runner\\build\\runTest.js:367:16)\n    at runTest (D:\\4. FitFaster\\fitfaster\\node_modules\\jest-runner\\build\\runTest.js:444:34)\n    at Object.worker (D:\\4. FitFaster\\fitfaster\\node_modules\\jest-runner\\build\\testWorker.js:106:12)"],"fullName":"Performance Monitoring Integration Error Tracking should include performance context in error tracking","invocations":1,"location":null,"numPassingAsserts":0,"retryReasons":[],"status":"failed","title":"should include performance context in error tracking"},{"ancestorTitles":["Performance Monitoring Integration","User Engagement"],"duration":0,"failureDetails":[{}],"failureMessages":["TypeError: _analytics.analyticsService.trackScreenView is not a function\n    at Object.trackScreenView (D:\\4. FitFaster\\fitfaster\\src\\__tests__\\performance\\monitoring.test.ts:108:24)\n    at Promise.then.completed (D:\\4. FitFaster\\fitfaster\\node_modules\\jest-circus\\build\\utils.js:298:28)\n    at new Promise (<anonymous>)\n    at callAsyncCircusFn (D:\\4. FitFaster\\fitfaster\\node_modules\\jest-circus\\build\\utils.js:231:10)\n    at _callCircusTest (D:\\4. FitFaster\\fitfaster\\node_modules\\jest-circus\\build\\run.js:316:40)\n    at processTicksAndRejections (node:internal/process/task_queues:95:5)\n    at _runTest (D:\\4. FitFaster\\fitfaster\\node_modules\\jest-circus\\build\\run.js:252:3)\n    at _runTestsForDescribeBlock (D:\\4. FitFaster\\fitfaster\\node_modules\\jest-circus\\build\\run.js:126:9)\n    at _runTestsForDescribeBlock (D:\\4. FitFaster\\fitfaster\\node_modules\\jest-circus\\build\\run.js:121:9)\n    at _runTestsForDescribeBlock (D:\\4. FitFaster\\fitfaster\\node_modules\\jest-circus\\build\\run.js:121:9)\n    at run (D:\\4. FitFaster\\fitfaster\\node_modules\\jest-circus\\build\\run.js:71:3)\n    at runAndTransformResultsToJestFormat (D:\\4. FitFaster\\fitfaster\\node_modules\\jest-circus\\build\\legacy-code-todo-rewrite\\jestAdapterInit.js:122:21)\n    at jestAdapter (D:\\4. FitFaster\\fitfaster\\node_modules\\jest-circus\\build\\legacy-code-todo-rewrite\\jestAdapter.js:79:19)\n    at runTestInternal (D:\\4. FitFaster\\fitfaster\\node_modules\\jest-runner\\build\\runTest.js:367:16)\n    at runTest (D:\\4. FitFaster\\fitfaster\\node_modules\\jest-runner\\build\\runTest.js:444:34)\n    at Object.worker (D:\\4. FitFaster\\fitfaster\\node_modules\\jest-runner\\build\\testWorker.js:106:12)"],"fullName":"Performance Monitoring Integration User Engagement should track engagement with performance metrics","invocations":1,"location":null,"numPassingAsserts":0,"retryReasons":[],"status":"failed","title":"should track engagement with performance metrics"},{"ancestorTitles":["Performance Monitoring Integration","User Engagement"],"duration":0,"failureDetails":[{}],"failureMessages":["TypeError: _analytics.analyticsService.trackWorkout is not a function\n    at Object.trackWorkout (D:\\4. FitFaster\\fitfaster\\src\\__tests__\\performance\\monitoring.test.ts:132:24)\n    at Promise.then.completed (D:\\4. FitFaster\\fitfaster\\node_modules\\jest-circus\\build\\utils.js:298:28)\n    at new Promise (<anonymous>)\n    at callAsyncCircusFn (D:\\4. FitFaster\\fitfaster\\node_modules\\jest-circus\\build\\utils.js:231:10)\n    at _callCircusTest (D:\\4. FitFaster\\fitfaster\\node_modules\\jest-circus\\build\\run.js:316:40)\n    at processTicksAndRejections (node:internal/process/task_queues:95:5)\n    at _runTest (D:\\4. FitFaster\\fitfaster\\node_modules\\jest-circus\\build\\run.js:252:3)\n    at _runTestsForDescribeBlock (D:\\4. FitFaster\\fitfaster\\node_modules\\jest-circus\\build\\run.js:126:9)\n    at _runTestsForDescribeBlock (D:\\4. FitFaster\\fitfaster\\node_modules\\jest-circus\\build\\run.js:121:9)\n    at _runTestsForDescribeBlock (D:\\4. FitFaster\\fitfaster\\node_modules\\jest-circus\\build\\run.js:121:9)\n    at run (D:\\4. FitFaster\\fitfaster\\node_modules\\jest-circus\\build\\run.js:71:3)\n    at runAndTransformResultsToJestFormat (D:\\4. FitFaster\\fitfaster\\node_modules\\jest-circus\\build\\legacy-code-todo-rewrite\\jestAdapterInit.js:122:21)\n    at jestAdapter (D:\\4. FitFaster\\fitfaster\\node_modules\\jest-circus\\build\\legacy-code-todo-rewrite\\jestAdapter.js:79:19)\n    at runTestInternal (D:\\4. FitFaster\\fitfaster\\node_modules\\jest-runner\\build\\runTest.js:367:16)\n    at runTest (D:\\4. FitFaster\\fitfaster\\node_modules\\jest-runner\\build\\runTest.js:444:34)\n    at Object.worker (D:\\4. FitFaster\\fitfaster\\node_modules\\jest-runner\\build\\testWorker.js:106:12)"],"fullName":"Performance Monitoring Integration User Engagement should track critical operation success rates","invocations":1,"location":null,"numPassingAsserts":0,"retryReasons":[],"status":"failed","title":"should track critical operation success rates"}],"endTime":1730754322643,"message":"\u001b[1m\u001b[31m  \u001b[1m● \u001b[22m\u001b[1mPerformance Monitoring Integration › Critical Operations Tracking › should track workout performance metrics\u001b[39m\u001b[22m\n\n    TypeError: _analytics.analyticsService.trackWorkout is not a function\n\u001b[2m\u001b[22m\n\u001b[2m    \u001b[0m \u001b[90m 15 |\u001b[39m       \u001b[36mconst\u001b[39m unsubscribe \u001b[33m=\u001b[39m performanceMonitoring\u001b[33m.\u001b[39monMetric(metricsCallback)\u001b[33m;\u001b[39m\u001b[22m\n\u001b[2m     \u001b[90m 16 |\u001b[39m\u001b[22m\n\u001b[2m    \u001b[31m\u001b[1m>\u001b[22m\u001b[2m\u001b[39m\u001b[90m 17 |\u001b[39m       analyticsService\u001b[33m.\u001b[39mtrackWorkout(\u001b[32m'start'\u001b[39m\u001b[33m,\u001b[39m { userId\u001b[33m:\u001b[39m \u001b[32m'test-user'\u001b[39m })\u001b[33m;\u001b[39m\u001b[22m\n\u001b[2m     \u001b[90m    |\u001b[39m                        \u001b[31m\u001b[1m^\u001b[22m\u001b[2m\u001b[39m\u001b[22m\n\u001b[2m     \u001b[90m 18 |\u001b[39m       analyticsService\u001b[33m.\u001b[39mtrackWorkout(\u001b[32m'add_exercise'\u001b[39m\u001b[33m,\u001b[39m { exerciseId\u001b[33m:\u001b[39m \u001b[32m'test-exercise'\u001b[39m })\u001b[33m;\u001b[39m\u001b[22m\n\u001b[2m     \u001b[90m 19 |\u001b[39m       analyticsService\u001b[33m.\u001b[39mtrackWorkout(\u001b[32m'complete'\u001b[39m\u001b[33m,\u001b[39m { duration\u001b[33m:\u001b[39m \u001b[35m300\u001b[39m })\u001b[33m;\u001b[39m\u001b[22m\n\u001b[2m     \u001b[90m 20 |\u001b[39m\u001b[0m\u001b[22m\n\u001b[2m\u001b[22m\n\u001b[2m      \u001b[2mat Object.trackWorkout (\u001b[22m\u001b[2m\u001b[0m\u001b[36msrc/__tests__/performance/monitoring.test.ts\u001b[39m\u001b[0m\u001b[2m:17:24)\u001b[22m\u001b[2m\u001b[22m\n\n\u001b[1m\u001b[31m  \u001b[1m● \u001b[22m\u001b[1mPerformance Monitoring Integration › Critical Operations Tracking › should track nutrition performance metrics\u001b[39m\u001b[22m\n\n    TypeError: _analytics.analyticsService.trackNutrition is not a function\n\u001b[2m\u001b[22m\n\u001b[2m    \u001b[0m \u001b[90m 34 |\u001b[39m       \u001b[36mconst\u001b[39m unsubscribe \u001b[33m=\u001b[39m performanceMonitoring\u001b[33m.\u001b[39monMetric(metricsCallback)\u001b[33m;\u001b[39m\u001b[22m\n\u001b[2m     \u001b[90m 35 |\u001b[39m\u001b[22m\n\u001b[2m    \u001b[31m\u001b[1m>\u001b[22m\u001b[2m\u001b[39m\u001b[90m 36 |\u001b[39m       analyticsService\u001b[33m.\u001b[39mtrackNutrition(\u001b[32m'meal'\u001b[39m\u001b[33m,\u001b[39m { mealId\u001b[33m:\u001b[39m \u001b[32m'test-meal'\u001b[39m })\u001b[33m;\u001b[39m\u001b[22m\n\u001b[2m     \u001b[90m    |\u001b[39m                        \u001b[31m\u001b[1m^\u001b[22m\u001b[2m\u001b[39m\u001b[22m\n\u001b[2m     \u001b[90m 37 |\u001b[39m       analyticsService\u001b[33m.\u001b[39mtrackNutrition(\u001b[32m'scan'\u001b[39m\u001b[33m,\u001b[39m { barcode\u001b[33m:\u001b[39m \u001b[32m'123456'\u001b[39m })\u001b[33m;\u001b[39m\u001b[22m\n\u001b[2m     \u001b[90m 38 |\u001b[39m       analyticsService\u001b[33m.\u001b[39mtrackNutrition(\u001b[32m'meal_plan_complete'\u001b[39m\u001b[33m,\u001b[39m { duration\u001b[33m:\u001b[39m \u001b[35m200\u001b[39m })\u001b[33m;\u001b[39m\u001b[22m\n\u001b[2m     \u001b[90m 39 |\u001b[39m\u001b[0m\u001b[22m\n\u001b[2m\u001b[22m\n\u001b[2m      \u001b[2mat Object.trackNutrition (\u001b[22m\u001b[2m\u001b[0m\u001b[36msrc/__tests__/performance/monitoring.test.ts\u001b[39m\u001b[0m\u001b[2m:36:24)\u001b[22m\u001b[2m\u001b[22m\n\n\u001b[1m\u001b[31m  \u001b[1m● \u001b[22m\u001b[1mPerformance Monitoring Integration › Screen Performance Tracking › should track screen load times\u001b[39m\u001b[22m\n\n    TypeError: _analytics.analyticsService.trackScreenView is not a function\n\u001b[2m\u001b[22m\n\u001b[2m    \u001b[0m \u001b[90m 55 |\u001b[39m       \u001b[36mconst\u001b[39m unsubscribe \u001b[33m=\u001b[39m performanceMonitoring\u001b[33m.\u001b[39monMetric(metricsCallback)\u001b[33m;\u001b[39m\u001b[22m\n\u001b[2m     \u001b[90m 56 |\u001b[39m\u001b[22m\n\u001b[2m    \u001b[31m\u001b[1m>\u001b[22m\u001b[2m\u001b[39m\u001b[90m 57 |\u001b[39m       analyticsService\u001b[33m.\u001b[39mtrackScreenView(\u001b[32m'TestScreen'\u001b[39m)\u001b[33m;\u001b[39m\u001b[22m\n\u001b[2m     \u001b[90m    |\u001b[39m                        \u001b[31m\u001b[1m^\u001b[22m\u001b[2m\u001b[39m\u001b[22m\n\u001b[2m     \u001b[90m 58 |\u001b[39m\u001b[22m\n\u001b[2m     \u001b[90m 59 |\u001b[39m       expect(metricsCallback)\u001b[33m.\u001b[39mtoHaveBeenCalledWith(\u001b[22m\n\u001b[2m     \u001b[90m 60 |\u001b[39m         expect\u001b[33m.\u001b[39mobjectContaining({\u001b[0m\u001b[22m\n\u001b[2m\u001b[22m\n\u001b[2m      \u001b[2mat Object.trackScreenView (\u001b[22m\u001b[2m\u001b[0m\u001b[36msrc/__tests__/performance/monitoring.test.ts\u001b[39m\u001b[0m\u001b[2m:57:24)\u001b[22m\u001b[2m\u001b[22m\n\n\u001b[1m\u001b[31m  \u001b[1m● \u001b[22m\u001b[1mPerformance Monitoring Integration › Screen Performance Tracking › should calculate average screen load times\u001b[39m\u001b[22m\n\n    TypeError: _analytics.analyticsService.trackScreenView is not a function\n\u001b[2m\u001b[22m\n\u001b[2m    \u001b[0m \u001b[90m 69 |\u001b[39m\u001b[22m\n\u001b[2m     \u001b[90m 70 |\u001b[39m     it(\u001b[32m'should calculate average screen load times'\u001b[39m\u001b[33m,\u001b[39m () \u001b[33m=>\u001b[39m {\u001b[22m\n\u001b[2m    \u001b[31m\u001b[1m>\u001b[22m\u001b[2m\u001b[39m\u001b[90m 71 |\u001b[39m       analyticsService\u001b[33m.\u001b[39mtrackScreenView(\u001b[32m'TestScreen'\u001b[39m)\u001b[33m;\u001b[39m\u001b[22m\n\u001b[2m     \u001b[90m    |\u001b[39m                        \u001b[31m\u001b[1m^\u001b[22m\u001b[2m\u001b[39m\u001b[22m\n\u001b[2m     \u001b[90m 72 |\u001b[39m       analyticsService\u001b[33m.\u001b[39mtrackScreenView(\u001b[32m'TestScreen'\u001b[39m)\u001b[33m;\u001b[39m\u001b[22m\n\u001b[2m     \u001b[90m 73 |\u001b[39m       analyticsService\u001b[33m.\u001b[39mtrackScreenView(\u001b[32m'TestScreen'\u001b[39m)\u001b[33m;\u001b[39m\u001b[22m\n\u001b[2m     \u001b[90m 74 |\u001b[39m\u001b[0m\u001b[22m\n\u001b[2m\u001b[22m\n\u001b[2m      \u001b[2mat Object.trackScreenView (\u001b[22m\u001b[2m\u001b[0m\u001b[36msrc/__tests__/performance/monitoring.test.ts\u001b[39m\u001b[0m\u001b[2m:71:24)\u001b[22m\u001b[2m\u001b[22m\n\n\u001b[1m\u001b[31m  \u001b[1m● \u001b[22m\u001b[1mPerformance Monitoring Integration › Error Tracking › should include performance context in error tracking\u001b[39m\u001b[22m\n\n    \u001b[2mexpect(\u001b[22m\u001b[31mreceived\u001b[39m\u001b[2m).\u001b[22mtoBeGreaterThan\u001b[2m(\u001b[22m\u001b[32mexpected\u001b[39m\u001b[2m)\u001b[22m\n\n    Expected: > \u001b[32m0\u001b[39m\n    Received:   \u001b[31m0\u001b[39m\n\u001b[2m\u001b[22m\n\u001b[2m    \u001b[0m \u001b[90m 92 |\u001b[39m       \u001b[36mconst\u001b[39m errorMetrics \u001b[33m=\u001b[39m metrics\u001b[33m.\u001b[39mfilter(m \u001b[33m=>\u001b[39m m\u001b[33m.\u001b[39mmetadata\u001b[33m?\u001b[39m\u001b[33m.\u001b[39merror)\u001b[33m;\u001b[39m\u001b[22m\n\u001b[2m     \u001b[90m 93 |\u001b[39m\u001b[22m\n\u001b[2m    \u001b[31m\u001b[1m>\u001b[22m\u001b[2m\u001b[39m\u001b[90m 94 |\u001b[39m       expect(errorMetrics\u001b[33m.\u001b[39mlength)\u001b[33m.\u001b[39mtoBeGreaterThan(\u001b[35m0\u001b[39m)\u001b[33m;\u001b[39m\u001b[22m\n\u001b[2m     \u001b[90m    |\u001b[39m                                   \u001b[31m\u001b[1m^\u001b[22m\u001b[2m\u001b[39m\u001b[22m\n\u001b[2m     \u001b[90m 95 |\u001b[39m       expect(errorMetrics[\u001b[35m0\u001b[39m]\u001b[33m.\u001b[39mmetadata)\u001b[33m.\u001b[39mtoEqual(\u001b[22m\n\u001b[2m     \u001b[90m 96 |\u001b[39m         expect\u001b[33m.\u001b[39mobjectContaining({\u001b[22m\n\u001b[2m     \u001b[90m 97 |\u001b[39m           error\u001b[33m:\u001b[39m expect\u001b[33m.\u001b[39many(\u001b[33mError\u001b[39m)\u001b[33m,\u001b[39m\u001b[0m\u001b[22m\n\u001b[2m\u001b[22m\n\u001b[2m      \u001b[2mat Object.toBeGreaterThan (\u001b[22m\u001b[2m\u001b[0m\u001b[36msrc/__tests__/performance/monitoring.test.ts\u001b[39m\u001b[0m\u001b[2m:94:35)\u001b[22m\u001b[2m\u001b[22m\n\n\u001b[1m\u001b[31m  \u001b[1m● \u001b[22m\u001b[1mPerformance Monitoring Integration › User Engagement › should track engagement with performance metrics\u001b[39m\u001b[22m\n\n    TypeError: _analytics.analyticsService.trackScreenView is not a function\n\u001b[2m\u001b[22m\n\u001b[2m    \u001b[0m \u001b[90m 106 |\u001b[39m     it(\u001b[32m'should track engagement with performance metrics'\u001b[39m\u001b[33m,\u001b[39m () \u001b[33m=>\u001b[39m {\u001b[22m\n\u001b[2m     \u001b[90m 107 |\u001b[39m       \u001b[90m// Simulate user activity\u001b[39m\u001b[22m\n\u001b[2m    \u001b[31m\u001b[1m>\u001b[22m\u001b[2m\u001b[39m\u001b[90m 108 |\u001b[39m       analyticsService\u001b[33m.\u001b[39mtrackScreenView(\u001b[32m'Screen1'\u001b[39m)\u001b[33m;\u001b[39m\u001b[22m\n\u001b[2m     \u001b[90m     |\u001b[39m                        \u001b[31m\u001b[1m^\u001b[22m\u001b[2m\u001b[39m\u001b[22m\n\u001b[2m     \u001b[90m 109 |\u001b[39m       analyticsService\u001b[33m.\u001b[39mtrackWorkout(\u001b[32m'start'\u001b[39m\u001b[33m,\u001b[39m { userId\u001b[33m:\u001b[39m \u001b[32m'test-user'\u001b[39m })\u001b[33m;\u001b[39m\u001b[22m\n\u001b[2m     \u001b[90m 110 |\u001b[39m       analyticsService\u001b[33m.\u001b[39mtrackNutrition(\u001b[32m'meal'\u001b[39m\u001b[33m,\u001b[39m { mealId\u001b[33m:\u001b[39m \u001b[32m'test-meal'\u001b[39m })\u001b[33m;\u001b[39m\u001b[22m\n\u001b[2m     \u001b[90m 111 |\u001b[39m       analyticsService\u001b[33m.\u001b[39mtrackWorkout(\u001b[32m'complete'\u001b[39m\u001b[33m,\u001b[39m { duration\u001b[33m:\u001b[39m \u001b[35m300\u001b[39m })\u001b[33m;\u001b[39m\u001b[0m\u001b[22m\n\u001b[2m\u001b[22m\n\u001b[2m      \u001b[2mat Object.trackScreenView (\u001b[22m\u001b[2m\u001b[0m\u001b[36msrc/__tests__/performance/monitoring.test.ts\u001b[39m\u001b[0m\u001b[2m:108:24)\u001b[22m\u001b[2m\u001b[22m\n\n\u001b[1m\u001b[31m  \u001b[1m● \u001b[22m\u001b[1mPerformance Monitoring Integration › User Engagement › should track critical operation success rates\u001b[39m\u001b[22m\n\n    TypeError: _analytics.analyticsService.trackWorkout is not a function\n\u001b[2m\u001b[22m\n\u001b[2m    \u001b[0m \u001b[90m 130 |\u001b[39m     it(\u001b[32m'should track critical operation success rates'\u001b[39m\u001b[33m,\u001b[39m () \u001b[33m=>\u001b[39m {\u001b[22m\n\u001b[2m     \u001b[90m 131 |\u001b[39m       \u001b[90m// Simulate workout tracking\u001b[39m\u001b[22m\n\u001b[2m    \u001b[31m\u001b[1m>\u001b[22m\u001b[2m\u001b[39m\u001b[90m 132 |\u001b[39m       analyticsService\u001b[33m.\u001b[39mtrackWorkout(\u001b[32m'start'\u001b[39m\u001b[33m,\u001b[39m { userId\u001b[33m:\u001b[39m \u001b[32m'test-user'\u001b[39m })\u001b[33m;\u001b[39m\u001b[22m\n\u001b[2m     \u001b[90m     |\u001b[39m                        \u001b[31m\u001b[1m^\u001b[22m\u001b[2m\u001b[39m\u001b[22m\n\u001b[2m     \u001b[90m 133 |\u001b[39m       analyticsService\u001b[33m.\u001b[39mtrackWorkout(\u001b[32m'add_exercise'\u001b[39m\u001b[33m,\u001b[39m { exerciseId\u001b[33m:\u001b[39m \u001b[32m'ex1'\u001b[39m })\u001b[33m;\u001b[39m\u001b[22m\n\u001b[2m     \u001b[90m 134 |\u001b[39m       analyticsService\u001b[33m.\u001b[39mtrackWorkout(\u001b[32m'complete'\u001b[39m\u001b[33m,\u001b[39m { duration\u001b[33m:\u001b[39m \u001b[35m300\u001b[39m })\u001b[33m;\u001b[39m\u001b[22m\n\u001b[2m     \u001b[90m 135 |\u001b[39m\u001b[0m\u001b[22m\n\u001b[2m\u001b[22m\n\u001b[2m      \u001b[2mat Object.trackWorkout (\u001b[22m\u001b[2m\u001b[0m\u001b[36msrc/__tests__/performance/monitoring.test.ts\u001b[39m\u001b[0m\u001b[2m:132:24)\u001b[22m\u001b[2m\u001b[22m\n","name":"D:\\4. FitFaster\\fitfaster\\src\\__tests__\\performance\\monitoring.test.ts","startTime":1730754320787,"status":"failed","summary":""},{"assertionResults":[{"ancestorTitles":["navigation-test-utils"],"duration":12,"failureDetails":[],"failureMessages":[],"fullName":"navigation-test-utils exports all required navigation testing utilities","invocations":1,"location":null,"numPassingAsserts":3,"retryReasons":[],"status":"passed","title":"exports all required navigation testing utilities"},{"ancestorTitles":["navigation-test-utils"],"duration":3,"failureDetails":[],"failureMessages":[],"fullName":"navigation-test-utils provides a working navigation mock","invocations":1,"location":null,"numPassingAsserts":3,"retryReasons":[],"status":"passed","title":"provides a working navigation mock"},{"ancestorTitles":["navigation-test-utils"],"duration":1,"failureDetails":[{}],"failureMessages":["TypeError: _native.EventEmitter.emit is not a function\n    at emit (D:\\4. FitFaster\\fitfaster\\src\\__tests__\\utils\\mockDeepLink.ts:18:16)\n    at Generator.next (<anonymous>)\n    at asyncGeneratorStep (D:\\4. FitFaster\\fitfaster\\node_modules\\@babel\\runtime\\helpers\\asyncToGenerator.js:3:17)\n    at _next (D:\\4. FitFaster\\fitfaster\\node_modules\\@babel\\runtime\\helpers\\asyncToGenerator.js:17:9)\n    at D:\\4. FitFaster\\fitfaster\\node_modules\\@babel\\runtime\\helpers\\asyncToGenerator.js:22:7\n    at new Promise (<anonymous>)\n    at D:\\4. FitFaster\\fitfaster\\node_modules\\@babel\\runtime\\helpers\\asyncToGenerator.js:14:12\n    at apply (D:\\4. FitFaster\\fitfaster\\src\\__tests__\\utils\\mockDeepLink.ts:20:2)\n    at apply (D:\\4. FitFaster\\fitfaster\\src\\__tests__\\utils\\mockDeepLink.ts:17:35)\n    at Object.<anonymous> (D:\\4. FitFaster\\fitfaster\\src\\__tests__\\utils\\navigation-test-utils.test.ts:42:23)\n    at Generator.next (<anonymous>)\n    at asyncGeneratorStep (D:\\4. FitFaster\\fitfaster\\node_modules\\@babel\\runtime\\helpers\\asyncToGenerator.js:3:17)\n    at _next (D:\\4. FitFaster\\fitfaster\\node_modules\\@babel\\runtime\\helpers\\asyncToGenerator.js:17:9)\n    at D:\\4. FitFaster\\fitfaster\\node_modules\\@babel\\runtime\\helpers\\asyncToGenerator.js:22:7\n    at new Promise (<anonymous>)\n    at Object.<anonymous> (D:\\4. FitFaster\\fitfaster\\node_modules\\@babel\\runtime\\helpers\\asyncToGenerator.js:14:12)\n    at Promise.then.completed (D:\\4. FitFaster\\fitfaster\\node_modules\\jest-circus\\build\\utils.js:298:28)\n    at new Promise (<anonymous>)\n    at callAsyncCircusFn (D:\\4. FitFaster\\fitfaster\\node_modules\\jest-circus\\build\\utils.js:231:10)\n    at _callCircusTest (D:\\4. FitFaster\\fitfaster\\node_modules\\jest-circus\\build\\run.js:316:40)\n    at _runTest (D:\\4. FitFaster\\fitfaster\\node_modules\\jest-circus\\build\\run.js:252:3)\n    at _runTestsForDescribeBlock (D:\\4. FitFaster\\fitfaster\\node_modules\\jest-circus\\build\\run.js:126:9)\n    at _runTestsForDescribeBlock (D:\\4. FitFaster\\fitfaster\\node_modules\\jest-circus\\build\\run.js:121:9)\n    at run (D:\\4. FitFaster\\fitfaster\\node_modules\\jest-circus\\build\\run.js:71:3)\n    at runAndTransformResultsToJestFormat (D:\\4. FitFaster\\fitfaster\\node_modules\\jest-circus\\build\\legacy-code-todo-rewrite\\jestAdapterInit.js:122:21)\n    at jestAdapter (D:\\4. FitFaster\\fitfaster\\node_modules\\jest-circus\\build\\legacy-code-todo-rewrite\\jestAdapter.js:79:19)\n    at runTestInternal (D:\\4. FitFaster\\fitfaster\\node_modules\\jest-runner\\build\\runTest.js:367:16)\n    at runTest (D:\\4. FitFaster\\fitfaster\\node_modules\\jest-runner\\build\\runTest.js:444:34)\n    at Object.worker (D:\\4. FitFaster\\fitfaster\\node_modules\\jest-runner\\build\\testWorker.js:106:12)"],"fullName":"navigation-test-utils provides a working deep link mock","invocations":1,"location":null,"numPassingAsserts":0,"retryReasons":[],"status":"failed","title":"provides a working deep link mock"},{"ancestorTitles":["navigation-test-utils"],"duration":9,"failureDetails":[],"failureMessages":[],"fullName":"navigation-test-utils provides proper type safety through NavigationMock type","invocations":1,"location":null,"numPassingAsserts":13,"retryReasons":[],"status":"passed","title":"provides proper type safety through NavigationMock type"}],"endTime":1730754322778,"message":"\u001b[1m\u001b[31m  \u001b[1m● \u001b[22m\u001b[1mnavigation-test-utils › provides a working deep link mock\u001b[39m\u001b[22m\n\n    TypeError: _native.EventEmitter.emit is not a function\n\u001b[2m\u001b[22m\n\u001b[2m    \u001b[0m \u001b[90m 16 |\u001b[39m \u001b[90m */\u001b[39m\u001b[22m\n\u001b[2m     \u001b[90m 17 |\u001b[39m \u001b[36mexport\u001b[39m \u001b[36masync\u001b[39m \u001b[36mfunction\u001b[39m mockDeepLink(path\u001b[33m:\u001b[39m string)\u001b[33m:\u001b[39m \u001b[33mPromise\u001b[39m\u001b[33m<\u001b[39m\u001b[36mvoid\u001b[39m\u001b[33m>\u001b[39m {\u001b[22m\n\u001b[2m    \u001b[31m\u001b[1m>\u001b[22m\u001b[2m\u001b[39m\u001b[90m 18 |\u001b[39m   \u001b[33mEventEmitter\u001b[39m\u001b[33m.\u001b[39memit(\u001b[32m'url'\u001b[39m\u001b[33m,\u001b[39m { url\u001b[33m:\u001b[39m \u001b[32m`fitfaster://${path}`\u001b[39m })\u001b[33m;\u001b[39m\u001b[22m\n\u001b[2m     \u001b[90m    |\u001b[39m                \u001b[31m\u001b[1m^\u001b[22m\u001b[2m\u001b[39m\u001b[22m\n\u001b[2m     \u001b[90m 19 |\u001b[39m   \u001b[36mawait\u001b[39m \u001b[36mnew\u001b[39m \u001b[33mPromise\u001b[39m(resolve \u001b[33m=>\u001b[39m setTimeout(resolve\u001b[33m,\u001b[39m \u001b[35m0\u001b[39m))\u001b[33m;\u001b[39m\u001b[22m\n\u001b[2m     \u001b[90m 20 |\u001b[39m }\u001b[22m\n\u001b[2m     \u001b[90m 21 |\u001b[39m\u001b[0m\u001b[22m\n\u001b[2m\u001b[22m\n\u001b[2m      \u001b[2mat emit (\u001b[22m\u001b[2m\u001b[0m\u001b[36msrc/__tests__/utils/mockDeepLink.ts\u001b[39m\u001b[0m\u001b[2m:18:16)\u001b[22m\u001b[2m\u001b[22m\n\u001b[2m      \u001b[2mat asyncGeneratorStep (\u001b[22m\u001b[2mnode_modules/@babel/runtime/helpers/asyncToGenerator.js\u001b[2m:3:17)\u001b[22m\u001b[2m\u001b[22m\n\u001b[2m      \u001b[2mat _next (\u001b[22m\u001b[2mnode_modules/@babel/runtime/helpers/asyncToGenerator.js\u001b[2m:17:9)\u001b[22m\u001b[2m\u001b[22m\n\u001b[2m      \u001b[2mat \u001b[22m\u001b[2mnode_modules/@babel/runtime/helpers/asyncToGenerator.js\u001b[2m:22:7\u001b[22m\u001b[2m\u001b[22m\n\u001b[2m      \u001b[2mat \u001b[22m\u001b[2mnode_modules/@babel/runtime/helpers/asyncToGenerator.js\u001b[2m:14:12\u001b[22m\u001b[2m\u001b[22m\n\u001b[2m      \u001b[2mat apply (\u001b[22m\u001b[2m\u001b[0m\u001b[36msrc/__tests__/utils/mockDeepLink.ts\u001b[39m\u001b[0m\u001b[2m:20:2)\u001b[22m\u001b[2m\u001b[22m\n\u001b[2m      \u001b[2mat apply (\u001b[22m\u001b[2m\u001b[0m\u001b[36msrc/__tests__/utils/mockDeepLink.ts\u001b[39m\u001b[0m\u001b[2m:17:35)\u001b[22m\u001b[2m\u001b[22m\n\u001b[2m      \u001b[2mat Object.<anonymous> (\u001b[22m\u001b[2m\u001b[0m\u001b[36msrc/__tests__/utils/navigation-test-utils.test.ts\u001b[39m\u001b[0m\u001b[2m:42:23)\u001b[22m\u001b[2m\u001b[22m\n\u001b[2m      \u001b[2mat asyncGeneratorStep (\u001b[22m\u001b[2mnode_modules/@babel/runtime/helpers/asyncToGenerator.js\u001b[2m:3:17)\u001b[22m\u001b[2m\u001b[22m\n\u001b[2m      \u001b[2mat _next (\u001b[22m\u001b[2mnode_modules/@babel/runtime/helpers/asyncToGenerator.js\u001b[2m:17:9)\u001b[22m\u001b[2m\u001b[22m\n\u001b[2m      \u001b[2mat \u001b[22m\u001b[2mnode_modules/@babel/runtime/helpers/asyncToGenerator.js\u001b[2m:22:7\u001b[22m\u001b[2m\u001b[22m\n\u001b[2m      \u001b[2mat Object.<anonymous> (\u001b[22m\u001b[2mnode_modules/@babel/runtime/helpers/asyncToGenerator.js\u001b[2m:14:12)\u001b[22m\u001b[2m\u001b[22m\n","name":"D:\\4. FitFaster\\fitfaster\\src\\__tests__\\utils\\navigation-test-utils.test.ts","startTime":1730754320723,"status":"failed","summary":""},{"assertionResults":[{"ancestorTitles":["useConnectionAlert"],"duration":24,"failureDetails":[],"failureMessages":[],"fullName":"useConnectionAlert shows alert when there is no internet connection","invocations":1,"location":null,"numPassingAsserts":2,"retryReasons":[],"status":"passed","title":"shows alert when there is no internet connection"},{"ancestorTitles":["useConnectionAlert"],"duration":24,"failureDetails":[],"failureMessages":[],"fullName":"useConnectionAlert executes action when there is internet connection","invocations":1,"location":null,"numPassingAsserts":2,"retryReasons":[],"status":"passed","title":"executes action when there is internet connection"},{"ancestorTitles":["useConnectionAlert"],"duration":16,"failureDetails":[],"failureMessages":[],"fullName":"useConnectionAlert shows alert when action fails","invocations":1,"location":null,"numPassingAsserts":2,"retryReasons":[],"status":"passed","title":"shows alert when action fails"},{"ancestorTitles":["useConnectionAlert"],"duration":16,"failureDetails":[{"matcherResult":{"message":"\u001b[2mexpect(\u001b[22m\u001b[31mjest.fn()\u001b[39m\u001b[2m).\u001b[22mnot\u001b[2m.\u001b[22mtoHaveBeenCalled\u001b[2m()\u001b[22m\n\nExpected number of calls: \u001b[32m0\u001b[39m\nReceived number of calls: \u001b[31m1\u001b[39m\n\n1: \u001b[31m\"No Internet Connection\"\u001b[39m, \u001b[31m\"Please check your internet connection and try again.\"\u001b[39m, \u001b[31m[{\"style\": \"cancel\", \"text\": \"OK\"}]\u001b[39m","pass":true}}],"failureMessages":["Error: \u001b[2mexpect(\u001b[22m\u001b[31mjest.fn()\u001b[39m\u001b[2m).\u001b[22mnot\u001b[2m.\u001b[22mtoHaveBeenCalled\u001b[2m()\u001b[22m\n\nExpected number of calls: \u001b[32m0\u001b[39m\nReceived number of calls: \u001b[31m1\u001b[39m\n\n1: \u001b[31m\"No Internet Connection\"\u001b[39m, \u001b[31m\"Please check your internet connection and try again.\"\u001b[39m, \u001b[31m[{\"style\": \"cancel\", \"text\": \"OK\"}]\u001b[39m\n    at Object.toHaveBeenCalled (D:\\4. FitFaster\\fitfaster\\src\\__tests__\\hooks\\useConnectionAlert.test.ts:100:29)\n    at Generator.next (<anonymous>)\n    at asyncGeneratorStep (D:\\4. FitFaster\\fitfaster\\node_modules\\@babel\\runtime\\helpers\\asyncToGenerator.js:3:17)\n    at _next (D:\\4. FitFaster\\fitfaster\\node_modules\\@babel\\runtime\\helpers\\asyncToGenerator.js:17:9)"],"fullName":"useConnectionAlert handles connection state changes","invocations":1,"location":null,"numPassingAsserts":2,"retryReasons":[],"status":"failed","title":"handles connection state changes"}],"endTime":1730754323085,"message":"\u001b[1m\u001b[31m  \u001b[1m● \u001b[22m\u001b[1museConnectionAlert › handles connection state changes\u001b[39m\u001b[22m\n\n    \u001b[2mexpect(\u001b[22m\u001b[31mjest.fn()\u001b[39m\u001b[2m).\u001b[22mnot\u001b[2m.\u001b[22mtoHaveBeenCalled\u001b[2m()\u001b[22m\n\n    Expected number of calls: \u001b[32m0\u001b[39m\n    Received number of calls: \u001b[31m1\u001b[39m\n\n    1: \u001b[31m\"No Internet Connection\"\u001b[39m, \u001b[31m\"Please check your internet connection and try again.\"\u001b[39m, \u001b[31m[{\"style\": \"cancel\", \"text\": \"OK\"}]\u001b[39m\n\u001b[2m\u001b[22m\n\u001b[2m    \u001b[0m \u001b[90m  98 |\u001b[39m     })\u001b[33m;\u001b[39m\u001b[22m\n\u001b[2m     \u001b[90m  99 |\u001b[39m\u001b[22m\n\u001b[2m    \u001b[31m\u001b[1m>\u001b[22m\u001b[2m\u001b[39m\u001b[90m 100 |\u001b[39m     expect(\u001b[33mAlert\u001b[39m\u001b[33m.\u001b[39malert)\u001b[33m.\u001b[39mnot\u001b[33m.\u001b[39mtoHaveBeenCalled()\u001b[33m;\u001b[39m\u001b[22m\n\u001b[2m     \u001b[90m     |\u001b[39m                             \u001b[31m\u001b[1m^\u001b[22m\u001b[2m\u001b[39m\u001b[22m\n\u001b[2m     \u001b[90m 101 |\u001b[39m     expect(mockAction)\u001b[33m.\u001b[39mtoHaveBeenCalled()\u001b[33m;\u001b[39m\u001b[22m\n\u001b[2m     \u001b[90m 102 |\u001b[39m   })\u001b[33m;\u001b[39m\u001b[22m\n\u001b[2m     \u001b[90m 103 |\u001b[39m })\u001b[33m;\u001b[39m\u001b[0m\u001b[22m\n\u001b[2m\u001b[22m\n\u001b[2m      \u001b[2mat Object.toHaveBeenCalled (\u001b[22m\u001b[2m\u001b[0m\u001b[36msrc/__tests__/hooks/useConnectionAlert.test.ts\u001b[39m\u001b[0m\u001b[2m:100:29)\u001b[22m\u001b[2m\u001b[22m\n\u001b[2m      \u001b[2mat asyncGeneratorStep (\u001b[22m\u001b[2mnode_modules/@babel/runtime/helpers/asyncToGenerator.js\u001b[2m:3:17)\u001b[22m\u001b[2m\u001b[22m\n\u001b[2m      \u001b[2mat _next (\u001b[22m\u001b[2mnode_modules/@babel/runtime/helpers/asyncToGenerator.js\u001b[2m:17:9)\u001b[22m\u001b[2m\u001b[22m\n","name":"D:\\4. FitFaster\\fitfaster\\src\\__tests__\\hooks\\useConnectionAlert.test.ts","startTime":1730754320811,"status":"failed","summary":""},{"assertionResults":[{"ancestorTitles":["AuthStore","initialize"],"duration":4,"failureDetails":[],"failureMessages":[],"fullName":"AuthStore initialize should initialize the store with current session","invocations":1,"location":null,"numPassingAsserts":4,"retryReasons":[],"status":"passed","title":"should initialize the store with current session"},{"ancestorTitles":["AuthStore","initialize"],"duration":0,"failureDetails":[],"failureMessages":[],"fullName":"AuthStore initialize should handle initialization error","invocations":1,"location":null,"numPassingAsserts":2,"retryReasons":[],"status":"passed","title":"should handle initialization error"},{"ancestorTitles":["AuthStore","signIn"],"duration":4,"failureDetails":[{"matcherResult":{"expected":"token","message":"\u001b[2mexpect(\u001b[22m\u001b[31mreceived\u001b[39m\u001b[2m).\u001b[22mtoBe\u001b[2m(\u001b[22m\u001b[32mexpected\u001b[39m\u001b[2m) // Object.is equality\u001b[22m\n\nExpected: \u001b[32m\"token\"\u001b[39m\nReceived: \u001b[31mundefined\u001b[39m","name":"toBe","pass":false}}],"failureMessages":["Error: \u001b[2mexpect(\u001b[22m\u001b[31mreceived\u001b[39m\u001b[2m).\u001b[22mtoBe\u001b[2m(\u001b[22m\u001b[32mexpected\u001b[39m\u001b[2m) // Object.is equality\u001b[22m\n\nExpected: \u001b[32m\"token\"\u001b[39m\nReceived: \u001b[31mundefined\u001b[39m\n    at Object.toBe (D:\\4. FitFaster\\fitfaster\\src\\__tests__\\store\\auth.store.test.ts:76:44)\n    at Generator.next (<anonymous>)\n    at asyncGeneratorStep (D:\\4. FitFaster\\fitfaster\\node_modules\\@babel\\runtime\\helpers\\asyncToGenerator.js:3:17)\n    at _next (D:\\4. FitFaster\\fitfaster\\node_modules\\@babel\\runtime\\helpers\\asyncToGenerator.js:17:9)\n    at processTicksAndRejections (node:internal/process/task_queues:95:5)"],"fullName":"AuthStore signIn should sign in user successfully","invocations":1,"location":null,"numPassingAsserts":1,"retryReasons":[],"status":"failed","title":"should sign in user successfully"},{"ancestorTitles":["AuthStore","signIn"],"duration":1,"failureDetails":[],"failureMessages":[],"fullName":"AuthStore signIn should handle sign in error","invocations":1,"location":null,"numPassingAsserts":4,"retryReasons":[],"status":"passed","title":"should handle sign in error"},{"ancestorTitles":["AuthStore","signUp"],"duration":0,"failureDetails":[],"failureMessages":[],"fullName":"AuthStore signUp should sign up user successfully","invocations":1,"location":null,"numPassingAsserts":5,"retryReasons":[],"status":"passed","title":"should sign up user successfully"},{"ancestorTitles":["AuthStore","signUp"],"duration":1,"failureDetails":[],"failureMessages":[],"fullName":"AuthStore signUp should handle sign up error","invocations":1,"location":null,"numPassingAsserts":4,"retryReasons":[],"status":"passed","title":"should handle sign up error"},{"ancestorTitles":["AuthStore","signOut"],"duration":2,"failureDetails":[],"failureMessages":[],"fullName":"AuthStore signOut should sign out user successfully","invocations":1,"location":null,"numPassingAsserts":3,"retryReasons":[],"status":"passed","title":"should sign out user successfully"},{"ancestorTitles":["AuthStore","signOut"],"duration":1,"failureDetails":[],"failureMessages":[],"fullName":"AuthStore signOut should handle sign out error","invocations":1,"location":null,"numPassingAsserts":2,"retryReasons":[],"status":"passed","title":"should handle sign out error"},{"ancestorTitles":["AuthStore","resetPassword"],"duration":3,"failureDetails":[],"failureMessages":[],"fullName":"AuthStore resetPassword should reset password successfully","invocations":1,"location":null,"numPassingAsserts":2,"retryReasons":[],"status":"passed","title":"should reset password successfully"},{"ancestorTitles":["AuthStore","resetPassword"],"duration":1,"failureDetails":[],"failureMessages":[],"fullName":"AuthStore resetPassword should handle reset password error","invocations":1,"location":null,"numPassingAsserts":2,"retryReasons":[],"status":"passed","title":"should handle reset password error"}],"endTime":1730754323129,"message":"\u001b[1m\u001b[31m  \u001b[1m● \u001b[22m\u001b[1mAuthStore › signIn › should sign in user successfully\u001b[39m\u001b[22m\n\n    \u001b[2mexpect(\u001b[22m\u001b[31mreceived\u001b[39m\u001b[2m).\u001b[22mtoBe\u001b[2m(\u001b[22m\u001b[32mexpected\u001b[39m\u001b[2m) // Object.is equality\u001b[22m\n\n    Expected: \u001b[32m\"token\"\u001b[39m\n    Received: \u001b[31mundefined\u001b[39m\n\u001b[2m\u001b[22m\n\u001b[2m    \u001b[0m \u001b[90m 74 |\u001b[39m\u001b[22m\n\u001b[2m     \u001b[90m 75 |\u001b[39m       expect(result\u001b[33m.\u001b[39msession)\u001b[33m.\u001b[39mtoBeDefined()\u001b[33m;\u001b[39m\u001b[22m\n\u001b[2m    \u001b[31m\u001b[1m>\u001b[22m\u001b[2m\u001b[39m\u001b[90m 76 |\u001b[39m       expect(result\u001b[33m.\u001b[39msession\u001b[33m?\u001b[39m\u001b[33m.\u001b[39maccess_token)\u001b[33m.\u001b[39mtoBe(mockSession\u001b[33m.\u001b[39maccess_token)\u001b[33m;\u001b[39m\u001b[22m\n\u001b[2m     \u001b[90m    |\u001b[39m                                            \u001b[31m\u001b[1m^\u001b[22m\u001b[2m\u001b[39m\u001b[22m\n\u001b[2m     \u001b[90m 77 |\u001b[39m       \u001b[36mconst\u001b[39m state \u001b[33m=\u001b[39m useAuthStore\u001b[33m.\u001b[39mgetState()\u001b[33m;\u001b[39m\u001b[22m\n\u001b[2m     \u001b[90m 78 |\u001b[39m       expect(state\u001b[33m.\u001b[39msession\u001b[33m?\u001b[39m\u001b[33m.\u001b[39maccess_token)\u001b[33m.\u001b[39mtoBe(mockSession\u001b[33m.\u001b[39maccess_token)\u001b[33m;\u001b[39m\u001b[22m\n\u001b[2m     \u001b[90m 79 |\u001b[39m       expect(state\u001b[33m.\u001b[39merror)\u001b[33m.\u001b[39mtoBeNull()\u001b[33m;\u001b[39m\u001b[0m\u001b[22m\n\u001b[2m\u001b[22m\n\u001b[2m      \u001b[2mat Object.toBe (\u001b[22m\u001b[2m\u001b[0m\u001b[36msrc/__tests__/store/auth.store.test.ts\u001b[39m\u001b[0m\u001b[2m:76:44)\u001b[22m\u001b[2m\u001b[22m\n\u001b[2m      \u001b[2mat asyncGeneratorStep (\u001b[22m\u001b[2mnode_modules/@babel/runtime/helpers/asyncToGenerator.js\u001b[2m:3:17)\u001b[22m\u001b[2m\u001b[22m\n\u001b[2m      \u001b[2mat _next (\u001b[22m\u001b[2mnode_modules/@babel/runtime/helpers/asyncToGenerator.js\u001b[2m:17:9)\u001b[22m\u001b[2m\u001b[22m\n","name":"D:\\4. FitFaster\\fitfaster\\src\\__tests__\\store\\auth.store.test.ts","startTime":1730754322818,"status":"failed","summary":""},{"assertionResults":[{"ancestorTitles":["useOnboardingAnalytics"],"duration":125,"failureDetails":[{}],"failureMessages":["ReferenceError: startStep is not defined\n    at startStep (D:\\4. FitFaster\\fitfaster\\src\\hooks\\useOnboardingAnalytics.ts:27:5)\n    at D:\\4. FitFaster\\fitfaster\\src\\__tests__\\hooks\\useOnboardingAnalytics.test.ts:27:63\n    at renderCallback (D:\\4. FitFaster\\fitfaster\\node_modules\\@testing-library\\react-native\\src\\render-hook.tsx:26:26)\n    at renderWithHooks (D:\\4. FitFaster\\fitfaster\\node_modules\\react-test-renderer\\cjs\\react-test-renderer.development.js:6351:18)\n    at mountIndeterminateComponent (D:\\4. FitFaster\\fitfaster\\node_modules\\react-test-renderer\\cjs\\react-test-renderer.development.js:9855:13)\n    at beginWork (D:\\4. FitFaster\\fitfaster\\node_modules\\react-test-renderer\\cjs\\react-test-renderer.development.js:11312:16)\n    at performUnitOfWork (D:\\4. FitFaster\\fitfaster\\node_modules\\react-test-renderer\\cjs\\react-test-renderer.development.js:15811:12)\n    at workLoopSync (D:\\4. FitFaster\\fitfaster\\node_modules\\react-test-renderer\\cjs\\react-test-renderer.development.js:15745:5)\n    at renderRootSync (D:\\4. FitFaster\\fitfaster\\node_modules\\react-test-renderer\\cjs\\react-test-renderer.development.js:15717:7)\n    at performSyncWorkOnRoot (D:\\4. FitFaster\\fitfaster\\node_modules\\react-test-renderer\\cjs\\react-test-renderer.development.js:15422:20)\n    at flushSyncCallbacks (D:\\4. FitFaster\\fitfaster\\node_modules\\react-test-renderer\\cjs\\react-test-renderer.development.js:2597:22)\n    at flushActQueue (D:\\4. FitFaster\\fitfaster\\node_modules\\react\\cjs\\react.development.js:2667:24)\n    at act (D:\\4. FitFaster\\fitfaster\\node_modules\\react\\cjs\\react.development.js:2521:11)\n    at actImplementation (D:\\4. FitFaster\\fitfaster\\node_modules\\@testing-library\\react-native\\src\\act.ts:30:25)\n    at renderWithAct (D:\\4. FitFaster\\fitfaster\\node_modules\\@testing-library\\react-native\\src\\render-act.ts:12:11)\n    at renderInternal (D:\\4. FitFaster\\fitfaster\\node_modules\\@testing-library\\react-native\\src\\render.tsx:81:33)\n    at renderHook (D:\\4. FitFaster\\fitfaster\\node_modules\\@testing-library\\react-native\\src\\render-hook.tsx:35:61)\n    at Object.<anonymous> (D:\\4. FitFaster\\fitfaster\\src\\__tests__\\hooks\\useOnboardingAnalytics.test.ts:27:34)\n    at Generator.next (<anonymous>)\n    at asyncGeneratorStep (D:\\4. FitFaster\\fitfaster\\node_modules\\@babel\\runtime\\helpers\\asyncToGenerator.js:3:17)\n    at _next (D:\\4. FitFaster\\fitfaster\\node_modules\\@babel\\runtime\\helpers\\asyncToGenerator.js:17:9)\n    at D:\\4. FitFaster\\fitfaster\\node_modules\\@babel\\runtime\\helpers\\asyncToGenerator.js:22:7\n    at new Promise (<anonymous>)\n    at Object.<anonymous> (D:\\4. FitFaster\\fitfaster\\node_modules\\@babel\\runtime\\helpers\\asyncToGenerator.js:14:12)\n    at Promise.then.completed (D:\\4. FitFaster\\fitfaster\\node_modules\\jest-circus\\build\\utils.js:298:28)\n    at new Promise (<anonymous>)\n    at callAsyncCircusFn (D:\\4. FitFaster\\fitfaster\\node_modules\\jest-circus\\build\\utils.js:231:10)\n    at _callCircusTest (D:\\4. FitFaster\\fitfaster\\node_modules\\jest-circus\\build\\run.js:316:40)\n    at processTicksAndRejections (node:internal/process/task_queues:95:5)\n    at _runTest (D:\\4. FitFaster\\fitfaster\\node_modules\\jest-circus\\build\\run.js:252:3)\n    at _runTestsForDescribeBlock (D:\\4. FitFaster\\fitfaster\\node_modules\\jest-circus\\build\\run.js:126:9)\n    at _runTestsForDescribeBlock (D:\\4. FitFaster\\fitfaster\\node_modules\\jest-circus\\build\\run.js:121:9)\n    at run (D:\\4. FitFaster\\fitfaster\\node_modules\\jest-circus\\build\\run.js:71:3)\n    at runAndTransformResultsToJestFormat (D:\\4. FitFaster\\fitfaster\\node_modules\\jest-circus\\build\\legacy-code-todo-rewrite\\jestAdapterInit.js:122:21)\n    at jestAdapter (D:\\4. FitFaster\\fitfaster\\node_modules\\jest-circus\\build\\legacy-code-todo-rewrite\\jestAdapter.js:79:19)\n    at runTestInternal (D:\\4. FitFaster\\fitfaster\\node_modules\\jest-runner\\build\\runTest.js:367:16)\n    at runTest (D:\\4. FitFaster\\fitfaster\\node_modules\\jest-runner\\build\\runTest.js:444:34)\n    at Object.worker (D:\\4. FitFaster\\fitfaster\\node_modules\\jest-runner\\build\\testWorker.js:106:12)"],"fullName":"useOnboardingAnalytics tracks onboarding start","invocations":1,"location":null,"numPassingAsserts":0,"retryReasons":[],"status":"failed","title":"tracks onboarding start"},{"ancestorTitles":["useOnboardingAnalytics"],"duration":20,"failureDetails":[{}],"failureMessages":["ReferenceError: startStep is not defined\n    at startStep (D:\\4. FitFaster\\fitfaster\\src\\hooks\\useOnboardingAnalytics.ts:27:5)\n    at D:\\4. FitFaster\\fitfaster\\src\\__tests__\\hooks\\useOnboardingAnalytics.test.ts:37:63\n    at renderCallback (D:\\4. FitFaster\\fitfaster\\node_modules\\@testing-library\\react-native\\src\\render-hook.tsx:26:26)\n    at renderWithHooks (D:\\4. FitFaster\\fitfaster\\node_modules\\react-test-renderer\\cjs\\react-test-renderer.development.js:6351:18)\n    at mountIndeterminateComponent (D:\\4. FitFaster\\fitfaster\\node_modules\\react-test-renderer\\cjs\\react-test-renderer.development.js:9855:13)\n    at beginWork (D:\\4. FitFaster\\fitfaster\\node_modules\\react-test-renderer\\cjs\\react-test-renderer.development.js:11312:16)\n    at performUnitOfWork (D:\\4. FitFaster\\fitfaster\\node_modules\\react-test-renderer\\cjs\\react-test-renderer.development.js:15811:12)\n    at workLoopSync (D:\\4. FitFaster\\fitfaster\\node_modules\\react-test-renderer\\cjs\\react-test-renderer.development.js:15745:5)\n    at renderRootSync (D:\\4. FitFaster\\fitfaster\\node_modules\\react-test-renderer\\cjs\\react-test-renderer.development.js:15717:7)\n    at performSyncWorkOnRoot (D:\\4. FitFaster\\fitfaster\\node_modules\\react-test-renderer\\cjs\\react-test-renderer.development.js:15422:20)\n    at flushSyncCallbacks (D:\\4. FitFaster\\fitfaster\\node_modules\\react-test-renderer\\cjs\\react-test-renderer.development.js:2597:22)\n    at flushActQueue (D:\\4. FitFaster\\fitfaster\\node_modules\\react\\cjs\\react.development.js:2667:24)\n    at act (D:\\4. FitFaster\\fitfaster\\node_modules\\react\\cjs\\react.development.js:2521:11)\n    at actImplementation (D:\\4. FitFaster\\fitfaster\\node_modules\\@testing-library\\react-native\\src\\act.ts:30:25)\n    at renderWithAct (D:\\4. FitFaster\\fitfaster\\node_modules\\@testing-library\\react-native\\src\\render-act.ts:12:11)\n    at renderInternal (D:\\4. FitFaster\\fitfaster\\node_modules\\@testing-library\\react-native\\src\\render.tsx:81:33)\n    at renderHook (D:\\4. FitFaster\\fitfaster\\node_modules\\@testing-library\\react-native\\src\\render-hook.tsx:35:61)\n    at Object.<anonymous> (D:\\4. FitFaster\\fitfaster\\src\\__tests__\\hooks\\useOnboardingAnalytics.test.ts:37:34)\n    at Generator.next (<anonymous>)\n    at asyncGeneratorStep (D:\\4. FitFaster\\fitfaster\\node_modules\\@babel\\runtime\\helpers\\asyncToGenerator.js:3:17)\n    at _next (D:\\4. FitFaster\\fitfaster\\node_modules\\@babel\\runtime\\helpers\\asyncToGenerator.js:17:9)\n    at D:\\4. FitFaster\\fitfaster\\node_modules\\@babel\\runtime\\helpers\\asyncToGenerator.js:22:7\n    at new Promise (<anonymous>)\n    at Object.<anonymous> (D:\\4. FitFaster\\fitfaster\\node_modules\\@babel\\runtime\\helpers\\asyncToGenerator.js:14:12)\n    at Promise.then.completed (D:\\4. FitFaster\\fitfaster\\node_modules\\jest-circus\\build\\utils.js:298:28)\n    at new Promise (<anonymous>)\n    at callAsyncCircusFn (D:\\4. FitFaster\\fitfaster\\node_modules\\jest-circus\\build\\utils.js:231:10)\n    at _callCircusTest (D:\\4. FitFaster\\fitfaster\\node_modules\\jest-circus\\build\\run.js:316:40)\n    at _runTest (D:\\4. FitFaster\\fitfaster\\node_modules\\jest-circus\\build\\run.js:252:3)\n    at _runTestsForDescribeBlock (D:\\4. FitFaster\\fitfaster\\node_modules\\jest-circus\\build\\run.js:126:9)\n    at _runTestsForDescribeBlock (D:\\4. FitFaster\\fitfaster\\node_modules\\jest-circus\\build\\run.js:121:9)\n    at run (D:\\4. FitFaster\\fitfaster\\node_modules\\jest-circus\\build\\run.js:71:3)\n    at runAndTransformResultsToJestFormat (D:\\4. FitFaster\\fitfaster\\node_modules\\jest-circus\\build\\legacy-code-todo-rewrite\\jestAdapterInit.js:122:21)\n    at jestAdapter (D:\\4. FitFaster\\fitfaster\\node_modules\\jest-circus\\build\\legacy-code-todo-rewrite\\jestAdapter.js:79:19)\n    at runTestInternal (D:\\4. FitFaster\\fitfaster\\node_modules\\jest-runner\\build\\runTest.js:367:16)\n    at runTest (D:\\4. FitFaster\\fitfaster\\node_modules\\jest-runner\\build\\runTest.js:444:34)\n    at Object.worker (D:\\4. FitFaster\\fitfaster\\node_modules\\jest-runner\\build\\testWorker.js:106:12)"],"fullName":"useOnboardingAnalytics tracks step time when changing steps","invocations":1,"location":null,"numPassingAsserts":0,"retryReasons":[],"status":"failed","title":"tracks step time when changing steps"},{"ancestorTitles":["useOnboardingAnalytics"],"duration":43,"failureDetails":[{}],"failureMessages":["ReferenceError: startStep is not defined\n    at startStep (D:\\4. FitFaster\\fitfaster\\src\\hooks\\useOnboardingAnalytics.ts:27:5)\n    at D:\\4. FitFaster\\fitfaster\\src\\__tests__\\hooks\\useOnboardingAnalytics.test.ts:59:63\n    at renderCallback (D:\\4. FitFaster\\fitfaster\\node_modules\\@testing-library\\react-native\\src\\render-hook.tsx:26:26)\n    at renderWithHooks (D:\\4. FitFaster\\fitfaster\\node_modules\\react-test-renderer\\cjs\\react-test-renderer.development.js:6351:18)\n    at mountIndeterminateComponent (D:\\4. FitFaster\\fitfaster\\node_modules\\react-test-renderer\\cjs\\react-test-renderer.development.js:9855:13)\n    at beginWork (D:\\4. FitFaster\\fitfaster\\node_modules\\react-test-renderer\\cjs\\react-test-renderer.development.js:11312:16)\n    at performUnitOfWork (D:\\4. FitFaster\\fitfaster\\node_modules\\react-test-renderer\\cjs\\react-test-renderer.development.js:15811:12)\n    at workLoopSync (D:\\4. FitFaster\\fitfaster\\node_modules\\react-test-renderer\\cjs\\react-test-renderer.development.js:15745:5)\n    at renderRootSync (D:\\4. FitFaster\\fitfaster\\node_modules\\react-test-renderer\\cjs\\react-test-renderer.development.js:15717:7)\n    at performSyncWorkOnRoot (D:\\4. FitFaster\\fitfaster\\node_modules\\react-test-renderer\\cjs\\react-test-renderer.development.js:15422:20)\n    at flushSyncCallbacks (D:\\4. FitFaster\\fitfaster\\node_modules\\react-test-renderer\\cjs\\react-test-renderer.development.js:2597:22)\n    at flushActQueue (D:\\4. FitFaster\\fitfaster\\node_modules\\react\\cjs\\react.development.js:2667:24)\n    at act (D:\\4. FitFaster\\fitfaster\\node_modules\\react\\cjs\\react.development.js:2521:11)\n    at actImplementation (D:\\4. FitFaster\\fitfaster\\node_modules\\@testing-library\\react-native\\src\\act.ts:30:25)\n    at renderWithAct (D:\\4. FitFaster\\fitfaster\\node_modules\\@testing-library\\react-native\\src\\render-act.ts:12:11)\n    at renderInternal (D:\\4. FitFaster\\fitfaster\\node_modules\\@testing-library\\react-native\\src\\render.tsx:81:33)\n    at renderHook (D:\\4. FitFaster\\fitfaster\\node_modules\\@testing-library\\react-native\\src\\render-hook.tsx:35:61)\n    at Object.<anonymous> (D:\\4. FitFaster\\fitfaster\\src\\__tests__\\hooks\\useOnboardingAnalytics.test.ts:59:34)\n    at Generator.next (<anonymous>)\n    at asyncGeneratorStep (D:\\4. FitFaster\\fitfaster\\node_modules\\@babel\\runtime\\helpers\\asyncToGenerator.js:3:17)\n    at _next (D:\\4. FitFaster\\fitfaster\\node_modules\\@babel\\runtime\\helpers\\asyncToGenerator.js:17:9)\n    at D:\\4. FitFaster\\fitfaster\\node_modules\\@babel\\runtime\\helpers\\asyncToGenerator.js:22:7\n    at new Promise (<anonymous>)\n    at Object.<anonymous> (D:\\4. FitFaster\\fitfaster\\node_modules\\@babel\\runtime\\helpers\\asyncToGenerator.js:14:12)\n    at Promise.then.completed (D:\\4. FitFaster\\fitfaster\\node_modules\\jest-circus\\build\\utils.js:298:28)\n    at new Promise (<anonymous>)\n    at callAsyncCircusFn (D:\\4. FitFaster\\fitfaster\\node_modules\\jest-circus\\build\\utils.js:231:10)\n    at _callCircusTest (D:\\4. FitFaster\\fitfaster\\node_modules\\jest-circus\\build\\run.js:316:40)\n    at _runTest (D:\\4. FitFaster\\fitfaster\\node_modules\\jest-circus\\build\\run.js:252:3)\n    at _runTestsForDescribeBlock (D:\\4. FitFaster\\fitfaster\\node_modules\\jest-circus\\build\\run.js:126:9)\n    at _runTestsForDescribeBlock (D:\\4. FitFaster\\fitfaster\\node_modules\\jest-circus\\build\\run.js:121:9)\n    at run (D:\\4. FitFaster\\fitfaster\\node_modules\\jest-circus\\build\\run.js:71:3)\n    at runAndTransformResultsToJestFormat (D:\\4. FitFaster\\fitfaster\\node_modules\\jest-circus\\build\\legacy-code-todo-rewrite\\jestAdapterInit.js:122:21)\n    at jestAdapter (D:\\4. FitFaster\\fitfaster\\node_modules\\jest-circus\\build\\legacy-code-todo-rewrite\\jestAdapter.js:79:19)\n    at runTestInternal (D:\\4. FitFaster\\fitfaster\\node_modules\\jest-runner\\build\\runTest.js:367:16)\n    at runTest (D:\\4. FitFaster\\fitfaster\\node_modules\\jest-runner\\build\\runTest.js:444:34)\n    at Object.worker (D:\\4. FitFaster\\fitfaster\\node_modules\\jest-runner\\build\\testWorker.js:106:12)"],"fullName":"useOnboardingAnalytics tracks health metrics submission","invocations":1,"location":null,"numPassingAsserts":0,"retryReasons":[],"status":"failed","title":"tracks health metrics submission"},{"ancestorTitles":["useOnboardingAnalytics"],"duration":87,"failureDetails":[{}],"failureMessages":["ReferenceError: startStep is not defined\n    at startStep (D:\\4. FitFaster\\fitfaster\\src\\hooks\\useOnboardingAnalytics.ts:27:5)\n    at D:\\4. FitFaster\\fitfaster\\src\\__tests__\\hooks\\useOnboardingAnalytics.test.ts:87:63\n    at renderCallback (D:\\4. FitFaster\\fitfaster\\node_modules\\@testing-library\\react-native\\src\\render-hook.tsx:26:26)\n    at renderWithHooks (D:\\4. FitFaster\\fitfaster\\node_modules\\react-test-renderer\\cjs\\react-test-renderer.development.js:6351:18)\n    at mountIndeterminateComponent (D:\\4. FitFaster\\fitfaster\\node_modules\\react-test-renderer\\cjs\\react-test-renderer.development.js:9855:13)\n    at beginWork (D:\\4. FitFaster\\fitfaster\\node_modules\\react-test-renderer\\cjs\\react-test-renderer.development.js:11312:16)\n    at performUnitOfWork (D:\\4. FitFaster\\fitfaster\\node_modules\\react-test-renderer\\cjs\\react-test-renderer.development.js:15811:12)\n    at workLoopSync (D:\\4. FitFaster\\fitfaster\\node_modules\\react-test-renderer\\cjs\\react-test-renderer.development.js:15745:5)\n    at renderRootSync (D:\\4. FitFaster\\fitfaster\\node_modules\\react-test-renderer\\cjs\\react-test-renderer.development.js:15717:7)\n    at performSyncWorkOnRoot (D:\\4. FitFaster\\fitfaster\\node_modules\\react-test-renderer\\cjs\\react-test-renderer.development.js:15422:20)\n    at flushSyncCallbacks (D:\\4. FitFaster\\fitfaster\\node_modules\\react-test-renderer\\cjs\\react-test-renderer.development.js:2597:22)\n    at flushActQueue (D:\\4. FitFaster\\fitfaster\\node_modules\\react\\cjs\\react.development.js:2667:24)\n    at act (D:\\4. FitFaster\\fitfaster\\node_modules\\react\\cjs\\react.development.js:2521:11)\n    at actImplementation (D:\\4. FitFaster\\fitfaster\\node_modules\\@testing-library\\react-native\\src\\act.ts:30:25)\n    at renderWithAct (D:\\4. FitFaster\\fitfaster\\node_modules\\@testing-library\\react-native\\src\\render-act.ts:12:11)\n    at renderInternal (D:\\4. FitFaster\\fitfaster\\node_modules\\@testing-library\\react-native\\src\\render.tsx:81:33)\n    at renderHook (D:\\4. FitFaster\\fitfaster\\node_modules\\@testing-library\\react-native\\src\\render-hook.tsx:35:61)\n    at Object.<anonymous> (D:\\4. FitFaster\\fitfaster\\src\\__tests__\\hooks\\useOnboardingAnalytics.test.ts:87:34)\n    at Generator.next (<anonymous>)\n    at asyncGeneratorStep (D:\\4. FitFaster\\fitfaster\\node_modules\\@babel\\runtime\\helpers\\asyncToGenerator.js:3:17)\n    at _next (D:\\4. FitFaster\\fitfaster\\node_modules\\@babel\\runtime\\helpers\\asyncToGenerator.js:17:9)\n    at D:\\4. FitFaster\\fitfaster\\node_modules\\@babel\\runtime\\helpers\\asyncToGenerator.js:22:7\n    at new Promise (<anonymous>)\n    at Object.<anonymous> (D:\\4. FitFaster\\fitfaster\\node_modules\\@babel\\runtime\\helpers\\asyncToGenerator.js:14:12)\n    at Promise.then.completed (D:\\4. FitFaster\\fitfaster\\node_modules\\jest-circus\\build\\utils.js:298:28)\n    at new Promise (<anonymous>)\n    at callAsyncCircusFn (D:\\4. FitFaster\\fitfaster\\node_modules\\jest-circus\\build\\utils.js:231:10)\n    at _callCircusTest (D:\\4. FitFaster\\fitfaster\\node_modules\\jest-circus\\build\\run.js:316:40)\n    at _runTest (D:\\4. FitFaster\\fitfaster\\node_modules\\jest-circus\\build\\run.js:252:3)\n    at _runTestsForDescribeBlock (D:\\4. FitFaster\\fitfaster\\node_modules\\jest-circus\\build\\run.js:126:9)\n    at _runTestsForDescribeBlock (D:\\4. FitFaster\\fitfaster\\node_modules\\jest-circus\\build\\run.js:121:9)\n    at run (D:\\4. FitFaster\\fitfaster\\node_modules\\jest-circus\\build\\run.js:71:3)\n    at runAndTransformResultsToJestFormat (D:\\4. FitFaster\\fitfaster\\node_modules\\jest-circus\\build\\legacy-code-todo-rewrite\\jestAdapterInit.js:122:21)\n    at jestAdapter (D:\\4. FitFaster\\fitfaster\\node_modules\\jest-circus\\build\\legacy-code-todo-rewrite\\jestAdapter.js:79:19)\n    at runTestInternal (D:\\4. FitFaster\\fitfaster\\node_modules\\jest-runner\\build\\runTest.js:367:16)\n    at runTest (D:\\4. FitFaster\\fitfaster\\node_modules\\jest-runner\\build\\runTest.js:444:34)\n    at Object.worker (D:\\4. FitFaster\\fitfaster\\node_modules\\jest-runner\\build\\testWorker.js:106:12)"],"fullName":"useOnboardingAnalytics tracks validation errors","invocations":1,"location":null,"numPassingAsserts":0,"retryReasons":[],"status":"failed","title":"tracks validation errors"},{"ancestorTitles":["useOnboardingAnalytics"],"duration":18,"failureDetails":[{}],"failureMessages":["ReferenceError: startStep is not defined\n    at startStep (D:\\4. FitFaster\\fitfaster\\src\\hooks\\useOnboardingAnalytics.ts:27:5)\n    at D:\\4. FitFaster\\fitfaster\\src\\__tests__\\hooks\\useOnboardingAnalytics.test.ts:104:63\n    at renderCallback (D:\\4. FitFaster\\fitfaster\\node_modules\\@testing-library\\react-native\\src\\render-hook.tsx:26:26)\n    at renderWithHooks (D:\\4. FitFaster\\fitfaster\\node_modules\\react-test-renderer\\cjs\\react-test-renderer.development.js:6351:18)\n    at mountIndeterminateComponent (D:\\4. FitFaster\\fitfaster\\node_modules\\react-test-renderer\\cjs\\react-test-renderer.development.js:9855:13)\n    at beginWork (D:\\4. FitFaster\\fitfaster\\node_modules\\react-test-renderer\\cjs\\react-test-renderer.development.js:11312:16)\n    at performUnitOfWork (D:\\4. FitFaster\\fitfaster\\node_modules\\react-test-renderer\\cjs\\react-test-renderer.development.js:15811:12)\n    at workLoopSync (D:\\4. FitFaster\\fitfaster\\node_modules\\react-test-renderer\\cjs\\react-test-renderer.development.js:15745:5)\n    at renderRootSync (D:\\4. FitFaster\\fitfaster\\node_modules\\react-test-renderer\\cjs\\react-test-renderer.development.js:15717:7)\n    at performSyncWorkOnRoot (D:\\4. FitFaster\\fitfaster\\node_modules\\react-test-renderer\\cjs\\react-test-renderer.development.js:15422:20)\n    at flushSyncCallbacks (D:\\4. FitFaster\\fitfaster\\node_modules\\react-test-renderer\\cjs\\react-test-renderer.development.js:2597:22)\n    at flushActQueue (D:\\4. FitFaster\\fitfaster\\node_modules\\react\\cjs\\react.development.js:2667:24)\n    at act (D:\\4. FitFaster\\fitfaster\\node_modules\\react\\cjs\\react.development.js:2521:11)\n    at actImplementation (D:\\4. FitFaster\\fitfaster\\node_modules\\@testing-library\\react-native\\src\\act.ts:30:25)\n    at renderWithAct (D:\\4. FitFaster\\fitfaster\\node_modules\\@testing-library\\react-native\\src\\render-act.ts:12:11)\n    at renderInternal (D:\\4. FitFaster\\fitfaster\\node_modules\\@testing-library\\react-native\\src\\render.tsx:81:33)\n    at renderHook (D:\\4. FitFaster\\fitfaster\\node_modules\\@testing-library\\react-native\\src\\render-hook.tsx:35:61)\n    at Object.<anonymous> (D:\\4. FitFaster\\fitfaster\\src\\__tests__\\hooks\\useOnboardingAnalytics.test.ts:104:34)\n    at Generator.next (<anonymous>)\n    at asyncGeneratorStep (D:\\4. FitFaster\\fitfaster\\node_modules\\@babel\\runtime\\helpers\\asyncToGenerator.js:3:17)\n    at _next (D:\\4. FitFaster\\fitfaster\\node_modules\\@babel\\runtime\\helpers\\asyncToGenerator.js:17:9)\n    at D:\\4. FitFaster\\fitfaster\\node_modules\\@babel\\runtime\\helpers\\asyncToGenerator.js:22:7\n    at new Promise (<anonymous>)\n    at Object.<anonymous> (D:\\4. FitFaster\\fitfaster\\node_modules\\@babel\\runtime\\helpers\\asyncToGenerator.js:14:12)\n    at Promise.then.completed (D:\\4. FitFaster\\fitfaster\\node_modules\\jest-circus\\build\\utils.js:298:28)\n    at new Promise (<anonymous>)\n    at callAsyncCircusFn (D:\\4. FitFaster\\fitfaster\\node_modules\\jest-circus\\build\\utils.js:231:10)\n    at _callCircusTest (D:\\4. FitFaster\\fitfaster\\node_modules\\jest-circus\\build\\run.js:316:40)\n    at _runTest (D:\\4. FitFaster\\fitfaster\\node_modules\\jest-circus\\build\\run.js:252:3)\n    at _runTestsForDescribeBlock (D:\\4. FitFaster\\fitfaster\\node_modules\\jest-circus\\build\\run.js:126:9)\n    at _runTestsForDescribeBlock (D:\\4. FitFaster\\fitfaster\\node_modules\\jest-circus\\build\\run.js:121:9)\n    at run (D:\\4. FitFaster\\fitfaster\\node_modules\\jest-circus\\build\\run.js:71:3)\n    at runAndTransformResultsToJestFormat (D:\\4. FitFaster\\fitfaster\\node_modules\\jest-circus\\build\\legacy-code-todo-rewrite\\jestAdapterInit.js:122:21)\n    at jestAdapter (D:\\4. FitFaster\\fitfaster\\node_modules\\jest-circus\\build\\legacy-code-todo-rewrite\\jestAdapter.js:79:19)\n    at runTestInternal (D:\\4. FitFaster\\fitfaster\\node_modules\\jest-runner\\build\\runTest.js:367:16)\n    at runTest (D:\\4. FitFaster\\fitfaster\\node_modules\\jest-runner\\build\\runTest.js:444:34)\n    at Object.worker (D:\\4. FitFaster\\fitfaster\\node_modules\\jest-runner\\build\\testWorker.js:106:12)"],"fullName":"useOnboardingAnalytics tracks final step time on completion","invocations":1,"location":null,"numPassingAsserts":0,"retryReasons":[],"status":"failed","title":"tracks final step time on completion"}],"endTime":1730754323179,"message":"\u001b[1m\u001b[31m  \u001b[1m● \u001b[22m\u001b[1museOnboardingAnalytics › tracks onboarding start\u001b[39m\u001b[22m\n\n    ReferenceError: startStep is not defined\n\u001b[2m\u001b[22m\n\u001b[2m    \u001b[0m \u001b[90m 25 |\u001b[39m   \u001b[90m// Rest of the implementation...\u001b[39m\u001b[22m\n\u001b[2m     \u001b[90m 26 |\u001b[39m   \u001b[36mreturn\u001b[39m {\u001b[22m\n\u001b[2m    \u001b[31m\u001b[1m>\u001b[22m\u001b[2m\u001b[39m\u001b[90m 27 |\u001b[39m     startStep\u001b[33m,\u001b[39m\u001b[22m\n\u001b[2m     \u001b[90m    |\u001b[39m     \u001b[31m\u001b[1m^\u001b[22m\u001b[2m\u001b[39m\u001b[22m\n\u001b[2m     \u001b[90m 28 |\u001b[39m     trackStartOnboarding\u001b[33m,\u001b[39m\u001b[22m\n\u001b[2m     \u001b[90m 29 |\u001b[39m     trackCompleteOnboarding\u001b[33m,\u001b[39m\u001b[22m\n\u001b[2m     \u001b[90m 30 |\u001b[39m     trackHealthMetrics\u001b[33m,\u001b[39m\u001b[0m\u001b[22m\n\u001b[2m\u001b[22m\n\u001b[2m      \u001b[2mat startStep (\u001b[22m\u001b[2msrc/hooks/useOnboardingAnalytics.ts\u001b[2m:27:5)\u001b[22m\u001b[2m\u001b[22m\n\u001b[2m      \u001b[2mat \u001b[22m\u001b[2m\u001b[0m\u001b[36msrc/__tests__/hooks/useOnboardingAnalytics.test.ts\u001b[39m\u001b[0m\u001b[2m:27:63\u001b[22m\u001b[2m\u001b[22m\n\u001b[2m      \u001b[2mat renderCallback (\u001b[22m\u001b[2mnode_modules/@testing-library/react-native/src/render-hook.tsx\u001b[2m:26:26)\u001b[22m\u001b[2m\u001b[22m\n\u001b[2m      \u001b[2mat renderWithHooks (\u001b[22m\u001b[2mnode_modules/react-test-renderer/cjs/react-test-renderer.development.js\u001b[2m:6351:18)\u001b[22m\u001b[2m\u001b[22m\n\u001b[2m      \u001b[2mat mountIndeterminateComponent (\u001b[22m\u001b[2mnode_modules/react-test-renderer/cjs/react-test-renderer.development.js\u001b[2m:9855:13)\u001b[22m\u001b[2m\u001b[22m\n\u001b[2m      \u001b[2mat beginWork (\u001b[22m\u001b[2mnode_modules/react-test-renderer/cjs/react-test-renderer.development.js\u001b[2m:11312:16)\u001b[22m\u001b[2m\u001b[22m\n\u001b[2m      \u001b[2mat performUnitOfWork (\u001b[22m\u001b[2mnode_modules/react-test-renderer/cjs/react-test-renderer.development.js\u001b[2m:15811:12)\u001b[22m\u001b[2m\u001b[22m\n\u001b[2m      \u001b[2mat workLoopSync (\u001b[22m\u001b[2mnode_modules/react-test-renderer/cjs/react-test-renderer.development.js\u001b[2m:15745:5)\u001b[22m\u001b[2m\u001b[22m\n\u001b[2m      \u001b[2mat renderRootSync (\u001b[22m\u001b[2mnode_modules/react-test-renderer/cjs/react-test-renderer.development.js\u001b[2m:15717:7)\u001b[22m\u001b[2m\u001b[22m\n\u001b[2m      \u001b[2mat performSyncWorkOnRoot (\u001b[22m\u001b[2mnode_modules/react-test-renderer/cjs/react-test-renderer.development.js\u001b[2m:15422:20)\u001b[22m\u001b[2m\u001b[22m\n\u001b[2m      \u001b[2mat flushSyncCallbacks (\u001b[22m\u001b[2mnode_modules/react-test-renderer/cjs/react-test-renderer.development.js\u001b[2m:2597:22)\u001b[22m\u001b[2m\u001b[22m\n\u001b[2m      \u001b[2mat flushActQueue (\u001b[22m\u001b[2mnode_modules/react/cjs/react.development.js\u001b[2m:2667:24)\u001b[22m\u001b[2m\u001b[22m\n\u001b[2m      \u001b[2mat act (\u001b[22m\u001b[2mnode_modules/react/cjs/react.development.js\u001b[2m:2521:11)\u001b[22m\u001b[2m\u001b[22m\n\u001b[2m      \u001b[2mat actImplementation (\u001b[22m\u001b[2mnode_modules/@testing-library/react-native/src/act.ts\u001b[2m:30:25)\u001b[22m\u001b[2m\u001b[22m\n\u001b[2m      \u001b[2mat renderWithAct (\u001b[22m\u001b[2mnode_modules/@testing-library/react-native/src/render-act.ts\u001b[2m:12:11)\u001b[22m\u001b[2m\u001b[22m\n\u001b[2m      \u001b[2mat renderInternal (\u001b[22m\u001b[2mnode_modules/@testing-library/react-native/src/render.tsx\u001b[2m:81:33)\u001b[22m\u001b[2m\u001b[22m\n\u001b[2m      \u001b[2mat renderHook (\u001b[22m\u001b[2mnode_modules/@testing-library/react-native/src/render-hook.tsx\u001b[2m:35:61)\u001b[22m\u001b[2m\u001b[22m\n\u001b[2m      \u001b[2mat Object.<anonymous> (\u001b[22m\u001b[2m\u001b[0m\u001b[36msrc/__tests__/hooks/useOnboardingAnalytics.test.ts\u001b[39m\u001b[0m\u001b[2m:27:34)\u001b[22m\u001b[2m\u001b[22m\n\u001b[2m      \u001b[2mat asyncGeneratorStep (\u001b[22m\u001b[2mnode_modules/@babel/runtime/helpers/asyncToGenerator.js\u001b[2m:3:17)\u001b[22m\u001b[2m\u001b[22m\n\u001b[2m      \u001b[2mat _next (\u001b[22m\u001b[2mnode_modules/@babel/runtime/helpers/asyncToGenerator.js\u001b[2m:17:9)\u001b[22m\u001b[2m\u001b[22m\n\u001b[2m      \u001b[2mat \u001b[22m\u001b[2mnode_modules/@babel/runtime/helpers/asyncToGenerator.js\u001b[2m:22:7\u001b[22m\u001b[2m\u001b[22m\n\u001b[2m      \u001b[2mat Object.<anonymous> (\u001b[22m\u001b[2mnode_modules/@babel/runtime/helpers/asyncToGenerator.js\u001b[2m:14:12)\u001b[22m\u001b[2m\u001b[22m\n\n\u001b[1m\u001b[31m  \u001b[1m● \u001b[22m\u001b[1museOnboardingAnalytics › tracks step time when changing steps\u001b[39m\u001b[22m\n\n    ReferenceError: startStep is not defined\n\u001b[2m\u001b[22m\n\u001b[2m    \u001b[0m \u001b[90m 25 |\u001b[39m   \u001b[90m// Rest of the implementation...\u001b[39m\u001b[22m\n\u001b[2m     \u001b[90m 26 |\u001b[39m   \u001b[36mreturn\u001b[39m {\u001b[22m\n\u001b[2m    \u001b[31m\u001b[1m>\u001b[22m\u001b[2m\u001b[39m\u001b[90m 27 |\u001b[39m     startStep\u001b[33m,\u001b[39m\u001b[22m\n\u001b[2m     \u001b[90m    |\u001b[39m     \u001b[31m\u001b[1m^\u001b[22m\u001b[2m\u001b[39m\u001b[22m\n\u001b[2m     \u001b[90m 28 |\u001b[39m     trackStartOnboarding\u001b[33m,\u001b[39m\u001b[22m\n\u001b[2m     \u001b[90m 29 |\u001b[39m     trackCompleteOnboarding\u001b[33m,\u001b[39m\u001b[22m\n\u001b[2m     \u001b[90m 30 |\u001b[39m     trackHealthMetrics\u001b[33m,\u001b[39m\u001b[0m\u001b[22m\n\u001b[2m\u001b[22m\n\u001b[2m      \u001b[2mat startStep (\u001b[22m\u001b[2msrc/hooks/useOnboardingAnalytics.ts\u001b[2m:27:5)\u001b[22m\u001b[2m\u001b[22m\n\u001b[2m      \u001b[2mat \u001b[22m\u001b[2m\u001b[0m\u001b[36msrc/__tests__/hooks/useOnboardingAnalytics.test.ts\u001b[39m\u001b[0m\u001b[2m:37:63\u001b[22m\u001b[2m\u001b[22m\n\u001b[2m      \u001b[2mat renderCallback (\u001b[22m\u001b[2mnode_modules/@testing-library/react-native/src/render-hook.tsx\u001b[2m:26:26)\u001b[22m\u001b[2m\u001b[22m\n\u001b[2m      \u001b[2mat renderWithHooks (\u001b[22m\u001b[2mnode_modules/react-test-renderer/cjs/react-test-renderer.development.js\u001b[2m:6351:18)\u001b[22m\u001b[2m\u001b[22m\n\u001b[2m      \u001b[2mat mountIndeterminateComponent (\u001b[22m\u001b[2mnode_modules/react-test-renderer/cjs/react-test-renderer.development.js\u001b[2m:9855:13)\u001b[22m\u001b[2m\u001b[22m\n\u001b[2m      \u001b[2mat beginWork (\u001b[22m\u001b[2mnode_modules/react-test-renderer/cjs/react-test-renderer.development.js\u001b[2m:11312:16)\u001b[22m\u001b[2m\u001b[22m\n\u001b[2m      \u001b[2mat performUnitOfWork (\u001b[22m\u001b[2mnode_modules/react-test-renderer/cjs/react-test-renderer.development.js\u001b[2m:15811:12)\u001b[22m\u001b[2m\u001b[22m\n\u001b[2m      \u001b[2mat workLoopSync (\u001b[22m\u001b[2mnode_modules/react-test-renderer/cjs/react-test-renderer.development.js\u001b[2m:15745:5)\u001b[22m\u001b[2m\u001b[22m\n\u001b[2m      \u001b[2mat renderRootSync (\u001b[22m\u001b[2mnode_modules/react-test-renderer/cjs/react-test-renderer.development.js\u001b[2m:15717:7)\u001b[22m\u001b[2m\u001b[22m\n\u001b[2m      \u001b[2mat performSyncWorkOnRoot (\u001b[22m\u001b[2mnode_modules/react-test-renderer/cjs/react-test-renderer.development.js\u001b[2m:15422:20)\u001b[22m\u001b[2m\u001b[22m\n\u001b[2m      \u001b[2mat flushSyncCallbacks (\u001b[22m\u001b[2mnode_modules/react-test-renderer/cjs/react-test-renderer.development.js\u001b[2m:2597:22)\u001b[22m\u001b[2m\u001b[22m\n\u001b[2m      \u001b[2mat flushActQueue (\u001b[22m\u001b[2mnode_modules/react/cjs/react.development.js\u001b[2m:2667:24)\u001b[22m\u001b[2m\u001b[22m\n\u001b[2m      \u001b[2mat act (\u001b[22m\u001b[2mnode_modules/react/cjs/react.development.js\u001b[2m:2521:11)\u001b[22m\u001b[2m\u001b[22m\n\u001b[2m      \u001b[2mat actImplementation (\u001b[22m\u001b[2mnode_modules/@testing-library/react-native/src/act.ts\u001b[2m:30:25)\u001b[22m\u001b[2m\u001b[22m\n\u001b[2m      \u001b[2mat renderWithAct (\u001b[22m\u001b[2mnode_modules/@testing-library/react-native/src/render-act.ts\u001b[2m:12:11)\u001b[22m\u001b[2m\u001b[22m\n\u001b[2m      \u001b[2mat renderInternal (\u001b[22m\u001b[2mnode_modules/@testing-library/react-native/src/render.tsx\u001b[2m:81:33)\u001b[22m\u001b[2m\u001b[22m\n\u001b[2m      \u001b[2mat renderHook (\u001b[22m\u001b[2mnode_modules/@testing-library/react-native/src/render-hook.tsx\u001b[2m:35:61)\u001b[22m\u001b[2m\u001b[22m\n\u001b[2m      \u001b[2mat Object.<anonymous> (\u001b[22m\u001b[2m\u001b[0m\u001b[36msrc/__tests__/hooks/useOnboardingAnalytics.test.ts\u001b[39m\u001b[0m\u001b[2m:37:34)\u001b[22m\u001b[2m\u001b[22m\n\u001b[2m      \u001b[2mat asyncGeneratorStep (\u001b[22m\u001b[2mnode_modules/@babel/runtime/helpers/asyncToGenerator.js\u001b[2m:3:17)\u001b[22m\u001b[2m\u001b[22m\n\u001b[2m      \u001b[2mat _next (\u001b[22m\u001b[2mnode_modules/@babel/runtime/helpers/asyncToGenerator.js\u001b[2m:17:9)\u001b[22m\u001b[2m\u001b[22m\n\u001b[2m      \u001b[2mat \u001b[22m\u001b[2mnode_modules/@babel/runtime/helpers/asyncToGenerator.js\u001b[2m:22:7\u001b[22m\u001b[2m\u001b[22m\n\u001b[2m      \u001b[2mat Object.<anonymous> (\u001b[22m\u001b[2mnode_modules/@babel/runtime/helpers/asyncToGenerator.js\u001b[2m:14:12)\u001b[22m\u001b[2m\u001b[22m\n\n\u001b[1m\u001b[31m  \u001b[1m● \u001b[22m\u001b[1museOnboardingAnalytics › tracks health metrics submission\u001b[39m\u001b[22m\n\n    ReferenceError: startStep is not defined\n\u001b[2m\u001b[22m\n\u001b[2m    \u001b[0m \u001b[90m 25 |\u001b[39m   \u001b[90m// Rest of the implementation...\u001b[39m\u001b[22m\n\u001b[2m     \u001b[90m 26 |\u001b[39m   \u001b[36mreturn\u001b[39m {\u001b[22m\n\u001b[2m    \u001b[31m\u001b[1m>\u001b[22m\u001b[2m\u001b[39m\u001b[90m 27 |\u001b[39m     startStep\u001b[33m,\u001b[39m\u001b[22m\n\u001b[2m     \u001b[90m    |\u001b[39m     \u001b[31m\u001b[1m^\u001b[22m\u001b[2m\u001b[39m\u001b[22m\n\u001b[2m     \u001b[90m 28 |\u001b[39m     trackStartOnboarding\u001b[33m,\u001b[39m\u001b[22m\n\u001b[2m     \u001b[90m 29 |\u001b[39m     trackCompleteOnboarding\u001b[33m,\u001b[39m\u001b[22m\n\u001b[2m     \u001b[90m 30 |\u001b[39m     trackHealthMetrics\u001b[33m,\u001b[39m\u001b[0m\u001b[22m\n\u001b[2m\u001b[22m\n\u001b[2m      \u001b[2mat startStep (\u001b[22m\u001b[2msrc/hooks/useOnboardingAnalytics.ts\u001b[2m:27:5)\u001b[22m\u001b[2m\u001b[22m\n\u001b[2m      \u001b[2mat \u001b[22m\u001b[2m\u001b[0m\u001b[36msrc/__tests__/hooks/useOnboardingAnalytics.test.ts\u001b[39m\u00
[...]
273,"column":4},"end":{"line":286,"column":5}},"77":{"start":{"line":273,"column":23},"end":{"line":273,"column":24}},"78":{"start":{"line":274,"column":6},"end":{"line":285,"column":7}},"79":{"start":{"line":275,"column":8},"end":{"line":275,"column":33}},"80":{"start":{"line":277,"column":8},"end":{"line":277,"column":35}},"81":{"start":{"line":279,"column":8},"end":{"line":281,"column":9}},"82":{"start":{"line":280,"column":10},"end":{"line":280,"column":16}},"83":{"start":{"line":284,"column":8},"end":{"line":284,"column":86}},"84":{"start":{"line":284,"column":37},"end":{"line":284,"column":84}},"85":{"start":{"line":288,"column":4},"end":{"line":288,"column":77}},"86":{"start":{"line":292,"column":4},"end":{"line":303,"column":5}},"87":{"start":{"line":294,"column":8},"end":{"line":294,"column":62}},"88":{"start":{"line":296,"column":8},"end":{"line":296,"column":49}},"89":{"start":{"line":298,"column":8},"end":{"line":298,"column":63}},"90":{"start":{"line":300,"column":8},"end":{"line":300,"column":69}},"91":{"start":{"line":302,"column":8},"end":{"line":302,"column":75}},"92":{"start":{"line":307,"column":4},"end":{"line":309,"column":5}},"93":{"start":{"line":308,"column":6},"end":{"line":308,"column":70}},"94":{"start":{"line":311,"column":4},"end":{"line":322,"column":5}},"95":{"start":{"line":313,"column":8},"end":{"line":313,"column":89}},"96":{"start":{"line":315,"column":8},"end":{"line":315,"column":64}},"97":{"start":{"line":317,"column":8},"end":{"line":317,"column":76}},"98":{"start":{"line":319,"column":8},"end":{"line":319,"column":80}},"99":{"start":{"line":321,"column":8},"end":{"line":321,"column":65}},"100":{"start":{"line":326,"column":30},"end":{"line":326,"column":65}}},"fnMap":{"0":{"name":"(anonymous_0)","decl":{"start":{"line":45,"column":2},"end":{"line":45,"column":3}},"loc":{"start":{"line":45,"column":24},"end":{"line":48,"column":3}},"line":45},"1":{"name":"(anonymous_1)","decl":{"start":{"line":47,"column":16},"end":{"line":47,"column":17}},"loc":{"start":{"line":47,"column":22},"end":{"line":47,"column":49}},"line":47},"2":{"name":"(anonymous_2)","decl":{"start":{"line":50,"column":2},"end":{"line":50,"column":3}},"loc":{"start":{"line":50,"column":46},"end":{"line":55,"column":3}},"line":50},"3":{"name":"(anonymous_3)","decl":{"start":{"line":57,"column":2},"end":{"line":57,"column":3}},"loc":{"start":{"line":57,"column":58},"end":{"line":108,"column":3}},"line":57},"4":{"name":"(anonymous_4)","decl":{"start":{"line":110,"column":2},"end":{"line":110,"column":3}},"loc":{"start":{"line":113,"column":34},"end":{"line":140,"column":3}},"line":113},"5":{"name":"(anonymous_5)","decl":{"start":{"line":119,"column":19},"end":{"line":119,"column":20}},"loc":{"start":{"line":119,"column":31},"end":{"line":121,"column":11}},"line":119},"6":{"name":"(anonymous_6)","decl":{"start":{"line":125,"column":20},"end":{"line":125,"column":21}},"loc":{"start":{"line":125,"column":32},"end":{"line":127,"column":11}},"line":125},"7":{"name":"(anonymous_7)","decl":{"start":{"line":133,"column":20},"end":{"line":133,"column":21}},"loc":{"start":{"line":133,"column":32},"end":{"line":135,"column":11}},"line":133},"8":{"name":"(anonymous_8)","decl":{"start":{"line":142,"column":2},"end":{"line":142,"column":3}},"loc":{"start":{"line":145,"column":19},"end":{"line":172,"column":3}},"line":145},"9":{"name":"(anonymous_9)","decl":{"start":{"line":174,"column":2},"end":{"line":174,"column":3}},"loc":{"start":{"line":174,"column":51},"end":{"line":177,"column":3}},"line":174},"10":{"name":"(anonymous_10)","decl":{"start":{"line":179,"column":2},"end":{"line":179,"column":3}},"loc":{"start":{"line":179,"column":49},"end":{"line":182,"column":3}},"line":179},"11":{"name":"(anonymous_11)","decl":{"start":{"line":184,"column":2},"end":{"line":184,"column":3}},"loc":{"start":{"line":184,"column":50},"end":{"line":187,"column":3}},"line":184},"12":{"name":"(anonymous_12)","decl":{"start":{"line":189,"column":2},"end":{"line":189,"column":3}},"loc":{"start":{"line":189,"column":39},"end":{"line":206,"column":3}},"line":189},"13":{"name":"(anonymous_13)","decl":{"start":{"line":208,"column":2},"end":{"line":208,"column":3}},"loc":{"start":{"line":208,"column":47},"end":{"line":222,"column":3}},"line":208},"14":{"name":"(anonymous_14)","decl":{"start":{"line":224,"column":2},"end":{"line":224,"column":3}},"loc":{"start":{"line":224,"column":74},"end":{"line":246,"column":3}},"line":224},"15":{"name":"(anonymous_15)","decl":{"start":{"line":248,"column":2},"end":{"line":248,"column":3}},"loc":{"start":{"line":248,"column":39},"end":{"line":265,"column":3}},"line":248},"16":{"name":"(anonymous_16)","decl":{"start":{"line":267,"column":2},"end":{"line":267,"column":3}},"loc":{"start":{"line":270,"column":16},"end":{"line":289,"column":3}},"line":270},"17":{"name":"(anonymous_17)","decl":{"start":{"line":284,"column":26},"end":{"line":284,"column":27}},"loc":{"start":{"line":284,"column":37},"end":{"line":284,"column":84}},"line":284},"18":{"name":"(anonymous_18)","decl":{"start":{"line":291,"column":2},"end":{"line":291,"column":3}},"loc":{"start":{"line":291,"column":53},"end":{"line":304,"column":3}},"line":291},"19":{"name":"(anonymous_19)","decl":{"start":{"line":306,"column":2},"end":{"line":306,"column":3}},"loc":{"start":{"line":306,"column":83},"end":{"line":323,"column":3}},"line":306}},"branchMap":{"0":{"loc":{"start":{"line":51,"column":4},"end":{"line":53,"column":5}},"type":"if","locations":[{"start":{"line":51,"column":4},"end":{"line":53,"column":5}},{"start":{},"end":{}}],"line":51},"1":{"loc":{"start":{"line":65,"column":6},"end":{"line":75,"column":7}},"type":"if","locations":[{"start":{"line":65,"column":6},"end":{"line":75,"column":7}},{"start":{},"end":{}}],"line":65},"2":{"loc":{"start":{"line":79,"column":40},"end":{"line":79,"column":77}},"type":"binary-expr","locations":[{"start":{"line":79,"column":40},"end":{"line":79,"column":72}},{"start":{"line":79,"column":76},"end":{"line":79,"column":77}}],"line":79},"3":{"loc":{"start":{"line":92,"column":6},"end":{"line":94,"column":7}},"type":"if","locations":[{"start":{"line":92,"column":6},"end":{"line":94,"column":7}},{"start":{},"end":{}}],"line":92},"4":{"loc":{"start":{"line":98,"column":6},"end":{"line":100,"column":7}},"type":"if","locations":[{"start":{"line":98,"column":6},"end":{"line":100,"column":7}},{"start":{},"end":{}}],"line":98},"5":{"loc":{"start":{"line":104,"column":6},"end":{"line":106,"column":7}},"type":"if","locations":[{"start":{"line":104,"column":6},"end":{"line":106,"column":7}},{"start":{},"end":{}}],"line":104},"6":{"loc":{"start":{"line":114,"column":4},"end":{"line":139,"column":5}},"type":"switch","locations":[{"start":{"line":115,"column":6},"end":{"line":122,"column":10}},{"start":{"line":123,"column":6},"end":{"line":128,"column":10}},{"start":{"line":129,"column":6},"end":{"line":136,"column":10}},{"start":{"line":137,"column":6},"end":{"line":138,"column":20}}],"line":114},"7":{"loc":{"start":{"line":147,"column":6},"end":{"line":149,"column":7}},"type":"if","locations":[{"start":{"line":147,"column":6},"end":{"line":149,"column":7}},{"start":{},"end":{}}],"line":147},"8":{"loc":{"start":{"line":151,"column":6},"end":{"line":154,"column":7}},"type":"if","locations":[{"start":{"line":151,"column":6},"end":{"line":154,"column":7}},{"start":{},"end":{}}],"line":151},"9":{"loc":{"start":{"line":156,"column":6},"end":{"line":158,"column":7}},"type":"if","locations":[{"start":{"line":156,"column":6},"end":{"line":158,"column":7}},{"start":{},"end":{}}],"line":156},"10":{"loc":{"start":{"line":160,"column":6},"end":{"line":170,"column":7}},"type":"if","locations":[{"start":{"line":160,"column":6},"end":{"line":170,"column":7}},{"start":{},"end":{}}],"line":160},"11":{"loc":{"start":{"line":191,"column":6},"end":{"line":202,"column":7}},"type":"if","locations":[{"start":{"line":191,"column":6},"end":{"line":202,"column":7}},{"start":{},"end":{}}],"line":191},"12":{"loc":{"start":{"line":209,"column":4},"end":{"line":211,"column":5}},"type":"if","locations":[{"start":{"line":209,"column":4},"end":{"line":211,"column":5}},{"start":{},"end":{}}],"line":209},"13":{"loc":{"start":{"line":209,"column":8},"end":{"line":209,"column":76}},"type":"binary-expr","locations":[{"start":{"line":209,"column":8},"end":{"line":209,"column":41}},{"start":{"line":209,"column":45},"end":{"line":209,"column":76}}],"line":209},"14":{"loc":{"start":{"line":212,"column":4},"end":{"line":214,"column":5}},"type":"if","locations":[{"start":{"line":212,"column":4},"end":{"line":214,"column":5}},{"start":{},"end":{}}],"line":212},"15":{"loc":{"start":{"line":212,"column":8},"end":{"line":212,"column":80}},"type":"binary-expr","locations":[{"start":{"line":212,"column":8},"end":{"line":212,"column":38}},{"start":{"line":212,"column":42},"end":{"line":212,"column":80}}],"line":212},"16":{"loc":{"start":{"line":215,"column":4},"end":{"line":217,"column":5}},"type":"if","locations":[{"start":{"line":215,"column":4},"end":{"line":217,"column":5}},{"start":{},"end":{}}],"line":215},"17":{"loc":{"start":{"line":215,"column":8},"end":{"line":215,"column":73}},"type":"binary-expr","locations":[{"start":{"line":215,"column":8},"end":{"line":215,"column":38}},{"start":{"line":215,"column":42},"end":{"line":215,"column":73}}],"line":215},"18":{"loc":{"start":{"line":218,"column":4},"end":{"line":220,"column":5}},"type":"if","locations":[{"start":{"line":218,"column":4},"end":{"line":220,"column":5}},{"start":{},"end":{}}],"line":218},"19":{"loc":{"start":{"line":218,"column":8},"end":{"line":218,"column":79}},"type":"binary-expr","locations":[{"start":{"line":218,"column":8},"end":{"line":218,"column":40}},{"start":{"line":218,"column":44},"end":{"line":218,"column":79}}],"line":218},"20":{"loc":{"start":{"line":226,"column":4},"end":{"line":228,"column":5}},"type":"if","locations":[{"start":{"line":226,"column":4},"end":{"line":228,"column":5}},{"start":{},"end":{}}],"line":226},"21":{"loc":{"start":{"line":231,"column":4},"end":{"line":233,"column":5}},"type":"if","locations":[{"start":{"line":231,"column":4},"end":{"line":233,"column":5}},{"start":{},"end":{}}],"line":231},"22":{"loc":{"start":{"line":236,"column":4},"end":{"line":238,"column":5}},"type":"if","locations":[{"start":{"line":236,"column":4},"end":{"line":238,"column":5}},{"start":{},"end":{}}],"line":236},"23":{"loc":{"start":{"line":241,"column":4},"end":{"line":243,"column":5}},"type":"if","locations":[{"start":{"line":241,"column":4},"end":{"line":243,"column":5}},{"start":{},"end":{}}],"line":241},"24":{"loc":{"start":{"line":250,"column":4},"end":{"line":252,"column":5}},"type":"if","locations":[{"start":{"line":250,"column":4},"end":{"line":252,"column":5}},{"start":{},"end":{}}],"line":250},"25":{"loc":{"start":{"line":250,"column":8},"end":{"line":250,"column":78}},"type":"binary-expr","locations":[{"start":{"line":250,"column":8},"end":{"line":250,"column":41}},{"start":{"line":250,"column":45},"end":{"line":250,"column":78}}],"line":250},"26":{"loc":{"start":{"line":255,"column":4},"end":{"line":257,"column":5}},"type":"if","locations":[{"start":{"line":255,"column":4},"end":{"line":257,"column":5}},{"start":{},"end":{}}],"line":255},"27":{"loc":{"start":{"line":255,"column":8},"end":{"line":255,"column":73}},"type":"binary-expr","locations":[{"start":{"line":255,"column":8},"end":{"line":255,"column":38}},{"start":{"line":255,"column":42},"end":{"line":255,"column":73}}],"line":255},"28":{"loc":{"start":{"line":260,"column":4},"end":{"line":262,"column":5}},"type":"if","locations":[{"start":{"line":260,"column":4},"end":{"line":262,"column":5}},{"start":{},"end":{}}],"line":260},"29":{"loc":{"start":{"line":269,"column":4},"end":{"line":269,"column":49}},"type":"default-arg","locations":[{"start":{"line":269,"column":26},"end":{"line":269,"column":49}}],"line":269},"30":{"loc":{"start":{"line":279,"column":8},"end":{"line":281,"column":9}},"type":"if","locations":[{"start":{"line":279,"column":8},"end":{"line":281,"column":9}},{"start":{},"end":{}}],"line":279},"31":{"loc":{"start":{"line":288,"column":10},"end":{"line":288,"column":76}},"type":"binary-expr","locations":[{"start":{"line":288,"column":10},"end":{"line":288,"column":19}},{"start":{"line":288,"column":23},"end":{"line":288,"column":76}}],"line":288},"32":{"loc":{"start":{"line":292,"column":4},"end":{"line":303,"column":5}},"type":"switch","locations":[{"start":{"line":293,"column":6},"end":{"line":294,"column":62}},{"start":{"line":295,"column":6},"end":{"line":296,"column":49}},{"start":{"line":297,"column":6},"end":{"line":298,"column":63}},{"start":{"line":299,"column":6},"end":{"line":300,"column":69}},{"start":{"line":301,"column":6},"end":{"line":302,"column":75}}],"line":292},"33":{"loc":{"start":{"line":307,"column":4},"end":{"line":309,"column":5}},"type":"if","locations":[{"start":{"line":307,"column":4},"end":{"line":309,"column":5}},{"start":{},"end":{}}],"line":307},"34":{"loc":{"start":{"line":311,"column":4},"end":{"line":322,"column":5}},"type":"switch","locations":[{"start":{"line":312,"column":6},"end":{"line":313,"column":89}},{"start":{"line":314,"column":6},"end":{"line":315,"column":64}},{"start":{"line":316,"column":6},"end":{"line":317,"column":76}},{"start":{"line":318,"column":6},"end":{"line":319,"column":80}},{"start":{"line":320,"column":6},"end":{"line":321,"column":65}}],"line":311}},"s":{"0":2,"1":2,"2":2,"3":2,"4":0,"5":2,"6":2,"7":2,"8":16,"9":16,"10":16,"11":16,"12":16,"13":16,"14":16,"15":16,"16":16,"17":16,"18":16,"19":16,"20":16,"21":0,"22":0,"23":0,"24":16,"25":2,"26":2,"27":13,"28":13,"29":1,"30":1,"31":0,"32":16,"33":16,"34":2,"35":16,"36":3,"37":16,"38":14,"39":0,"40":0,"41":0,"42":0,"43":2,"44":13,"45":1,"46":1,"47":4,"48":1,"49":1,"50":0,"51":0,"52":0,"53":0,"54":0,"55":0,"56":0,"57":0,"58":0,"59":0,"60":0,"61":0,"62":0,"63":0,"64":0,"65":0,"66":0,"67":0,"68":0,"69":0,"70":0,"71":0,"72":0,"73":0,"74":0,"75":0,"76":0,"77":0,"78":0,"79":0,"80":0,"81":0,"82":0,"83":0,"84":0,"85":0,"86":0,"87":0,"88":0,"89":0,"90":0,"91":0,"92":0,"93":0,"94":0,"95":0,"96":0,"97":0,"98":0,"99":0,"100":2},"f":{"0":2,"1":0,"2":2,"3":16,"4":16,"5":2,"6":13,"7":1,"8":16,"9":2,"10":13,"11":1,"12":1,"13":0,"14":0,"15":0,"16":0,"17":0,"18":0,"19":0},"b":{"0":[2,0],"1":[16,0],"2":[16,4],"3":[16,0],"4":[0,16],"5":[0,0],"6":[2,13,1,0],"7":[2,14],"8":[3,13],"9":[14,2],"10":[0,0],"11":[1,3],"12":[0,0],"13":[0,0],"14":[0,0],"15":[0,0],"16":[0,0],"17":[0,0],"18":[0,0],"19":[0,0],"20":[0,0],"21":[0,0],"22":[0,0],"23":[0,0],"24":[0,0],"25":[0,0],"26":[0,0],"27":[0,0],"28":[0,0],"29":[0],"30":[0,0],"31":[0,0],"32":[0,0,0,0,0],"33":[0,0],"34":[0,0,0,0,0]},"_coverageSchema":"1a1c01bbd47fc00a2c39e90264f33305004495a9","hash":"2092776864ab3bc54d02f2fdce0afb0319ae8eaf"},"D:\\4. FitFaster\\fitfaster\\src\\hooks\\useAccessibilityFocus.ts":{"path":"D:\\4. FitFaster\\fitfaster\\src\\hooks\\useAccessibilityFocus.ts","statementMap":{"0":{"start":{"line":5,"column":14},"end":{"line":5,"column":26}},"1":{"start":{"line":7,"column":19},"end":{"line":14,"column":8}},"2":{"start":{"line":8,"column":4},"end":{"line":13,"column":5}},"3":{"start":{"line":9,"column":25},"end":{"line":9,"column":52}},"4":{"start":{"line":10,"column":6},"end":{"line":12,"column":7}},"5":{"start":{"line":11,"column":8},"end":{"line":11,"column":60}},"6":{"start":{"line":16,"column":35},"end":{"line":18,"column":8}},"7":{"start":{"line":17,"column":4},"end":{"line":17,"column":56}},"8":{"start":{"line":20,"column":2},"end":{"line":24,"column":4}}},"fnMap":{"0":{"name":"useAccessibilityFocus","decl":{"start":{"line":4,"column":16},"end":{"line":4,"column":37}},"loc":{"start":{"line":4,"column":40},"end":{"line":25,"column":1}},"line":4},"1":{"name":"(anonymous_1)","decl":{"start":{"line":7,"column":31},"end":{"line":7,"column":32}},"loc":{"start":{"line":7,"column":37},"end":{"line":14,"column":3}},"line":7},"2":{"name":"(anonymous_2)","decl":{"start":{"line":16,"column":47},"end":{"line":16,"column":48}},"loc":{"start":{"line":16,"column":68},"end":{"line":18,"column":3}},"line":16}},"branchMap":{"0":{"loc":{"start":{"line":8,"column":4},"end":{"line":13,"column":5}},"type":"if","locations":[{"start":{"line":8,"column":4},"end":{"line":13,"column":5}},{"start":{},"end":{}}],"line":8},"1":{"loc":{"start":{"line":10,"column":6},"end":{"line":12,"column":7}},"type":"if","locations":[{"start":{"line":10,"column":6},"end":{"line":12,"column":7}},{"start":{},"end":{}}],"line":10}},"s":{"0":4,"1":4,"2":3,"3":2,"4":2,"5":1,"6":4,"7":1,"8":4},"f":{"0":4,"1":3,"2":1},"b":{"0":[2,1],"1":[1,1]},"_coverageSchema":"1a1c01bbd47fc00a2c39e90264f33305004495a9","hash":"a02ca3287c9dbab8ca272d319d30137d62cf8857"},"D:\\4. FitFaster\\fitfaster\\src\\hooks\\useSupplementPerformance.ts":{"path":"D:\\4. FitFaster\\fitfaster\\src\\hooks\\useSupplementPerformance.ts","statementMap":{"0":{"start":{"line":21,"column":33},"end":{"line":21,"column":59}},"1":{"start":{"line":22,"column":22},"end":{"line":22,"column":31}},"2":{"start":{"line":24,"column":28},"end":{"line":34,"column":8}},"3":{"start":{"line":25,"column":4},"end":{"line":33,"column":7}},"4":{"start":{"line":26,"column":24},"end":{"line":26,"column":41}},"5":{"start":{"line":27,"column":6},"end":{"line":32,"column":7}},"6":{"start":{"line":28,"column":8},"end":{"line":28,"column":26}},"7":{"start":{"line":30,"column":25},"end":{"line":30,"column":54}},"8":{"start":{"line":31,"column":8},"end":{"line":31,"column":55}},"9":{"start":{"line":36,"column":32},"end":{"line":43,"column":8}},"10":{"start":{"line":37,"column":4},"end":{"line":42,"column":8}},"11":{"start":{"line":37,"column":42},"end":{"line":42,"column":5}},"12":{"start":{"line":45,"column":22},"end":{"line":48,"column":26}},"13":{"start":{"line":46,"column":4},"end":{"line":46,"column":29}},"14":{"start":{"line":47,"column":4},"end":{"line":47,"column":73}},"15":{"start":{"line":50,"column":29},"end":{"line":64,"column":8}},"16":{"start":{"line":51,"column":4},"end":{"line":63,"column":6}},"17":{"start":{"line":53,"column":60},"end":{"line":57,"column":7}},"18":{"start":{"line":66,"column":2},"end":{"line":71,"column":4}}},"fnMap":{"0":{"name":"useSupplementPerformance","decl":{"start":{"line":20,"column":16},"end":{"line":20,"column":40}},"loc":{"start":{"line":20,"column":43},"end":{"line":72,"column":1}},"line":20},"1":{"name":"(anonymous_1)","decl":{"start":{"line":24,"column":40},"end":{"line":24,"column":41}},"loc":{"start":{"line":24,"column":82},"end":{"line":34,"column":3}},"line":24},"2":{"name":"(anonymous_2)","decl":{"start":{"line":25,"column":50},"end":{"line":25,"column":51}},"loc":{"start":{"line":25,"column":62},"end":{"line":33,"column":5}},"line":25},"3":{"name":"(anonymous_3)","decl":{"start":{"line":36,"column":44},"end":{"line":36,"column":45}},"loc":{"start":{"line":36,"column":75},"end":{"line":43,"column":3}},"line":36},"4":{"name":"(anonymous_4)","decl":{"start":{"line":37,"column":27},"end":{"line":37,"column":28}},"loc":{"start":{"line":37,"column":42},"end":{"line":42,"column":5}},"line":37},"5":{"name":"(anonymous_5)","decl":{"start":{"line":45,"column":34},"end":{"line":45,"column":35}},"loc":{"start":{"line":45,"column":61},"end":{"line":48,"column":3}},"line":45},"6":{"name":"(anonymous_6)","decl":{"start":{"line":50,"column":41},"end":{"line":50,"column":42}},"loc":{"start":{"line":50,"column":138},"end":{"line":64,"column":3}},"line":50},"7":{"name":"(anonymous_7)","decl":{"start":{"line":53,"column":21},"end":{"line":53,"column":22}},"loc":{"start":{"line":53,"column":60},"end":{"line":57,"column":7}},"line":53}},"branchMap":{},"s":{"0":4,"1":4,"2":4,"3":1,"4":1,"5":1,"6":1,"7":1,"8":1,"9":4,"10":1,"11":1,"12":4,"13":1,"14":1,"15":4,"16":1,"17":0,"18":4},"f":{"0":4,"1":1,"2":1,"3":1,"4":1,"5":1,"6":1,"7":0},"b":{},"_coverageSchema":"1a1c01bbd47fc00a2c39e90264f33305004495a9","hash":"b81adc975a554aacdb778c4a694447bcb2a38631"}}}
