{"D:\\4. FitFaster\\fitfaster\\src\\hooks\\useAccessibilityFocus.ts": {"path":"D:\\4. FitFaster\\fitfaster\\src\\hooks\\useAccessibilityFocus.ts","statementMap":{"0":{"start":{"line":5,"column":14},"end":{"line":5,"column":26}},"1":{"start":{"line":7,"column":19},"end":{"line":14,"column":8}},"2":{"start":{"line":8,"column":4},"end":{"line":13,"column":5}},"3":{"start":{"line":9,"column":25},"end":{"line":9,"column":52}},"4":{"start":{"line":10,"column":6},"end":{"line":12,"column":7}},"5":{"start":{"line":11,"column":8},"end":{"line":11,"column":60}},"6":{"start":{"line":16,"column":35},"end":{"line":18,"column":8}},"7":{"start":{"line":17,"column":4},"end":{"line":17,"column":56}},"8":{"start":{"line":20,"column":2},"end":{"line":24,"column":4}}},"fnMap":{"0":{"name":"useAccessibilityFocus","decl":{"start":{"line":4,"column":16},"end":{"line":4,"column":37}},"loc":{"start":{"line":4,"column":40},"end":{"line":25,"column":1}},"line":4},"1":{"name":"(anonymous_1)","decl":{"start":{"line":7,"column":31},"end":{"line":7,"column":32}},"loc":{"start":{"line":7,"column":37},"end":{"line":14,"column":3}},"line":7},"2":{"name":"(anonymous_2)","decl":{"start":{"line":16,"column":47},"end":{"line":16,"column":48}},"loc":{"start":{"line":16,"column":68},"end":{"line":18,"column":3}},"line":16}},"branchMap":{"0":{"loc":{"start":{"line":8,"column":4},"end":{"line":13,"column":5}},"type":"if","locations":[{"start":{"line":8,"column":4},"end":{"line":13,"column":5}},{"start":{},"end":{}}],"line":8},"1":{"loc":{"start":{"line":10,"column":6},"end":{"line":12,"column":7}},"type":"if","locations":[{"start":{"line":10,"column":6},"end":{"line":12,"column":7}},{"start":{},"end":{}}],"line":10}},"s":{"0":4,"1":4,"2":3,"3":2,"4":2,"5":1,"6":4,"7":1,"8":4},"f":{"0":4,"1":3,"2":1},"b":{"0":[2,1],"1":[1,1]},"_coverageSchema":"1a1c01bbd47fc00a2c39e90264f33305004495a9","hash":"a02ca3287c9dbab8ca272d319d30137d62cf8857"}
,"D:\\4. FitFaster\\fitfaster\\src\\hooks\\useConnectionAlert.ts": {"path":"D:\\4. FitFaster\\fitfaster\\src\\hooks\\useConnectionAlert.ts","statementMap":{"0":{"start":{"line":6,"column":18},"end":{"line":6,"column":30}},"1":{"start":{"line":8,"column":26},"end":{"line":31,"column":27}},"2":{"start":{"line":9,"column":4},"end":{"line":18,"column":5}},"3":{"start":{"line":10,"column":6},"end":{"line":16,"column":8}},"4":{"start":{"line":17,"column":6},"end":{"line":17,"column":13}},"5":{"start":{"line":20,"column":4},"end":{"line":30,"column":5}},"6":{"start":{"line":21,"column":6},"end":{"line":21,"column":21}},"7":{"start":{"line":23,"column":6},"end":{"line":29,"column":8}},"8":{"start":{"line":33,"column":2},"end":{"line":33,"column":29}}},"fnMap":{"0":{"name":"useConnectionAlert","decl":{"start":{"line":5,"column":16},"end":{"line":5,"column":34}},"loc":{"start":{"line":5,"column":37},"end":{"line":34,"column":1}},"line":5},"1":{"name":"(anonymous_1)","decl":{"start":{"line":8,"column":38},"end":{"line":8,"column":39}},"loc":{"start":{"line":8,"column":77},"end":{"line":31,"column":3}},"line":8}},"branchMap":{"0":{"loc":{"start":{"line":9,"column":4},"end":{"line":18,"column":5}},"type":"if","locations":[{"start":{"line":9,"column":4},"end":{"line":18,"column":5}},{"start":{},"end":{}}],"line":9}},"s":{"0":4,"1":4,"2":5,"3":3,"4":3,"5":2,"6":2,"7":1,"8":4},"f":{"0":4,"1":5},"b":{"0":[3,2]},"_coverageSchema":"1a1c01bbd47fc00a2c39e90264f33305004495a9","hash":"1e3ab72ccaf588aca537e2221ba23f422ec5db3e"}
,"D:\\4. FitFaster\\fitfaster\\src\\hooks\\useOfflineSync.ts": {"path":"D:\\4. FitFaster\\fitfaster\\src\\hooks\\useOfflineSync.ts","statementMap":{"0":{"start":{"line":6,"column":15},"end":{"line":6,"column":45}},"1":{"start":{"line":21,"column":26},"end":{"line":21,"column":62}},"2":{"start":{"line":22,"column":36},"end":{"line":22,"column":58}},"3":{"start":{"line":23,"column":28},"end":{"line":23,"column":56}},"4":{"start":{"line":26,"column":2},"end":{"line":50,"column":39}},"5":{"start":{"line":27,"column":21},"end":{"line":47,"column":5}},"6":{"start":{"line":28,"column":6},"end":{"line":30,"column":7}},"7":{"start":{"line":29,"column":8},"end":{"line":29,"column":15}},"8":{"start":{"line":32,"column":6},"end":{"line":46,"column":7}},"9":{"start":{"line":33,"column":27},"end":{"line":33,"column":72}},"10":{"start":{"line":34,"column":8},"end":{"line":39,"column":9}},"11":{"start":{"line":35,"column":29},"end":{"line":35,"column":56}},"12":{"start":{"line":36,"column":10},"end":{"line":38,"column":11}},"13":{"start":{"line":37,"column":12},"end":{"line":37,"column":32}},"14":{"start":{"line":41,"column":22},"end":{"line":41,"column":91}},"15":{"start":{"line":42,"column":8},"end":{"line":42,"column":70}},"16":{"start":{"line":43,"column":8},"end":{"line":43,"column":24}},"17":{"start":{"line":45,"column":8},"end":{"line":45,"column":28}},"18":{"start":{"line":49,"column":4},"end":{"line":49,"column":20}},"19":{"start":{"line":53,"column":21},"end":{"line":84,"column":3}},"20":{"start":{"line":55,"column":6},"end":{"line":55,"column":21}},"21":{"start":{"line":56,"column":6},"end":{"line":81,"column":7}},"22":{"start":{"line":58,"column":8},"end":{"line":60,"column":9}},"23":{"start":{"line":59,"column":10},"end":{"line":59,"column":49}},"24":{"start":{"line":63,"column":8},"end":{"line":63,"column":25}},"25":{"start":{"line":66,"column":8},"end":{"line":66,"column":79}},"26":{"start":{"line":69,"column":8},"end":{"line":75,"column":9}},"27":{"start":{"line":70,"column":10},"end":{"line":74,"column":13}},"28":{"start":{"line":77,"column":22},"end":{"line":77,"column":93}},"29":{"start":{"line":78,"column":8},"end":{"line":78,"column":72}},"30":{"start":{"line":79,"column":8},"end":{"line":79,"column":24}},"31":{"start":{"line":80,"column":8},"end":{"line":80,"column":20}},"32":{"start":{"line":87,"column":20},"end":{"line":98,"column":11}},"33":{"start":{"line":88,"column":4},"end":{"line":88,"column":19}},"34":{"start":{"line":89,"column":4},"end":{"line":97,"column":5}},"35":{"start":{"line":90,"column":6},"end":{"line":90,"column":55}},"36":{"start":{"line":91,"column":6},"end":{"line":91,"column":25}},"37":{"start":{"line":93,"column":20},"end":{"line":93,"column":90}},"38":{"start":{"line":94,"column":6},"end":{"line":94,"column":69}},"39":{"start":{"line":95,"column":6},"end":{"line":95,"column":22}},"40":{"start":{"line":96,"column":6},"end":{"line":96,"column":18}},"41":{"start":{"line":101,"column":15},"end":{"line":113,"column":25}},"42":{"start":{"line":102,"column":4},"end":{"line":102,"column":33}},"43":{"start":{"line":102,"column":26},"end":{"line":102,"column":33}},"44":{"start":{"line":104,"column":4},"end":{"line":104,"column":19}},"45":{"start":{"line":105,"column":4},"end":{"line":112,"column":5}},"46":{"start":{"line":106,"column":6},"end":{"line":106,"column":25}},"47":{"start":{"line":108,"column":20},"end":{"line":108,"column":81}},"48":{"start":{"line":109,"column":6},"end":{"line":109,"column":60}},"49":{"start":{"line":110,"column":6},"end":{"line":110,"column":22}},"50":{"start":{"line":111,"column":6},"end":{"line":111,"column":18}},"51":{"start":{"line":115,"column":2},"end":{"line":122,"column":4}}},"fnMap":{"0":{"name":"useOfflineSync","decl":{"start":{"line":15,"column":16},"end":{"line":15,"column":30}},"loc":{"start":{"line":20,"column":26},"end":{"line":123,"column":1}},"line":20},"1":{"name":"(anonymous_1)","decl":{"start":{"line":26,"column":12},"end":{"line":26,"column":13}},"loc":{"start":{"line":26,"column":18},"end":{"line":50,"column":3}},"line":26},"2":{"name":"(anonymous_2)","decl":{"start":{"line":27,"column":21},"end":{"line":27,"column":22}},"loc":{"start":{"line":27,"column":33},"end":{"line":47,"column":5}},"line":27},"3":{"name":"(anonymous_3)","decl":{"start":{"line":54,"column":4},"end":{"line":54,"column":5}},"loc":{"start":{"line":54,"column":26},"end":{"line":82,"column":5}},"line":54},"4":{"name":"(anonymous_4)","decl":{"start":{"line":87,"column":32},"end":{"line":87,"column":33}},"loc":{"start":{"line":87,"column":44},"end":{"line":98,"column":3}},"line":87},"5":{"name":"(anonymous_5)","decl":{"start":{"line":101,"column":27},"end":{"line":101,"column":28}},"loc":{"start":{"line":101,"column":39},"end":{"line":113,"column":3}},"line":101}},"branchMap":{"0":{"loc":{"start":{"line":28,"column":6},"end":{"line":30,"column":7}},"type":"if","locations":[{"start":{"line":28,"column":6},"end":{"line":30,"column":7}},{"start":{},"end":{}}],"line":28},"1":{"loc":{"start":{"line":34,"column":8},"end":{"line":39,"column":9}},"type":"if","locations":[{"start":{"line":34,"column":8},"end":{"line":39,"column":9}},{"start":{},"end":{}}],"line":34},"2":{"loc":{"start":{"line":36,"column":10},"end":{"line":38,"column":11}},"type":"if","locations":[{"start":{"line":36,"column":10},"end":{"line":38,"column":11}},{"start":{},"end":{}}],"line":36},"3":{"loc":{"start":{"line":36,"column":14},"end":{"line":36,"column":55}},"type":"binary-expr","locations":[{"start":{"line":36,"column":14},"end":{"line":36,"column":27}},{"start":{"line":36,"column":31},"end":{"line":36,"column":55}}],"line":36},"4":{"loc":{"start":{"line":41,"column":22},"end":{"line":41,"column":91}},"type":"cond-expr","locations":[{"start":{"line":41,"column":45},"end":{"line":41,"column":48}},{"start":{"line":41,"column":51},"end":{"line":41,"column":91}}],"line":41},"5":{"loc":{"start":{"line":58,"column":8},"end":{"line":60,"column":9}},"type":"if","locations":[{"start":{"line":58,"column":8},"end":{"line":60,"column":9}},{"start":{},"end":{}}],"line":58},"6":{"loc":{"start":{"line":58,"column":12},"end":{"line":58,"column":50}},"type":"binary-expr","locations":[{"start":{"line":58,"column":12},"end":{"line":58,"column":24}},{"start":{"line":58,"column":28},"end":{"line":58,"column":50}}],"line":58},"7":{"loc":{"start":{"line":69,"column":8},"end":{"line":75,"column":9}},"type":"if","locations":[{"start":{"line":69,"column":8},"end":{"line":75,"column":9}},{"start":{},"end":{}}],"line":69},"8":{"loc":{"start":{"line":77,"column":22},"end":{"line":77,"column":93}},"type":"cond-expr","locations":[{"start":{"line":77,"column":45},"end":{"line":77,"column":48}},{"start":{"line":77,"column":51},"end":{"line":77,"column":93}}],"line":77},"9":{"loc":{"start":{"line":93,"column":20},"end":{"line":93,"column":90}},"type":"cond-expr","locations":[{"start":{"line":93,"column":43},"end":{"line":93,"column":46}},{"start":{"line":93,"column":49},"end":{"line":93,"column":90}}],"line":93},"10":{"loc":{"start":{"line":102,"column":4},"end":{"line":102,"column":33}},"type":"if","locations":[{"start":{"line":102,"column":4},"end":{"line":102,"column":33}},{"start":{},"end":{}}],"line":102},"11":{"loc":{"start":{"line":102,"column":8},"end":{"line":102,"column":24}},"type":"binary-expr","locations":[{"start":{"line":102,"column":8},"end":{"line":102,"column":13}},{"start":{"line":102,"column":17},"end":{"line":102,"column":24}}],"line":102},"12":{"loc":{"start":{"line":108,"column":20},"end":{"line":108,"column":81}},"type":"cond-expr","locations":[{"start":{"line":108,"column":43},"end":{"line":108,"column":46}},{"start":{"line":108,"column":49},"end":{"line":108,"column":81}}],"line":108}},"s":{"0":1,"1":23,"2":23,"3":23,"4":23,"5":13,"6":13,"7":7,"8":6,"9":6,"10":5,"11":2,"12":2,"13":1,"14":1,"15":1,"16":1,"17":6,"18":13,"19":23,"20":2,"21":2,"22":2,"23":1,"24":1,"25":1,"26":1,"27":1,"28":1,"29":1,"30":1,"31":1,"32":23,"33":1,"34":1,"35":1,"36":1,"37":0,"38":0,"39":0,"40":0,"41":23,"42":3,"43":1,"44":2,"45":2,"46":2,"47":1,"48":1,"49":1,"50":1,"51":23},"f":{"0":23,"1":13,"2":13,"3":2,"4":1,"5":3},"b":{"0":[7,6],"1":[2,3],"2":[1,1],"3":[2,1],"4":[1,0],"5":[1,1],"6":[2,1],"7":[1,0],"8":[1,0],"9":[0,0],"10":[1,2],"11":[3,2],"12":[1,0]},"_coverageSchema":"1a1c01bbd47fc00a2c39e90264f33305004495a9","hash":"e53664cf3056fdfbca93eeb4079570013e0a6b6d"}
,"D:\\4. FitFaster\\fitfaster\\src\\hooks\\useOnboardingAnalytics.ts": {"path":"D:\\4. FitFaster\\fitfaster\\src\\hooks\\useOnboardingAnalytics.ts","statementMap":{"0":{"start":{"line":5,"column":24},"end":{"line":5,"column":50}},"1":{"start":{"line":6,"column":22},"end":{"line":6,"column":40}},"2":{"start":{"line":8,"column":24},"end":{"line":14,"column":8}},"3":{"start":{"line":9,"column":22},"end":{"line":9,"column":56}},"4":{"start":{"line":10,"column":4},"end":{"line":13,"column":7}},"5":{"start":{"line":16,"column":2},"end":{"line":23,"column":22}},"6":{"start":{"line":17,"column":17},"end":{"line":17,"column":36}},"7":{"start":{"line":18,"column":4},"end":{"line":22,"column":6}},"8":{"start":{"line":19,"column":6},"end":{"line":21,"column":7}},"9":{"start":{"line":20,"column":8},"end":{"line":20,"column":28}},"10":{"start":{"line":26,"column":2},"end":{"line":37,"column":4}}},"fnMap":{"0":{"name":"useOnboardingAnalytics","decl":{"start":{"line":4,"column":16},"end":{"line":4,"column":38}},"loc":{"start":{"line":4,"column":41},"end":{"line":38,"column":1}},"line":4},"1":{"name":"(anonymous_1)","decl":{"start":{"line":8,"column":36},"end":{"line":8,"column":37}},"loc":{"start":{"line":8,"column":58},"end":{"line":14,"column":3}},"line":8},"2":{"name":"(anonymous_2)","decl":{"start":{"line":16,"column":12},"end":{"line":16,"column":13}},"loc":{"start":{"line":16,"column":18},"end":{"line":23,"column":3}},"line":16},"3":{"name":"(anonymous_3)","decl":{"start":{"line":18,"column":11},"end":{"line":18,"column":12}},"loc":{"start":{"line":18,"column":17},"end":{"line":22,"column":5}},"line":18}},"branchMap":{"0":{"loc":{"start":{"line":19,"column":6},"end":{"line":21,"column":7}},"type":"if","locations":[{"start":{"line":19,"column":6},"end":{"line":21,"column":7}},{"start":{},"end":{}}],"line":19}},"s":{"0":5,"1":5,"2":5,"3":0,"4":0,"5":5,"6":0,"7":0,"8":0,"9":0,"10":5},"f":{"0":5,"1":0,"2":0,"3":0},"b":{"0":[0,0]},"_coverageSchema":"1a1c01bbd47fc00a2c39e90264f33305004495a9","hash":"2b97ff60eb6841a72e9d080ec4c20b0357df111a"}
,"D:\\4. FitFaster\\fitfaster\\src\\hooks\\usePerformanceMonitoring.ts": {"path":"D:\\4. FitFaster\\fitfaster\\src\\hooks\\usePerformanceMonitoring.ts","statementMap":{"0":{"start":{"line":10,"column":40},"end":{"line":69,"column":1}},"1":{"start":{"line":15,"column":26},"end":{"line":15,"column":51}},"2":{"start":{"line":17,"column":2},"end":{"line":27,"column":56}},"3":{"start":{"line":18,"column":4},"end":{"line":18,"column":56}},"4":{"start":{"line":20,"column":4},"end":{"line":26,"column":5}},"5":{"start":{"line":21,"column":24},"end":{"line":21,"column":47}},"6":{"start":{"line":22,"column":6},"end":{"line":25,"column":8}},"7":{"start":{"line":23,"column":25},"end":{"line":23,"column":54}},"8":{"start":{"line":24,"column":8},"end":{"line":24,"column":69}},"9":{"start":{"line":29,"column":25},"end":{"line":42,"column":3}},"10":{"start":{"line":35,"column":6},"end":{"line":39,"column":9}},"11":{"start":{"line":44,"column":29},"end":{"line":53,"column":3}},"12":{"start":{"line":46,"column":6},"end":{"line":50,"column":9}},"13":{"start":{"line":55,"column":21},"end":{"line":57,"column":8}},"14":{"start":{"line":56,"column":4},"end":{"line":56,"column":46}},"15":{"start":{"line":59,"column":27},"end":{"line":61,"column":8}},"16":{"start":{"line":60,"column":4},"end":{"line":60,"column":62}},"17":{"start":{"line":63,"column":2},"end":{"line":68,"column":4}}},"fnMap":{"0":{"name":"(anonymous_0)","decl":{"start":{"line":10,"column":40},"end":{"line":10,"column":41}},"loc":{"start":{"line":14,"column":36},"end":{"line":69,"column":1}},"line":14},"1":{"name":"(anonymous_1)","decl":{"start":{"line":17,"column":12},"end":{"line":17,"column":13}},"loc":{"start":{"line":17,"column":18},"end":{"line":27,"column":3}},"line":17},"2":{"name":"(anonymous_2)","decl":{"start":{"line":22,"column":13},"end":{"line":22,"column":14}},"loc":{"start":{"line":22,"column":19},"end":{"line":25,"column":7}},"line":22},"3":{"name":"(anonymous_3)","decl":{"start":{"line":30,"column":4},"end":{"line":30,"column":5}},"loc":{"start":{"line":34,"column":21},"end":{"line":40,"column":5}},"line":34},"4":{"name":"(anonymous_4)","decl":{"start":{"line":45,"column":4},"end":{"line":45,"column":5}},"loc":{"start":{"line":45,"column":80},"end":{"line":51,"column":5}},"line":45},"5":{"name":"(anonymous_5)","decl":{"start":{"line":55,"column":33},"end":{"line":55,"column":34}},"loc":{"start":{"line":55,"column":39},"end":{"line":57,"column":3}},"line":55},"6":{"name":"(anonymous_6)","decl":{"start":{"line":59,"column":39},"end":{"line":59,"column":40}},"loc":{"start":{"line":59,"column":75},"end":{"line":61,"column":3}},"line":59}},"branchMap":{"0":{"loc":{"start":{"line":13,"column":2},"end":{"line":13,"column":30}},"type":"default-arg","locations":[{"start":{"line":13,"column":25},"end":{"line":13,"column":30}}],"line":13},"1":{"loc":{"start":{"line":20,"column":4},"end":{"line":26,"column":5}},"type":"if","locations":[{"start":{"line":20,"column":4},"end":{"line":26,"column":5}},{"start":{},"end":{}}],"line":20}},"s":{"0":1,"1":7,"2":7,"3":7,"4":7,"5":1,"6":1,"7":1,"8":1,"9":7,"10":2,"11":7,"12":1,"13":7,"14":1,"15":7,"16":1,"17":7},"f":{"0":7,"1":7,"2":1,"3":2,"4":1,"5":1,"6":1},"b":{"0":[6],"1":[1,6]},"_coverageSchema":"1a1c01bbd47fc00a2c39e90264f33305004495a9","hash":"be436314920d26f71403cc721cff4e6102784aa9"}
,"D:\\4. FitFaster\\fitfaster\\src\\hooks\\useSupplementAnalytics.ts": {"path":"D:\\4. FitFaster\\fitfaster\\src\\hooks\\useSupplementAnalytics.ts","statementMap":{"0":{"start":{"line":7,"column":33},"end":{"line":7,"column":59}},"1":{"start":{"line":9,"column":29},"end":{"line":19,"column":8}},"2":{"start":{"line":10,"column":4},"end":{"line":18,"column":7}},"3":{"start":{"line":21,"column":32},"end":{"line":26,"column":8}},"4":{"start":{"line":22,"column":4},"end":{"line":25,"column":7}},"5":{"start":{"line":28,"column":25},"end":{"line":38,"column":8}},"6":{"start":{"line":33,"column":4},"end":{"line":37,"column":7}},"7":{"start":{"line":40,"column":31},"end":{"line":50,"column":8}},"8":{"start":{"line":45,"column":4},"end":{"line":49,"column":7}},"9":{"start":{"line":52,"column":27},"end":{"line":58,"column":26}},"10":{"start":{"line":53,"column":21},"end":{"line":53,"column":72}},"11":{"start":{"line":54,"column":4},"end":{"line":57,"column":7}},"12":{"start":{"line":60,"column":24},"end":{"line":65,"column":26}},"13":{"start":{"line":61,"column":21},"end":{"line":61,"column":69}},"14":{"start":{"line":62,"column":4},"end":{"line":64,"column":7}},"15":{"start":{"line":67,"column":2},"end":{"line":74,"column":4}}},"fnMap":{"0":{"name":"useSupplementAnalytics","decl":{"start":{"line":6,"column":16},"end":{"line":6,"column":38}},"loc":{"start":{"line":6,"column":41},"end":{"line":75,"column":1}},"line":6},"1":{"name":"(anonymous_1)","decl":{"start":{"line":9,"column":41},"end":{"line":9,"column":42}},"loc":{"start":{"line":9,"column":69},"end":{"line":19,"column":3}},"line":9},"2":{"name":"(anonymous_2)","decl":{"start":{"line":21,"column":44},"end":{"line":21,"column":45}},"loc":{"start":{"line":21,"column":72},"end":{"line":26,"column":3}},"line":21},"3":{"name":"(anonymous_3)","decl":{"start":{"line":28,"column":37},"end":{"line":28,"column":38}},"loc":{"start":{"line":32,"column":7},"end":{"line":38,"column":3}},"line":32},"4":{"name":"(anonymous_4)","decl":{"start":{"line":40,"column":43},"end":{"line":40,"column":44}},"loc":{"start":{"line":44,"column":7},"end":{"line":50,"column":3}},"line":44},"5":{"name":"(anonymous_5)","decl":{"start":{"line":52,"column":39},"end":{"line":52,"column":40}},"loc":{"start":{"line":52,"column":71},"end":{"line":58,"column":3}},"line":52},"6":{"name":"(anonymous_6)","decl":{"start":{"line":60,"column":36},"end":{"line":60,"column":37}},"loc":{"start":{"line":60,"column":48},"end":{"line":65,"column":3}},"line":60}},"branchMap":{},"s":{"0":4,"1":4,"2":1,"3":4,"4":1,"5":4,"6":1,"7":4,"8":0,"9":4,"10":1,"11":1,"12":4,"13":0,"14":0,"15":4},"f":{"0":4,"1":1,"2":1,"3":1,"4":0,"5":1,"6":0},"b":{},"_coverageSchema":"1a1c01bbd47fc00a2c39e90264f33305004495a9","hash":"4fd307fdbcd6d0b6a2e49add61624d9e221ff190"}
,"D:\\4. FitFaster\\fitfaster\\src\\hooks\\useSupplementPerformance.ts": {"path":"D:\\4. FitFaster\\fitfaster\\src\\hooks\\useSupplementPerformance.ts","statementMap":{"0":{"start":{"line":21,"column":33},"end":{"line":21,"column":59}},"1":{"start":{"line":22,"column":22},"end":{"line":22,"column":31}},"2":{"start":{"line":24,"column":28},"end":{"line":34,"column":8}},"3":{"start":{"line":25,"column":4},"end":{"line":33,"column":7}},"4":{"start":{"line":26,"column":24},"end":{"line":26,"column":41}},"5":{"start":{"line":27,"column":6},"end":{"line":32,"column":7}},"6":{"start":{"line":28,"column":8},"end":{"line":28,"column":26}},"7":{"start":{"line":30,"column":25},"end":{"line":30,"column":54}},"8":{"start":{"line":31,"column":8},"end":{"line":31,"column":55}},"9":{"start":{"line":36,"column":32},"end":{"line":43,"column":8}},"10":{"start":{"line":37,"column":4},"end":{"line":42,"column":8}},"11":{"start":{"line":37,"column":42},"end":{"line":42,"column":5}},"12":{"start":{"line":45,"column":22},"end":{"line":48,"column":26}},"13":{"start":{"line":46,"column":4},"end":{"line":46,"column":29}},"14":{"start":{"line":47,"column":4},"end":{"line":47,"column":73}},"15":{"start":{"line":50,"column":29},"end":{"line":64,"column":8}},"16":{"start":{"line":51,"column":4},"end":{"line":63,"column":6}},"17":{"start":{"line":53,"column":60},"end":{"line":57,"column":7}},"18":{"start":{"line":66,"column":2},"end":{"line":71,"column":4}}},"fnMap":{"0":{"name":"useSupplementPerformance","decl":{"start":{"line":20,"column":16},"end":{"line":20,"column":40}},"loc":{"start":{"line":20,"column":43},"end":{"line":72,"column":1}},"line":20},"1":{"name":"(anonymous_1)","decl":{"start":{"line":24,"column":40},"end":{"line":24,"column":41}},"loc":{"start":{"line":24,"column":82},"end":{"line":34,"column":3}},"line":24},"2":{"name":"(anonymous_2)","decl":{"start":{"line":25,"column":50},"end":{"line":25,"column":51}},"loc":{"start":{"line":25,"column":62},"end":{"line":33,"column":5}},"line":25},"3":{"name":"(anonymous_3)","decl":{"start":{"line":36,"column":44},"end":{"line":36,"column":45}},"loc":{"start":{"line":36,"column":75},"end":{"line":43,"column":3}},"line":36},"4":{"name":"(anonymous_4)","decl":{"start":{"line":37,"column":27},"end":{"line":37,"column":28}},"loc":{"start":{"line":37,"column":42},"end":{"line":42,"column":5}},"line":37},"5":{"name":"(anonymous_5)","decl":{"start":{"line":45,"column":34},"end":{"line":45,"column":35}},"loc":{"start":{"line":45,"column":61},"end":{"line":48,"column":3}},"line":45},"6":{"name":"(anonymous_6)","decl":{"start":{"line":50,"column":41},"end":{"line":50,"column":42}},"loc":{"start":{"line":50,"column":138},"end":{"line":64,"column":3}},"line":50},"7":{"name":"(anonymous_7)","decl":{"start":{"line":53,"column":21},"end":{"line":53,"column":22}},"loc":{"start":{"line":53,"column":60},"end":{"line":57,"column":7}},"line":53}},"branchMap":{},"s":{"0":4,"1":4,"2":4,"3":1,"4":1,"5":1,"6":1,"7":1,"8":1,"9":4,"10":1,"11":1,"12":4,"13":1,"14":1,"15":4,"16":1,"17":0,"18":4},"f":{"0":4,"1":1,"2":1,"3":1,"4":1,"5":1,"6":1,"7":0},"b":{},"_coverageSchema":"1a1c01bbd47fc00a2c39e90264f33305004495a9","hash":"b81adc975a554aacdb778c4a694447bcb2a38631"}
,"D:\\4. FitFaster\\fitfaster\\src\\services\\error.ts": {"path":"D:\\4. FitFaster\\fitfaster\\src\\services\\error.ts","statementMap":{"0":{"start":{"line":41,"column":40},"end":{"line":41,"column":41}},"1":{"start":{"line":42,"column":33},"end":{"line":42,"column":37}},"2":{"start":{"line":43,"column":47},"end":{"line":43,"column":56}},"3":{"start":{"line":47,"column":4},"end":{"line":47,"column":60}},"4":{"start":{"line":47,"column":22},"end":{"line":47,"column":49}},"5":{"start":{"line":51,"column":4},"end":{"line":53,"column":5}},"6":{"start":{"line":52,"column":6},"end":{"line":52,"column":67}},"7":{"start":{"line":54,"column":4},"end":{"line":54,"column":42}},"8":{"start":{"line":58,"column":4},"end":{"line":58,"column":48}},"9":{"start":{"line":60,"column":4},"end":{"line":107,"column":5}},"10":{"start":{"line":62,"column":29},"end":{"line":62,"column":58}},"11":{"start":{"line":65,"column":6},"end":{"line":75,"column":7}},"12":{"start":{"line":66,"column":8},"end":{"line":74,"column":11}},"13":{"start":{"line":78,"column":23},"end":{"line":78,"column":74}},"14":{"start":{"line":79,"column":6},"end":{"line":79,"column":84}},"15":{"start":{"line":82,"column":6},"end":{"line":88,"column":9}},"16":{"start":{"line":91,"column":23},"end":{"line":91,"column":80}},"17":{"start":{"line":92,"column":6},"end":{"line":94,"column":7}},"18":{"start":{"line":93,"column":8},"end":{"line":93,"column":60}},"19":{"start":{"line":97,"column":23},"end":{"line":97,"column":64}},"20":{"start":{"line":98,"column":6},"end":{"line":100,"column":7}},"21":{"start":{"line":99,"column":8},"end":{"line":99,"column":69}},"22":{"start":{"line":104,"column":6},"end":{"line":106,"column":7}},"23":{"start":{"line":105,"column":8},"end":{"line":105,"column":57}},"24":{"start":{"line":114,"column":4},"end":{"line":139,"column":5}},"25":{"start":{"line":116,"column":8},"end":{"line":122,"column":10}},"26":{"start":{"line":120,"column":12},"end":{"line":120,"column":43}},"27":{"start":{"line":124,"column":8},"end":{"line":128,"column":10}},"28":{"start":{"line":126,"column":12},"end":{"line":126,"column":41}},"29":{"start":{"line":130,"column":8},"end":{"line":136,"column":10}},"30":{"start":{"line":134,"column":12},"end":{"line":134,"column":42}},"31":{"start":{"line":138,"column":8},"end":{"line":138,"column":20}},"32":{"start":{"line":146,"column":4},"end":{"line":171,"column":5}},"33":{"start":{"line":147,"column":6},"end":{"line":149,"column":7}},"34":{"start":{"line":148,"column":8},"end":{"line":148,"column":33}},"35":{"start":{"line":151,"column":6},"end":{"line":154,"column":7}},"36":{"start":{"line":153,"column":8},"end":{"line":153,"column":45}},"37":{"start":{"line":156,"column":6},"end":{"line":158,"column":7}},"38":{"start":{"line":157,"column":8},"end":{"line":157,"column":34}},"39":{"start":{"line":160,"column":6},"end":{"line":170,"column":7}},"40":{"start":{"line":162,"column":44},"end":{"line":167,"column":9}},"41":{"start":{"line":168,"column":31},"end":{"line":168,"column":66}},"42":{"start":{"line":169,"column":8},"end":{"line":169,"column":67}},"43":{"start":{"line":176,"column":4},"end":{"line":176,"column":45}},"44":{"start":{"line":181,"column":4},"end":{"line":181,"column":42}},"45":{"start":{"line":186,"column":4},"end":{"line":186,"column":44}},"46":{"start":{"line":190,"column":4},"end":{"line":203,"column":5}},"47":{"start":{"line":191,"column":6},"end":{"line":202,"column":7}},"48":{"start":{"line":193,"column":8},"end":{"line":201,"column":11}},"49":{"start":{"line":205,"column":4},"end":{"line":205,"column":31}},"50":{"start":{"line":209,"column":4},"end":{"line":211,"column":5}},"51":{"start":{"line":210,"column":6},"end":{"line":210,"column":35}},"52":{"start":{"line":212,"column":4},"end":{"line":214,"column":5}},"53":{"start":{"line":213,"column":6},"end":{"line":213,"column":32}},"54":{"start":{"line":215,"column":4},"end":{"line":217,"column":5}},"55":{"start":{"line":216,"column":6},"end":{"line":216,"column":32}},"56":{"start":{"line":218,"column":4},"end":{"line":220,"column":5}},"57":{"start":{"line":219,"column":6},"end":{"line":219,"column":30}},"58":{"start":{"line":221,"column":4},"end":{"line":221,"column":33}},"59":{"start":{"line":226,"column":4},"end":{"line":228,"column":5}},"60":{"start":{"line":227,"column":6},"end":{"line":227,"column":32}},"61":{"start":{"line":231,"column":4},"end":{"line":233,"column":5}},"62":{"start":{"line":232,"column":6},"end":{"line":232,"column":34}},"63":{"start":{"line":236,"column":4},"end":{"line":238,"column":5}},"64":{"start":{"line":237,"column":6},"end":{"line":237,"column":31}},"65":{"start":{"line":241,"column":4},"end":{"line":243,"column":5}},"66":{"start":{"line":242,"column":6},"end":{"line":242,"column":32}},"67":{"start":{"line":245,"column":4},"end":{"line":245,"column":32}},"68":{"start":{"line":250,"column":4},"end":{"line":252,"column":5}},"69":{"start":{"line":251,"column":6},"end":{"line":251,"column":18}},"70":{"start":{"line":255,"column":4},"end":{"line":257,"column":5}},"71":{"start":{"line":256,"column":6},"end":{"line":256,"column":18}},"72":{"start":{"line":260,"column":4},"end":{"line":262,"column":5}},"73":{"start":{"line":261,"column":6},"end":{"line":261,"column":18}},"74":{"start":{"line":264,"column":4},"end":{"line":264,"column":17}},"75":{"start":{"line":271,"column":34},"end":{"line":271,"column":38}},"76":{"start":{"line":273,"column":4},"end":{"line":286,"column":5}},"77":{"start":{"line":273,"column":23},"end":{"line":273,"column":24}},"78":{"start":{"line":274,"column":6},"end":{"line":285,"column":7}},"79":{"start":{"line":275,"column":8},"end":{"line":275,"column":33}},"80":{"start":{"line":277,"column":8},"end":{"line":277,"column":35}},"81":{"start":{"line":279,"column":8},"end":{"line":281,"column":9}},"82":{"start":{"line":280,"column":10},"end":{"line":280,"column":16}},"83":{"start":{"line":284,"column":8},"end":{"line":284,"column":86}},"84":{"start":{"line":284,"column":37},"end":{"line":284,"column":84}},"85":{"start":{"line":288,"column":4},"end":{"line":288,"column":77}},"86":{"start":{"line":292,"column":4},"end":{"line":303,"column":5}},"87":{"start":{"line":294,"column":8},"end":{"line":294,"column":62}},"88":{"start":{"line":296,"column":8},"end":{"line":296,"column":49}},"89":{"start":{"line":298,"column":8},"end":{"line":298,"column":63}},"90":{"start":{"line":300,"column":8},"end":{"line":300,"column":69}},"91":{"start":{"line":302,"column":8},"end":{"line":302,"column":75}},"92":{"start":{"line":307,"column":4},"end":{"line":309,"column":5}},"93":{"start":{"line":308,"column":6},"end":{"line":308,"column":70}},"94":{"start":{"line":311,"column":4},"end":{"line":322,"column":5}},"95":{"start":{"line":313,"column":8},"end":{"line":313,"column":89}},"96":{"start":{"line":315,"column":8},"end":{"line":315,"column":64}},"97":{"start":{"line":317,"column":8},"end":{"line":317,"column":76}},"98":{"start":{"line":319,"column":8},"end":{"line":319,"column":80}},"99":{"start":{"line":321,"column":8},"end":{"line":321,"column":65}},"100":{"start":{"line":326,"column":30},"end":{"line":326,"column":65}}},"fnMap":{"0":{"name":"(anonymous_0)","decl":{"start":{"line":45,"column":2},"end":{"line":45,"column":3}},"loc":{"start":{"line":45,"column":24},"end":{"line":48,"column":3}},"line":45},"1":{"name":"(anonymous_1)","decl":{"start":{"line":47,"column":16},"end":{"line":47,"column":17}},"loc":{"start":{"line":47,"column":22},"end":{"line":47,"column":49}},"line":47},"2":{"name":"(anonymous_2)","decl":{"start":{"line":50,"column":2},"end":{"line":50,"column":3}},"loc":{"start":{"line":50,"column":46},"end":{"line":55,"column":3}},"line":50},"3":{"name":"(anonymous_3)","decl":{"start":{"line":57,"column":2},"end":{"line":57,"column":3}},"loc":{"start":{"line":57,"column":58},"end":{"line":108,"column":3}},"line":57},"4":{"name":"(anonymous_4)","decl":{"start":{"line":110,"column":2},"end":{"line":110,"column":3}},"loc":{"start":{"line":113,"column":34},"end":{"line":140,"column":3}},"line":113},"5":{"name":"(anonymous_5)","decl":{"start":{"line":119,"column":19},"end":{"line":119,"column":20}},"loc":{"start":{"line":119,"column":31},"end":{"line":121,"column":11}},"line":119},"6":{"name":"(anonymous_6)","decl":{"start":{"line":125,"column":20},"end":{"line":125,"column":21}},"loc":{"start":{"line":125,"column":32},"end":{"line":127,"column":11}},"line":125},"7":{"name":"(anonymous_7)","decl":{"start":{"line":133,"column":20},"end":{"line":133,"column":21}},"loc":{"start":{"line":133,"column":32},"end":{"line":135,"column":11}},"line":133},"8":{"name":"(anonymous_8)","decl":{"start":{"line":142,"column":2},"end":{"line":142,"column":3}},"loc":{"start":{"line":145,"column":19},"end":{"line":172,"column":3}},"line":145},"9":{"name":"(anonymous_9)","decl":{"start":{"line":174,"column":2},"end":{"line":174,"column":3}},"loc":{"start":{"line":174,"column":51},"end":{"line":177,"column":3}},"line":174},"10":{"name":"(anonymous_10)","decl":{"start":{"line":179,"column":2},"end":{"line":179,"column":3}},"loc":{"start":{"line":179,"column":49},"end":{"line":182,"column":3}},"line":179},"11":{"name":"(anonymous_11)","decl":{"start":{"line":184,"column":2},"end":{"line":184,"column":3}},"loc":{"start":{"line":184,"column":50},"end":{"line":187,"column":3}},"line":184},"12":{"name":"(anonymous_12)","decl":{"start":{"line":189,"column":2},"end":{"line":189,"column":3}},"loc":{"start":{"line":189,"column":39},"end":{"line":206,"column":3}},"line":189},"13":{"name":"(anonymous_13)","decl":{"start":{"line":208,"column":2},"end":{"line":208,"column":3}},"loc":{"start":{"line":208,"column":47},"end":{"line":222,"column":3}},"line":208},"14":{"name":"(anonymous_14)","decl":{"start":{"line":224,"column":2},"end":{"line":224,"column":3}},"loc":{"start":{"line":224,"column":74},"end":{"line":246,"column":3}},"line":224},"15":{"name":"(anonymous_15)","decl":{"start":{"line":248,"column":2},"end":{"line":248,"column":3}},"loc":{"start":{"line":248,"column":39},"end":{"line":265,"column":3}},"line":248},"16":{"name":"(anonymous_16)","decl":{"start":{"line":267,"column":2},"end":{"line":267,"column":3}},"loc":{"start":{"line":270,"column":16},"end":{"line":289,"column":3}},"line":270},"17":{"name":"(anonymous_17)","decl":{"start":{"line":284,"column":26},"end":{"line":284,"column":27}},"loc":{"start":{"line":284,"column":37},"end":{"line":284,"column":84}},"line":284},"18":{"name":"(anonymous_18)","decl":{"start":{"line":291,"column":2},"end":{"line":291,"column":3}},"loc":{"start":{"line":291,"column":53},"end":{"line":304,"column":3}},"line":291},"19":{"name":"(anonymous_19)","decl":{"start":{"line":306,"column":2},"end":{"line":306,"column":3}},"loc":{"start":{"line":306,"column":83},"end":{"line":323,"column":3}},"line":306}},"branchMap":{"0":{"loc":{"start":{"line":51,"column":4},"end":{"line":53,"column":5}},"type":"if","locations":[{"start":{"line":51,"column":4},"end":{"line":53,"column":5}},{"start":{},"end":{}}],"line":51},"1":{"loc":{"start":{"line":65,"column":6},"end":{"line":75,"column":7}},"type":"if","locations":[{"start":{"line":65,"column":6},"end":{"line":75,"column":7}},{"start":{},"end":{}}],"line":65},"2":{"loc":{"start":{"line":79,"column":40},"end":{"line":79,"column":77}},"type":"binary-expr","locations":[{"start":{"line":79,"column":40},"end":{"line":79,"column":72}},{"start":{"line":79,"column":76},"end":{"line":79,"column":77}}],"line":79},"3":{"loc":{"start":{"line":92,"column":6},"end":{"line":94,"column":7}},"type":"if","locations":[{"start":{"line":92,"column":6},"end":{"line":94,"column":7}},{"start":{},"end":{}}],"line":92},"4":{"loc":{"start":{"line":98,"column":6},"end":{"line":100,"column":7}},"type":"if","locations":[{"start":{"line":98,"column":6},"end":{"line":100,"column":7}},{"start":{},"end":{}}],"line":98},"5":{"loc":{"start":{"line":104,"column":6},"end":{"line":106,"column":7}},"type":"if","locations":[{"start":{"line":104,"column":6},"end":{"line":106,"column":7}},{"start":{},"end":{}}],"line":104},"6":{"loc":{"start":{"line":114,"column":4},"end":{"line":139,"column":5}},"type":"switch","locations":[{"start":{"line":115,"column":6},"end":{"line":122,"column":10}},{"start":{"line":123,"column":6},"end":{"line":128,"column":10}},{"start":{"line":129,"column":6},"end":{"line":136,"column":10}},{"start":{"line":137,"column":6},"end":{"line":138,"column":20}}],"line":114},"7":{"loc":{"start":{"line":147,"column":6},"end":{"line":149,"column":7}},"type":"if","locations":[{"start":{"line":147,"column":6},"end":{"line":149,"column":7}},{"start":{},"end":{}}],"line":147},"8":{"loc":{"start":{"line":151,"column":6},"end":{"line":154,"column":7}},"type":"if","locations":[{"start":{"line":151,"column":6},"end":{"line":154,"column":7}},{"start":{},"end":{}}],"line":151},"9":{"loc":{"start":{"line":156,"column":6},"end":{"line":158,"column":7}},"type":"if","locations":[{"start":{"line":156,"column":6},"end":{"line":158,"column":7}},{"start":{},"end":{}}],"line":156},"10":{"loc":{"start":{"line":160,"column":6},"end":{"line":170,"column":7}},"type":"if","locations":[{"start":{"line":160,"column":6},"end":{"line":170,"column":7}},{"start":{},"end":{}}],"line":160},"11":{"loc":{"start":{"line":191,"column":6},"end":{"line":202,"column":7}},"type":"if","locations":[{"start":{"line":191,"column":6},"end":{"line":202,"column":7}},{"start":{},"end":{}}],"line":191},"12":{"loc":{"start":{"line":209,"column":4},"end":{"line":211,"column":5}},"type":"if","locations":[{"start":{"line":209,"column":4},"end":{"line":211,"column":5}},{"start":{},"end":{}}],"line":209},"13":{"loc":{"start":{"line":209,"column":8},"end":{"line":209,"column":76}},"type":"binary-expr","locations":[{"start":{"line":209,"column":8},"end":{"line":209,"column":41}},{"start":{"line":209,"column":45},"end":{"line":209,"column":76}}],"line":209},"14":{"loc":{"start":{"line":212,"column":4},"end":{"line":214,"column":5}},"type":"if","locations":[{"start":{"line":212,"column":4},"end":{"line":214,"column":5}},{"start":{},"end":{}}],"line":212},"15":{"loc":{"start":{"line":212,"column":8},"end":{"line":212,"column":80}},"type":"binary-expr","locations":[{"start":{"line":212,"column":8},"end":{"line":212,"column":38}},{"start":{"line":212,"column":42},"end":{"line":212,"column":80}}],"line":212},"16":{"loc":{"start":{"line":215,"column":4},"end":{"line":217,"column":5}},"type":"if","locations":[{"start":{"line":215,"column":4},"end":{"line":217,"column":5}},{"start":{},"end":{}}],"line":215},"17":{"loc":{"start":{"line":215,"column":8},"end":{"line":215,"column":73}},"type":"binary-expr","locations":[{"start":{"line":215,"column":8},"end":{"line":215,"column":38}},{"start":{"line":215,"column":42},"end":{"line":215,"column":73}}],"line":215},"18":{"loc":{"start":{"line":218,"column":4},"end":{"line":220,"column":5}},"type":"if","locations":[{"start":{"line":218,"column":4},"end":{"line":220,"column":5}},{"start":{},"end":{}}],"line":218},"19":{"loc":{"start":{"line":218,"column":8},"end":{"line":218,"column":79}},"type":"binary-expr","locations":[{"start":{"line":218,"column":8},"end":{"line":218,"column":40}},{"start":{"line":218,"column":44},"end":{"line":218,"column":79}}],"line":218},"20":{"loc":{"start":{"line":226,"column":4},"end":{"line":228,"column":5}},"type":"if","locations":[{"start":{"line":226,"column":4},"end":{"line":228,"column":5}},{"start":{},"end":{}}],"line":226},"21":{"loc":{"start":{"line":231,"column":4},"end":{"line":233,"column":5}},"type":"if","locations":[{"start":{"line":231,"column":4},"end":{"line":233,"column":5}},{"start":{},"end":{}}],"line":231},"22":{"loc":{"start":{"line":236,"column":4},"end":{"line":238,"column":5}},"type":"if","locations":[{"start":{"line":236,"column":4},"end":{"line":238,"column":5}},{"start":{},"end":{}}],"line":236},"23":{"loc":{"start":{"line":241,"column":4},"end":{"line":243,"column":5}},"type":"if","locations":[{"start":{"line":241,"column":4},"end":{"line":243,"column":5}},{"start":{},"end":{}}],"line":241},"24":{"loc":{"start":{"line":250,"column":4},"end":{"line":252,"column":5}},"type":"if","locations":[{"start":{"line":250,"column":4},"end":{"line":252,"column":5}},{"start":{},"end":{}}],"line":250},"25":{"loc":{"start":{"line":250,"column":8},"end":{"line":250,"column":78}},"type":"binary-expr","locations":[{"start":{"line":250,"column":8},"end":{"line":250,"column":41}},{"start":{"line":250,"column":45},"end":{"line":250,"column":78}}],"line":250},"26":{"loc":{"start":{"line":255,"column":4},"end":{"line":257,"column":5}},"type":"if","locations":[{"start":{"line":255,"column":4},"end":{"line":257,"column":5}},{"start":{},"end":{}}],"line":255},"27":{"loc":{"start":{"line":255,"column":8},"end":{"line":255,"column":73}},"type":"binary-expr","locations":[{"start":{"line":255,"column":8},"end":{"line":255,"column":38}},{"start":{"line":255,"column":42},"end":{"line":255,"column":73}}],"line":255},"28":{"loc":{"start":{"line":260,"column":4},"end":{"line":262,"column":5}},"type":"if","locations":[{"start":{"line":260,"column":4},"end":{"line":262,"column":5}},{"start":{},"end":{}}],"line":260},"29":{"loc":{"start":{"line":269,"column":4},"end":{"line":269,"column":49}},"type":"default-arg","locations":[{"start":{"line":269,"column":26},"end":{"line":269,"column":49}}],"line":269},"30":{"loc":{"start":{"line":279,"column":8},"end":{"line":281,"column":9}},"type":"if","locations":[{"start":{"line":279,"column":8},"end":{"line":281,"column":9}},{"start":{},"end":{}}],"line":279},"31":{"loc":{"start":{"line":288,"column":10},"end":{"line":288,"column":76}},"type":"binary-expr","locations":[{"start":{"line":288,"column":10},"end":{"line":288,"column":19}},{"start":{"line":288,"column":23},"end":{"line":288,"column":76}}],"line":288},"32":{"loc":{"start":{"line":292,"column":4},"end":{"line":303,"column":5}},"type":"switch","locations":[{"start":{"line":293,"column":6},"end":{"line":294,"column":62}},{"start":{"line":295,"column":6},"end":{"line":296,"column":49}},{"start":{"line":297,"column":6},"end":{"line":298,"column":63}},{"start":{"line":299,"column":6},"end":{"line":300,"column":69}},{"start":{"line":301,"column":6},"end":{"line":302,"column":75}}],"line":292},"33":{"loc":{"start":{"line":307,"column":4},"end":{"line":309,"column":5}},"type":"if","locations":[{"start":{"line":307,"column":4},"end":{"line":309,"column":5}},{"start":{},"end":{}}],"line":307},"34":{"loc":{"start":{"line":311,"column":4},"end":{"line":322,"column":5}},"type":"switch","locations":[{"start":{"line":312,"column":6},"end":{"line":313,"column":89}},{"start":{"line":314,"column":6},"end":{"line":315,"column":64}},{"start":{"line":316,"column":6},"end":{"line":317,"column":76}},{"start":{"line":318,"column":6},"end":{"line":319,"column":80}},{"start":{"line":320,"column":6},"end":{"line":321,"column":65}}],"line":311}},"s":{"0":2,"1":2,"2":2,"3":2,"4":0,"5":2,"6":2,"7":2,"8":16,"9":16,"10":16,"11":16,"12":16,"13":16,"14":16,"15":16,"16":16,"17":16,"18":16,"19":16,"20":16,"21":0,"22":0,"23":0,"24":16,"25":2,"26":2,"27":13,"28":13,"29":1,"30":1,"31":0,"32":16,"33":16,"34":2,"35":16,"36":3,"37":16,"38":14,"39":0,"40":0,"41":0,"42":0,"43":2,"44":13,"45":1,"46":1,"47":4,"48":1,"49":1,"50":0,"51":0,"52":0,"53":0,"54":0,"55":0,"56":0,"57":0,"58":0,"59":0,"60":0,"61":0,"62":0,"63":0,"64":0,"65":0,"66":0,"67":0,"68":0,"69":0,"70":0,"71":0,"72":0,"73":0,"74":0,"75":0,"76":0,"77":0,"78":0,"79":0,"80":0,"81":0,"82":0,"83":0,"84":0,"85":0,"86":0,"87":0,"88":0,"89":0,"90":0,"91":0,"92":0,"93":0,"94":0,"95":0,"96":0,"97":0,"98":0,"99":0,"100":2},"f":{"0":2,"1":0,"2":2,"3":16,"4":16,"5":2,"6":13,"7":1,"8":16,"9":2,"10":13,"11":1,"12":1,"13":0,"14":0,"15":0,"16":0,"17":0,"18":0,"19":0},"b":{"0":[2,0],"1":[16,0],"2":[16,4],"3":[16,0],"4":[0,16],"5":[0,0],"6":[2,13,1,0],"7":[2,14],"8":[3,13],"9":[14,2],"10":[0,0],"11":[1,3],"12":[0,0],"13":[0,0],"14":[0,0],"15":[0,0],"16":[0,0],"17":[0,0],"18":[0,0],"19":[0,0],"20":[0,0],"21":[0,0],"22":[0,0],"23":[0,0],"24":[0,0],"25":[0,0],"26":[0,0],"27":[0,0],"28":[0,0],"29":[0],"30":[0,0],"31":[0,0],"32":[0,0,0,0,0],"33":[0,0],"34":[0,0,0,0,0]},"_coverageSchema":"1a1c01bbd47fc00a2c39e90264f33305004495a9","hash":"2092776864ab3bc54d02f2fdce0afb0319ae8eaf"}
,"D:\\4. FitFaster\\fitfaster\\src\\services\\performance.ts": {"path":"D:\\4. FitFaster\\fitfaster\\src\\services\\performance.ts","statementMap":{"0":{"start":{"line":23,"column":49},"end":{"line":23,"column":58}},"1":{"start":{"line":24,"column":41},"end":{"line":24,"column":43}},"2":{"start":{"line":29,"column":4},"end":{"line":31,"column":5}},"3":{"start":{"line":30,"column":6},"end":{"line":30,"column":81}},"4":{"start":{"line":32,"column":4},"end":{"line":32,"column":49}},"5":{"start":{"line":36,"column":4},"end":{"line":36,"column":39}},"6":{"start":{"line":37,"column":4},"end":{"line":39,"column":6}},"7":{"start":{"line":38,"column":6},"end":{"line":38,"column":44}},"8":{"start":{"line":43,"column":4},"end":{"line":43,"column":30}},"9":{"start":{"line":44,"column":4},"end":{"line":44,"column":63}},"10":{"start":{"line":44,"column":45},"end":{"line":44,"column":61}},"11":{"start":{"line":47,"column":4},"end":{"line":54,"column":7}},"12":{"start":{"line":62,"column":22},"end":{"line":62,"column":39}},"13":{"start":{"line":63,"column":4},"end":{"line":95,"column":5}},"14":{"start":{"line":64,"column":21},"end":{"line":64,"column":34}},"15":{"start":{"line":65,"column":23},"end":{"line":65,"column":52}},"16":{"start":{"line":67,"column":6},"end":{"line":76,"column":9}},"17":{"start":{"line":78,"column":6},"end":{"line":78,"column":20}},"18":{"start":{"line":80,"column":23},"end":{"line":80,"column":52}},"19":{"start":{"line":82,"column":6},"end":{"line":92,"column":9}},"20":{"start":{"line":94,"column":6},"end":{"line":94,"column":18}},"21":{"start":{"line":99,"column":22},"end":{"line":99,"column":39}},"22":{"start":{"line":100,"column":4},"end":{"line":109,"column":7}},"23":{"start":{"line":101,"column":23},"end":{"line":101,"column":52}},"24":{"start":{"line":102,"column":6},"end":{"line":108,"column":9}},"25":{"start":{"line":113,"column":4},"end":{"line":119,"column":7}},"26":{"start":{"line":123,"column":22},"end":{"line":123,"column":39}},"27":{"start":{"line":124,"column":4},"end":{"line":124,"column":15}},"28":{"start":{"line":125,"column":21},"end":{"line":125,"column":50}},"29":{"start":{"line":126,"column":4},"end":{"line":132,"column":7}},"30":{"start":{"line":136,"column":4},"end":{"line":136,"column":24}},"31":{"start":{"line":140,"column":28},"end":{"line":142,"column":5}},"32":{"start":{"line":141,"column":16},"end":{"line":141,"column":60}},"33":{"start":{"line":144,"column":4},"end":{"line":144,"column":47}},"34":{"start":{"line":144,"column":38},"end":{"line":144,"column":47}},"35":{"start":{"line":146,"column":18},"end":{"line":146,"column":83}},"36":{"start":{"line":146,"column":58},"end":{"line":146,"column":79}},"37":{"start":{"line":147,"column":4},"end":{"line":147,"column":42}},"38":{"start":{"line":151,"column":37},"end":{"line":151,"column":79}}},"fnMap":{"0":{"name":"(anonymous_0)","decl":{"start":{"line":26,"column":2},"end":{"line":26,"column":3}},"loc":{"start":{"line":26,"column":24},"end":{"line":26,"column":26}},"line":26},"1":{"name":"(anonymous_1)","decl":{"start":{"line":28,"column":2},"end":{"line":28,"column":3}},"loc":{"start":{"line":28,"column":53},"end":{"line":33,"column":3}},"line":28},"2":{"name":"(anonymous_2)","decl":{"start":{"line":35,"column":2},"end":{"line":35,"column":3}},"loc":{"start":{"line":35,"column":49},"end":{"line":40,"column":3}},"line":35},"3":{"name":"(anonymous_3)","decl":{"start":{"line":37,"column":11},"end":{"line":37,"column":12}},"loc":{"start":{"line":37,"column":17},"end":{"line":39,"column":5}},"line":37},"4":{"name":"(anonymous_4)","decl":{"start":{"line":42,"column":2},"end":{"line":42,"column":3}},"loc":{"start":{"line":42,"column":56},"end":{"line":55,"column":3}},"line":42},"5":{"name":"(anonymous_5)","decl":{"start":{"line":44,"column":33},"end":{"line":44,"column":34}},"loc":{"start":{"line":44,"column":45},"end":{"line":44,"column":61}},"line":44},"6":{"name":"(anonymous_6)","decl":{"start":{"line":57,"column":2},"end":{"line":57,"column":3}},"loc":{"start":{"line":61,"column":16},"end":{"line":96,"column":3}},"line":61},"7":{"name":"(anonymous_7)","decl":{"start":{"line":98,"column":2},"end":{"line":98,"column":3}},"loc":{"start":{"line":98,"column":76},"end":{"line":110,"column":3}},"line":98},"8":{"name":"(anonymous_8)","decl":{"start":{"line":100,"column":26},"end":{"line":100,"column":27}},"loc":{"start":{"line":100,"column":32},"end":{"line":109,"column":5}},"line":100},"9":{"name":"(anonymous_9)","decl":{"start":{"line":112,"column":2},"end":{"line":112,"column":3}},"loc":{"start":{"line":112,"column":90},"end":{"line":120,"column":3}},"line":112},"10":{"name":"(anonymous_10)","decl":{"start":{"line":122,"column":2},"end":{"line":122,"column":3}},"loc":{"start":{"line":122,"column":99},"end":{"line":133,"column":3}},"line":122},"11":{"name":"(anonymous_11)","decl":{"start":{"line":135,"column":2},"end":{"line":135,"column":3}},"loc":{"start":{"line":135,"column":36},"end":{"line":137,"column":3}},"line":135},"12":{"name":"(anonymous_12)","decl":{"start":{"line":139,"column":2},"end":{"line":139,"column":3}},"loc":{"start":{"line":139,"column":59},"end":{"line":148,"column":3}},"line":139},"13":{"name":"(anonymous_13)","decl":{"start":{"line":141,"column":6},"end":{"line":141,"column":7}},"loc":{"start":{"line":141,"column":16},"end":{"line":141,"column":60}},"line":141},"14":{"name":"(anonymous_14)","decl":{"start":{"line":146,"column":41},"end":{"line":146,"column":42}},"loc":{"start":{"line":146,"column":58},"end":{"line":146,"column":79}},"line":146}},"branchMap":{"0":{"loc":{"start":{"line":29,"column":4},"end":{"line":31,"column":5}},"type":"if","locations":[{"start":{"line":29,"column":4},"end":{"line":31,"column":5}},{"start":{},"end":{}}],"line":29},"1":{"loc":{"start":{"line":141,"column":16},"end":{"line":141,"column":60}},"type":"binary-expr","locations":[{"start":{"line":141,"column":16},"end":{"line":141,"column":36}},{"start":{"line":141,"column":40},"end":{"line":141,"column":60}}],"line":141},"2":{"loc":{"start":{"line":144,"column":4},"end":{"line":144,"column":47}},"type":"if","locations":[{"start":{"line":144,"column":4},"end":{"line":144,"column":47}},{"start":{},"end":{}}],"line":144}},"s":{"0":2,"1":2,"2":2,"3":2,"4":2,"5":3,"6":3,"7":0,"8":4,"9":4,"10":0,"11":4,"12":4,"13":4,"14":4,"15":4,"16":4,"17":4,"18":0,"19":0,"20":0,"21":1,"22":1,"23":0,"24":0,"25":0,"26":0,"27":0,"28":0,"29":0,"30":4,"31":1,"32":4,"33":1,"34":0,"35":1,"36":4,"37":1,"38":2},"f":{"0":2,"1":2,"2":3,"3":0,"4":4,"5":0,"6":4,"7":1,"8":0,"9":0,"10":0,"11":4,"12":1,"13":4,"14":4},"b":{"0":[2,0],"1":[4,4],"2":[0,1]},"_coverageSchema":"1a1c01bbd47fc00a2c39e90264f33305004495a9","hash":"718f74a1cefadedd0d6a8b2abf054f7c4ec229f9"}
,"D:\\4. FitFaster\\fitfaster\\src\\store\\auth.store.ts": {"path":"D:\\4. FitFaster\\fitfaster\\src\\store\\auth.store.ts","statementMap":{"0":{"start":{"line":40,"column":28},"end":{"line":245,"column":1}},"1":{"start":{"line":42,"column":12},"end":{"line":242,"column":5}},"2":{"start":{"line":53,"column":8},"end":{"line":53,"column":46}},"3":{"start":{"line":54,"column":8},"end":{"line":71,"column":9}},"4":{"start":{"line":55,"column":34},"end":{"line":55,"column":66}},"5":{"start":{"line":57,"column":10},"end":{"line":57,"column":33}},"6":{"start":{"line":57,"column":21},"end":{"line":57,"column":33}},"7":{"start":{"line":59,"column":10},"end":{"line":65,"column":11}},"8":{"start":{"line":60,"column":12},"end":{"line":64,"column":15}},"9":{"start":{"line":67,"column":28},"end":{"line":67,"column":46}},"10":{"start":{"line":68,"column":10},"end":{"line":68,"column":44}},"11":{"start":{"line":70,"column":10},"end":{"line":70,"column":36}},"12":{"start":{"line":76,"column":8},"end":{"line":76,"column":46}},"13":{"start":{"line":77,"column":8},"end":{"line":112,"column":9}},"14":{"start":{"line":78,"column":28},"end":{"line":81,"column":12}},"15":{"start":{"line":83,"column":10},"end":{"line":83,"column":33}},"16":{"start":{"line":83,"column":21},"end":{"line":83,"column":33}},"17":{"start":{"line":86,"column":23},"end":{"line":86,"column":77}},"18":{"start":{"line":87,"column":28},"end":{"line":87,"column":38}},"19":{"start":{"line":88,"column":10},"end":{"line":88,"column":60}},"20":{"start":{"line":91,"column":10},"end":{"line":95,"column":13}},"21":{"start":{"line":98,"column":10},"end":{"line":103,"column":13}},"22":{"start":{"line":105,"column":10},"end":{"line":105,"column":47}},"23":{"start":{"line":107,"column":28},"end":{"line":107,"column":46}},"24":{"start":{"line":108,"column":10},"end":{"line":108,"column":44}},"25":{"start":{"line":109,"column":10},"end":{"line":109,"column":65}},"26":{"start":{"line":111,"column":10},"end":{"line":111,"column":36}},"27":{"start":{"line":117,"column":8},"end":{"line":117,"column":46}},"28":{"start":{"line":118,"column":8},"end":{"line":159,"column":9}},"29":{"start":{"line":119,"column":22},"end":{"line":119,"column":46}},"30":{"start":{"line":122,"column":34},"end":{"line":128,"column":21}},"31":{"start":{"line":130,"column":10},"end":{"line":133,"column":11}},"32":{"start":{"line":131,"column":12},"end":{"line":131,"column":57}},"33":{"start":{"line":132,"column":12},"end":{"line":132,"column":25}},"34":{"start":{"line":136,"column":10},"end":{"line":136,"column":78}},"35":{"start":{"line":139,"column":32},"end":{"line":139,"column":64}},"36":{"start":{"line":141,"column":10},"end":{"line":143,"column":11}},"37":{"start":{"line":142,"column":12},"end":{"line":142,"column":79}},"38":{"start":{"line":145,"column":10},"end":{"line":150,"column":13}},"39":{"start":{"line":152,"column":10},"end":{"line":152,"column":22}},"40":{"start":{"line":154,"column":28},"end":{"line":154,"column":46}},"41":{"start":{"line":155,"column":10},"end":{"line":155,"column":44}},"42":{"start":{"line":156,"column":10},"end":{"line":156,"column":23}},"43":{"start":{"line":158,"column":10},"end":{"line":158,"column":36}},"44":{"start":{"line":164,"column":8},"end":{"line":164,"column":46}},"45":{"start":{"line":165,"column":8},"end":{"line":186,"column":9}},"46":{"start":{"line":166,"column":34},"end":{"line":169,"column":12}},"47":{"start":{"line":171,"column":10},"end":{"line":171,"column":33}},"48":{"start":{"line":171,"column":21},"end":{"line":171,"column":33}},"49":{"start":{"line":173,"column":10},"end":{"line":177,"column":13}},"50":{"start":{"line":179,"column":10},"end":{"line":179,"column":60}},"51":{"start":{"line":181,"column":28},"end":{"line":181,"column":46}},"52":{"start":{"line":182,"column":10},"end":{"line":182,"column":44}},"53":{"start":{"line":183,"column":10},"end":{"line":183,"column":65}},"54":{"start":{"line":185,"column":10},"end":{"line":185,"column":36}},"55":{"start":{"line":191,"column":8},"end":{"line":191,"column":46}},"56":{"start":{"line":192,"column":8},"end":{"line":208,"column":9}},"57":{"start":{"line":193,"column":28},"end":{"line":193,"column":57}},"58":{"start":{"line":195,"column":10},"end":{"line":195,"column":33}},"59":{"start":{"line":195,"column":21},"end":{"line":195,"column":33}},"60":{"start":{"line":197,"column":10},"end":{"line":202,"column":13}},"61":{"start":{"line":204,"column":28},"end":{"line":204,"column":46}},"62":{"start":{"line":205,"column":10},"end":{"line":205,"column":44}},"63":{"start":{"line":207,"column":10},"end":{"line":207,"column":36}},"64":{"start":{"line":213,"column":8},"end":{"line":213,"column":46}},"65":{"start":{"line":214,"column":8},"end":{"line":223,"column":9}},"66":{"start":{"line":215,"column":28},"end":{"line":215,"column":76}},"67":{"start":{"line":217,"column":10},"end":{"line":217,"column":33}},"68":{"start":{"line":217,"column":21},"end":{"line":217,"column":33}},"69":{"start":{"line":219,"column":28},"end":{"line":219,"column":46}},"70":{"start":{"line":220,"column":10},"end":{"line":220,"column":44}},"71":{"start":{"line":222,"column":10},"end":{"line":222,"column":36}},"72":{"start":{"line":227,"column":42},"end":{"line":227,"column":56}},"73":{"start":{"line":230,"column":24},"end":{"line":230,"column":44}},"74":{"start":{"line":234,"column":8},"end":{"line":241,"column":10}},"75":{"start":{"line":248,"column":28},"end":{"line":258,"column":3}},"76":{"start":{"line":249,"column":2},"end":{"line":258,"column":3}},"77":{"start":{"line":250,"column":14},"end":{"line":256,"column":5}},"78":{"start":{"line":260,"column":30},"end":{"line":274,"column":3}},"79":{"start":{"line":261,"column":2},"end":{"line":274,"column":3}},"80":{"start":{"line":262,"column":14},"end":{"line":272,"column":5}}},"fnMap":{"0":{"name":"(anonymous_0)","decl":{"start":{"line":42,"column":4},"end":{"line":42,"column":5}},"loc":{"start":{"line":42,"column":12},"end":{"line":242,"column":5}},"line":42},"1":{"name":"(anonymous_1)","decl":{"start":{"line":52,"column":18},"end":{"line":52,"column":19}},"loc":{"start":{"line":52,"column":30},"end":{"line":72,"column":7}},"line":52},"2":{"name":"(anonymous_2)","decl":{"start":{"line":75,"column":14},"end":{"line":75,"column":15}},"loc":{"start":{"line":75,"column":57},"end":{"line":113,"column":7}},"line":75},"3":{"name":"(anonymous_3)","decl":{"start":{"line":116,"column":27},"end":{"line":116,"column":28}},"loc":{"start":{"line":116,"column":66},"end":{"line":160,"column":7}},"line":116},"4":{"name":"(anonymous_4)","decl":{"start":{"line":163,"column":14},"end":{"line":163,"column":15}},"loc":{"start":{"line":163,"column":57},"end":{"line":187,"column":7}},"line":163},"5":{"name":"(anonymous_5)","decl":{"start":{"line":190,"column":15},"end":{"line":190,"column":16}},"loc":{"start":{"line":190,"column":27},"end":{"line":209,"column":7}},"line":190},"6":{"name":"(anonymous_6)","decl":{"start":{"line":212,"column":21},"end":{"line":212,"column":22}},"loc":{"start":{"line":212,"column":46},"end":{"line":224,"column":7}},"line":212},"7":{"name":"(anonymous_7)","decl":{"start":{"line":227,"column":16},"end":{"line":227,"column":17}},"loc":{"start":{"line":227,"column":42},"end":{"line":227,"column":56}},"line":227},"8":{"name":"(anonymous_8)","decl":{"start":{"line":230,"column":18},"end":{"line":230,"column":19}},"loc":{"start":{"line":230,"column":24},"end":{"line":230,"column":44}},"line":230},"9":{"name":"(anonymous_9)","decl":{"start":{"line":233,"column":13},"end":{"line":233,"column":14}},"loc":{"start":{"line":234,"column":8},"end":{"line":241,"column":10}},"line":234},"10":{"name":"(anonymous_10)","decl":{"start":{"line":248,"column":28},"end":{"line":248,"column":29}},"loc":{"start":{"line":249,"column":2},"end":{"line":258,"column":3}},"line":249},"11":{"name":"(anonymous_11)","decl":{"start":{"line":250,"column":4},"end":{"line":250,"column":5}},"loc":{"start":{"line":250,"column":14},"end":{"line":256,"column":5}},"line":250},"12":{"name":"(anonymous_12)","decl":{"start":{"line":260,"column":30},"end":{"line":260,"column":31}},"loc":{"start":{"line":261,"column":2},"end":{"line":274,"column":3}},"line":261},"13":{"name":"(anonymous_13)","decl":{"start":{"line":262,"column":4},"end":{"line":262,"column":5}},"loc":{"start":{"line":262,"column":14},"end":{"line":272,"column":5}},"line":262}},"branchMap":{"0":{"loc":{"start":{"line":57,"column":10},"end":{"line":57,"column":33}},"type":"if","locations":[{"start":{"line":57,"column":10},"end":{"line":57,"column":33}},{"start":{},"end":{}}],"line":57},"1":{"loc":{"start":{"line":59,"column":10},"end":{"line":65,"column":11}},"type":"if","locations":[{"start":{"line":59,"column":10},"end":{"line":65,"column":11}},{"start":{},"end":{}}],"line":59},"2":{"loc":{"start":{"line":83,"column":10},"end":{"line":83,"column":33}},"type":"if","locations":[{"start":{"line":83,"column":10},"end":{"line":83,"column":33}},{"start":{},"end":{}}],"line":83},"3":{"loc":{"start":{"line":130,"column":10},"end":{"line":133,"column":11}},"type":"if","locations":[{"start":{"line":130,"column":10},"end":{"line":133,"column":11}},{"start":{},"end":{}}],"line":130},"4":{"loc":{"start":{"line":130,"column":14},"end":{"line":130,"column":28}},"type":"binary-expr","locations":[{"start":{"line":130,"column":14},"end":{"line":130,"column":19}},{"start":{"line":130,"column":23},"end":{"line":130,"column":28}}],"line":130},"5":{"loc":{"start":{"line":141,"column":10},"end":{"line":143,"column":11}},"type":"if","locations":[{"start":{"line":141,"column":10},"end":{"line":143,"column":11}},{"start":{},"end":{}}],"line":141},"6":{"loc":{"start":{"line":141,"column":14},"end":{"line":141,"column":64}},"type":"binary-expr","locations":[{"start":{"line":141,"column":14},"end":{"line":141,"column":33}},{"start":{"line":141,"column":37},"end":{"line":141,"column":64}}],"line":141},"7":{"loc":{"start":{"line":142,"column":18},"end":{"line":142,"column":78}},"type":"binary-expr","locations":[{"start":{"line":142,"column":18},"end":{"line":142,"column":37}},{"start":{"line":142,"column":41},"end":{"line":142,"column":78}}],"line":142},"8":{"loc":{"start":{"line":171,"column":10},"end":{"line":171,"column":33}},"type":"if","locations":[{"start":{"line":171,"column":10},"end":{"line":171,"column":33}},{"start":{},"end":{}}],"line":171},"9":{"loc":{"start":{"line":195,"column":10},"end":{"line":195,"column":33}},"type":"if","locations":[{"start":{"line":195,"column":10},"end":{"line":195,"column":33}},{"start":{},"end":{}}],"line":195},"10":{"loc":{"start":{"line":217,"column":10},"end":{"line":217,"column":33}},"type":"if","locations":[{"start":{"line":217,"column":10},"end":{"line":217,"column":33}},{"start":{},"end":{}}],"line":217}},"s":{"0":1,"1":1,"2":2,"3":2,"4":2,"5":2,"6":1,"7":1,"8":1,"9":1,"10":1,"11":2,"12":2,"13":2,"14":2,"15":2,"16":1,"17":1,"18":1,"19":1,"20":1,"21":0,"22":0,"23":2,"24":2,"25":2,"26":2,"27":0,"28":0,"29":0,"30":0,"31":0,"32":0,"33":0,"34":0,"35":0,"36":0,"37":0,"38":0,"39":0,"40":0,"41":0,"42":0,"43":0,"44":2,"45":2,"46":2,"47":2,"48":1,"49":1,"50":1,"51":1,"52":1,"53":1,"54":2,"55":2,"56":2,"57":2,"58":2,"59":1,"60":1,"61":1,"62":1,"63":2,"64":2,"65":2,"66":2,"67":2,"68":1,"69":1,"70":1,"71":2,"72":0,"73":0,"74":0,"75":1,"76":0,"77":0,"78":1,"79":0,"80":0},"f":{"0":1,"1":2,"2":2,"3":0,"4":2,"5":2,"6":2,"7":0,"8":0,"9":0,"10":0,"11":0,"12":0,"13":0},"b":{"0":[1,1],"1":[1,0],"2":[1,1],"3":[0,0],"4":[0,0],"5":[0,0],"6":[0,0],"7":[0,0],"8":[1,1],"9":[1,1],"10":[1,1]},"_coverageSchema":"1a1c01bbd47fc00a2c39e90264f33305004495a9","hash":"5ed4ec32d30add655f232003da34aaa9ff8b914e"}
,"D:\\4. FitFaster\\fitfaster\\src\\utils\\logger.ts": {"path":"D:\\4. FitFaster\\fitfaster\\src\\utils\\logger.ts","statementMap":{"0":{"start":{"line":8,"column":45},"end":{"line":13,"column":1}},"1":{"start":{"line":21,"column":4},"end":{"line":21,"column":31}},"2":{"start":{"line":22,"column":4},"end":{"line":22,"column":58}},"3":{"start":{"line":23,"column":4},"end":{"line":23,"column":48}},"4":{"start":{"line":27,"column":4},"end":{"line":27,"column":80}},"5":{"start":{"line":31,"column":22},"end":{"line":31,"column":46}},"6":{"start":{"line":32,"column":21},"end":{"line":34,"column":10}},"7":{"start":{"line":35,"column":4},"end":{"line":35,"column":95}},"8":{"start":{"line":39,"column":4},"end":{"line":41,"column":5}},"9":{"start":{"line":40,"column":6},"end":{"line":40,"column":65}},"10":{"start":{"line":45,"column":4},"end":{"line":47,"column":5}},"11":{"start":{"line":46,"column":6},"end":{"line":46,"column":63}},"12":{"start":{"line":51,"column":4},"end":{"line":53,"column":5}},"13":{"start":{"line":52,"column":6},"end":{"line":52,"column":63}},"14":{"start":{"line":57,"column":4},"end":{"line":59,"column":5}},"15":{"start":{"line":58,"column":6},"end":{"line":58,"column":65}},"16":{"start":{"line":64,"column":2},"end":{"line":64,"column":40}}},"fnMap":{"0":{"name":"(anonymous_0)","decl":{"start":{"line":20,"column":2},"end":{"line":20,"column":3}},"loc":{"start":{"line":20,"column":62},"end":{"line":24,"column":3}},"line":20},"1":{"name":"(anonymous_1)","decl":{"start":{"line":26,"column":2},"end":{"line":26,"column":3}},"loc":{"start":{"line":26,"column":46},"end":{"line":28,"column":3}},"line":26},"2":{"name":"(anonymous_2)","decl":{"start":{"line":30,"column":2},"end":{"line":30,"column":3}},"loc":{"start":{"line":30,"column":83},"end":{"line":36,"column":3}},"line":30},"3":{"name":"(anonymous_3)","decl":{"start":{"line":38,"column":2},"end":{"line":38,"column":3}},"loc":{"start":{"line":38,"column":48},"end":{"line":42,"column":3}},"line":38},"4":{"name":"(anonymous_4)","decl":{"start":{"line":44,"column":2},"end":{"line":44,"column":3}},"loc":{"start":{"line":44,"column":47},"end":{"line":48,"column":3}},"line":44},"5":{"name":"(anonymous_5)","decl":{"start":{"line":50,"column":2},"end":{"line":50,"column":3}},"loc":{"start":{"line":50,"column":47},"end":{"line":54,"column":3}},"line":50},"6":{"name":"(anonymous_6)","decl":{"start":{"line":56,"column":2},"end":{"line":56,"column":3}},"loc":{"start":{"line":56,"column":48},"end":{"line":60,"column":3}},"line":56},"7":{"name":"createLogger","decl":{"start":{"line":63,"column":16},"end":{"line":63,"column":28}},"loc":{"start":{"line":63,"column":81},"end":{"line":65,"column":1}},"line":63}},"branchMap":{"0":{"loc":{"start":{"line":20,"column":33},"end":{"line":20,"column":60}},"type":"default-arg","locations":[{"start":{"line":20,"column":58},"end":{"line":20,"column":60}}],"line":20},"1":{"loc":{"start":{"line":22,"column":25},"end":{"line":22,"column":57}},"type":"binary-expr","locations":[{"start":{"line":22,"column":25},"end":{"line":22,"column":46}},{"start":{"line":22,"column":50},"end":{"line":22,"column":57}}],"line":22},"2":{"loc":{"start":{"line":23,"column":20},"end":{"line":23,"column":47}},"type":"binary-expr","locations":[{"start":{"line":23,"column":20},"end":{"line":23,"column":36}},{"start":{"line":23,"column":40},"end":{"line":23,"column":47}}],"line":23},"3":{"loc":{"start":{"line":27,"column":11},"end":{"line":27,"column":79}},"type":"binary-expr","locations":[{"start":{"line":27,"column":11},"end":{"line":27,"column":29}},{"start":{"line":27,"column":33},"end":{"line":27,"column":79}}],"line":27},"4":{"loc":{"start":{"line":32,"column":21},"end":{"line":34,"column":10}},"type":"cond-expr","locations":[{"start":{"line":33,"column":8},"end":{"line":33,"column":75}},{"start":{"line":34,"column":8},"end":{"line":34,"column":10}}],"line":32},"5":{"loc":{"start":{"line":33,"column":13},"end":{"line":33,"column":73}},"type":"cond-expr","locations":[{"start":{"line":33,"column":38},"end":{"line":33,"column":49}},{"start":{"line":33,"column":52},"end":{"line":33,"column":73}}],"line":33},"6":{"loc":{"start":{"line":39,"column":4},"end":{"line":41,"column":5}},"type":"if","locations":[{"start":{"line":39,"column":4},"end":{"line":41,"column":5}},{"start":{},"end":{}}],"line":39},"7":{"loc":{"start":{"line":45,"column":4},"end":{"line":47,"column":5}},"type":"if","locations":[{"start":{"line":45,"column":4},"end":{"line":47,"column":5}},{"start":{},"end":{}}],"line":45},"8":{"loc":{"start":{"line":51,"column":4},"end":{"line":53,"column":5}},"type":"if","locations":[{"start":{"line":51,"column":4},"end":{"line":53,"column":5}},{"start":{},"end":{}}],"line":51},"9":{"loc":{"start":{"line":57,"column":4},"end":{"line":59,"column":5}},"type":"if","locations":[{"start":{"line":57,"column":4},"end":{"line":59,"column":5}},{"start":{},"end":{}}],"line":57}},"s":{"0":1,"1":1,"2":1,"3":1,"4":3,"5":3,"6":3,"7":3,"8":0,"9":0,"10":0,"11":0,"12":0,"13":0,"14":3,"15":3,"16":1},"f":{"0":1,"1":3,"2":3,"3":0,"4":0,"5":0,"6":3,"7":1},"b":{"0":[1],"1":[1,1],"2":[1,1],"3":[3,3],"4":[3,0],"5":[3,0],"6":[0,0],"7":[0,0],"8":[0,0],"9":[3,0]},"_coverageSchema":"1a1c01bbd47fc00a2c39e90264f33305004495a9","hash":"f77e76e9d87facbdf43b0c07c21a129322378eb3"}
,"D:\\4. FitFaster\\fitfaster\\src\\utils\\performance.ts": {"path":"D:\\4. FitFaster\\fitfaster\\src\\utils\\performance.ts","statementMap":{"0":{"start":{"line":8,"column":35},"end":{"line":31,"column":1}},"1":{"start":{"line":9,"column":21},"end":{"line":9,"column":45}},"2":{"start":{"line":11,"column":2},"end":{"line":17,"column":9}},"3":{"start":{"line":12,"column":4},"end":{"line":16,"column":6}},"4":{"start":{"line":13,"column":6},"end":{"line":15,"column":7}},"5":{"start":{"line":14,"column":8},"end":{"line":14,"column":41}},"6":{"start":{"line":19,"column":2},"end":{"line":30,"column":4}},"7":{"start":{"line":21,"column":6},"end":{"line":23,"column":7}},"8":{"start":{"line":22,"column":8},"end":{"line":22,"column":41}},"9":{"start":{"line":25,"column":6},"end":{"line":27,"column":16}},"10":{"start":{"line":26,"column":8},"end":{"line":26,"column":26}},"11":{"start":{"line":37,"column":25},"end":{"line":37,"column":81}},"12":{"start":{"line":38,"column":33},"end":{"line":38,"column":46}},"13":{"start":{"line":41,"column":19},"end":{"line":41,"column":38}},"14":{"start":{"line":42,"column":4},"end":{"line":42,"column":29}},"15":{"start":{"line":42,"column":17},"end":{"line":42,"column":29}},"16":{"start":{"line":44,"column":16},"end":{"line":44,"column":26}},"17":{"start":{"line":45,"column":4},"end":{"line":48,"column":5}},"18":{"start":{"line":46,"column":6},"end":{"line":46,"column":29}},"19":{"start":{"line":47,"column":6},"end":{"line":47,"column":18}},"20":{"start":{"line":50,"column":4},"end":{"line":50,"column":29}},"21":{"start":{"line":54,"column":4},"end":{"line":54,"column":58}},"22":{"start":{"line":58,"column":4},"end":{"line":58,"column":23}},"23":{"start":{"line":66,"column":25},"end":{"line":66,"column":80}},"24":{"start":{"line":67,"column":27},"end":{"line":67,"column":40}},"25":{"start":{"line":70,"column":19},"end":{"line":70,"column":38}},"26":{"start":{"line":71,"column":16},"end":{"line":71,"column":26}},"27":{"start":{"line":73,"column":4},"end":{"line":75,"column":5}},"28":{"start":{"line":74,"column":6},"end":{"line":74,"column":30}},"29":{"start":{"line":77,"column":17},"end":{"line":77,"column":32}},"30":{"start":{"line":78,"column":4},"end":{"line":78,"column":50}},"31":{"start":{"line":79,"column":4},"end":{"line":79,"column":16}},"32":{"start":{"line":83,"column":4},"end":{"line":83,"column":27}},"33":{"start":{"line":87,"column":4},"end":{"line":87,"column":23}},"34":{"start":{"line":95,"column":32},"end":{"line":95,"column":57}},"35":{"start":{"line":98,"column":4},"end":{"line":98,"column":52}},"36":{"start":{"line":102,"column":18},"end":{"line":102,"column":46}},"37":{"start":{"line":103,"column":4},"end":{"line":103,"column":25}},"38":{"start":{"line":103,"column":16},"end":{"line":103,"column":25}},"39":{"start":{"line":105,"column":21},"end":{"line":105,"column":46}},"40":{"start":{"line":106,"column":4},"end":{"line":106,"column":36}},"41":{"start":{"line":107,"column":4},"end":{"line":107,"column":20}}},"fnMap":{"0":{"name":"(anonymous_0)","decl":{"start":{"line":8,"column":35},"end":{"line":8,"column":36}},"loc":{"start":{"line":8,"column":94},"end":{"line":31,"column":1}},"line":8},"1":{"name":"(anonymous_1)","decl":{"start":{"line":11,"column":12},"end":{"line":11,"column":13}},"loc":{"start":{"line":11,"column":18},"end":{"line":17,"column":3}},"line":11},"2":{"name":"(anonymous_2)","decl":{"start":{"line":12,"column":11},"end":{"line":12,"column":12}},"loc":{"start":{"line":12,"column":17},"end":{"line":16,"column":5}},"line":12},"3":{"name":"(anonymous_3)","decl":{"start":{"line":20,"column":4},"end":{"line":20,"column":5}},"loc":{"start":{"line":20,"column":28},"end":{"line":28,"column":5}},"line":20},"4":{"name":"(anonymous_4)","decl":{"start":{"line":25,"column":38},"end":{"line":25,"column":39}},"loc":{"start":{"line":25,"column":44},"end":{"line":27,"column":7}},"line":25},"5":{"name":"(anonymous_5)","decl":{"start":{"line":40,"column":2},"end":{"line":40,"column":3}},"loc":{"start":{"line":40,"column":39},"end":{"line":51,"column":3}},"line":40},"6":{"name":"(anonymous_6)","decl":{"start":{"line":53,"column":2},"end":{"line":53,"column":3}},"loc":{"start":{"line":53,"column":45},"end":{"line":55,"column":3}},"line":53},"7":{"name":"(anonymous_7)","decl":{"start":{"line":57,"column":2},"end":{"line":57,"column":3}},"loc":{"start":{"line":57,"column":23},"end":{"line":59,"column":3}},"line":57},"8":{"name":"(anonymous_8)","decl":{"start":{"line":69,"column":2},"end":{"line":69,"column":3}},"loc":{"start":{"line":69,"column":74},"end":{"line":80,"column":3}},"line":69},"9":{"name":"(anonymous_9)","decl":{"start":{"line":82,"column":2},"end":{"line":82,"column":3}},"loc":{"start":{"line":82,"column":39},"end":{"line":84,"column":3}},"line":82},"10":{"name":"(anonymous_10)","decl":{"start":{"line":86,"column":2},"end":{"line":86,"column":3}},"loc":{"start":{"line":86,"column":23},"end":{"line":88,"column":3}},"line":86},"11":{"name":"(anonymous_11)","decl":{"start":{"line":97,"column":2},"end":{"line":97,"column":3}},"loc":{"start":{"line":97,"column":36},"end":{"line":99,"column":3}},"line":97},"12":{"name":"(anonymous_12)","decl":{"start":{"line":101,"column":2},"end":{"line":101,"column":3}},"loc":{"start":{"line":101,"column":36},"end":{"line":108,"column":3}},"line":101}},"branchMap":{"0":{"loc":{"start":{"line":13,"column":6},"end":{"line":15,"column":7}},"type":"if","locations":[{"start":{"line":13,"column":6},"end":{"line":15,"column":7}},{"start":{},"end":{}}],"line":13},"1":{"loc":{"start":{"line":21,"column":6},"end":{"line":23,"column":7}},"type":"if","locations":[{"start":{"line":21,"column":6},"end":{"line":23,"column":7}},{"start":{},"end":{}}],"line":21},"2":{"loc":{"start":{"line":42,"column":4},"end":{"line":42,"column":29}},"type":"if","locations":[{"start":{"line":42,"column":4},"end":{"line":42,"column":29}},{"start":{},"end":{}}],"line":42},"3":{"loc":{"start":{"line":45,"column":4},"end":{"line":48,"column":5}},"type":"if","locations":[{"start":{"line":45,"column":4},"end":{"line":48,"column":5}},{"start":{},"end":{}}],"line":45},"4":{"loc":{"start":{"line":73,"column":4},"end":{"line":75,"column":5}},"type":"if","locations":[{"start":{"line":73,"column":4},"end":{"line":75,"column":5}},{"start":{},"end":{}}],"line":73},"5":{"loc":{"start":{"line":73,"column":8},"end":{"line":73,"column":55}},"type":"binary-expr","locations":[{"start":{"line":73,"column":8},"end":{"line":73,"column":14}},{"start":{"line":73,"column":18},"end":{"line":73,"column":55}}],"line":73},"6":{"loc":{"start":{"line":103,"column":4},"end":{"line":103,"column":25}},"type":"if","locations":[{"start":{"line":103,"column":4},"end":{"line":103,"column":25}},{"start":{},"end":{}}],"line":103}},"s":{"0":2,"1":0,"2":0,"3":0,"4":0,"5":0,"6":0,"7":0,"8":0,"9":0,"10":0,"11":2,"12":2,"13":0,"14":0,"15":0,"16":0,"17":0,"18":0,"19":0,"20":0,"21":0,"22":0,"23":2,"24":2,"25":0,"26":0,"27":0,"28":0,"29":0,"30":0,"31":0,"32":0,"33":0,"34":2,"35":16,"36":16,"37":16,"38":0,"39":16,"40":16,"41":16},"f":{"0":0,"1":0,"2":0,"3":0,"4":0,"5":0,"6":0,"7":0,"8":0,"9":0,"10":0,"11":16,"12":16},"b":{"0":[0,0],"1":[0,0],"2":[0,0],"3":[0,0],"4":[0,0],"5":[0,0],"6":[0,16]},"_coverageSchema":"1a1c01bbd47fc00a2c39e90264f33305004495a9","hash":"56c73371da19e861425c02aed20ad5ca9a8b4776"}
,"D:\\4. FitFaster\\fitfaster\\src\\utils\\sanitize.ts": {"path":"D:\\4. FitFaster\\fitfaster\\src\\utils\\sanitize.ts","statementMap":{"0":{"start":{"line":4,"column":27},"end":{"line":12,"column":1}},"1":{"start":{"line":15,"column":23},"end":{"line":25,"column":1}},"2":{"start":{"line":28,"column":20},"end":{"line":31,"column":1}},"3":{"start":{"line":57,"column":18},"end":{"line":57,"column":22}},"4":{"start":{"line":60,"column":2},"end":{"line":66,"column":3}},"5":{"start":{"line":61,"column":4},"end":{"line":65,"column":7}},"6":{"start":{"line":63,"column":21},"end":{"line":63,"column":63}},"7":{"start":{"line":64,"column":6},"end":{"line":64,"column":42}},"8":{"start":{"line":69,"column":2},"end":{"line":91,"column":5}},"9":{"start":{"line":70,"column":4},"end":{"line":90,"column":5}},"10":{"start":{"line":71,"column":6},"end":{"line":71,"column":72}},"11":{"start":{"line":72,"column":11},"end":{"line":90,"column":5}},"12":{"start":{"line":73,"column":6},"end":{"line":77,"column":9}},"13":{"start":{"line":75,"column":23},"end":{"line":75,"column":65}},"14":{"start":{"line":76,"column":8},"end":{"line":76,"column":47}},"15":{"start":{"line":78,"column":11},"end":{"line":90,"column":5}},"16":{"start":{"line":79,"column":6},"end":{"line":89,"column":9}},"17":{"start":{"line":81,"column":28},"end":{"line":81,"column":58}},"18":{"start":{"line":82,"column":22},"end":{"line":82,"column":58}},"19":{"start":{"line":85,"column":8},"end":{"line":87,"column":9}},"20":{"start":{"line":86,"column":10},"end":{"line":86,"column":51}},"21":{"start":{"line":88,"column":8},"end":{"line":88,"column":49}},"22":{"start":{"line":93,"column":2},"end":{"line":93,"column":19}},"23":{"start":{"line":100,"column":18},"end":{"line":100,"column":53}},"24":{"start":{"line":102,"column":2},"end":{"line":104,"column":3}},"25":{"start":{"line":103,"column":4},"end":{"line":103,"column":33}},"26":{"start":{"line":105,"column":2},"end":{"line":107,"column":3}},"27":{"start":{"line":106,"column":4},"end":{"line":106,"column":35}},"28":{"start":{"line":108,"column":2},"end":{"line":110,"column":3}},"29":{"start":{"line":109,"column":4},"end":{"line":109,"column":32}},"30":{"start":{"line":111,"column":2},"end":{"line":113,"column":3}},"31":{"start":{"line":112,"column":4},"end":{"line":112,"column":38}},"32":{"start":{"line":115,"column":2},"end":{"line":115,"column":33}},"33":{"start":{"line":122,"column":2},"end":{"line":122,"column":65}},"34":{"start":{"line":122,"column":34},"end":{"line":122,"column":63}},"35":{"start":{"line":129,"column":2},"end":{"line":129,"column":62}},"36":{"start":{"line":129,"column":31},"end":{"line":129,"column":60}},"37":{"start":{"line":136,"column":45},"end":{"line":136,"column":47}},"38":{"start":{"line":138,"column":2},"end":{"line":170,"column":3}},"39":{"start":{"line":140,"column":4},"end":{"line":142,"column":5}},"40":{"start":{"line":141,"column":6},"end":{"line":141,"column":15}},"41":{"start":{"line":145,"column":4},"end":{"line":148,"column":5}},"42":{"start":{"line":146,"column":6},"end":{"line":146,"column":57}},"43":{"start":{"line":147,"column":6},"end":{"line":147,"column":15}},"44":{"start":{"line":151,"column":4},"end":{"line":169,"column":5}},"45":{"start":{"line":152,"column":30},"end":{"line":152,"column":78}},"46":{"start":{"line":154,"column":6},"end":{"line":156,"column":7}},"47":{"start":{"line":155,"column":8},"end":{"line":155,"column":41}},"48":{"start":{"line":159,"column":9},"end":{"line":169,"column":5}},"49":{"start":{"line":160,"column":29},"end":{"line":160,"column":55}},"50":{"start":{"line":162,"column":6},"end":{"line":164,"column":7}},"51":{"start":{"line":162,"column":36},"end":{"line":162,"column":86}},"52":{"start":{"line":163,"column":8},"end":{"line":163,"column":40}},"53":{"start":{"line":167,"column":9},"end":{"line":169,"column":5}},"54":{"start":{"line":168,"column":6},"end":{"line":168,"column":29}},"55":{"start":{"line":172,"column":2},"end":{"line":172,"column":19}},"56":{"start":{"line":182,"column":24},"end":{"line":183,"column":47}},"57":{"start":{"line":185,"column":2},"end":{"line":192,"column":4}},"58":{"start":{"line":201,"column":2},"end":{"line":212,"column":3}},"59":{"start":{"line":203,"column":6},"end":{"line":203,"column":67}},"60":{"start":{"line":205,"column":6},"end":{"line":205,"column":80}},"61":{"start":{"line":207,"column":6},"end":{"line":207,"column":77}},"62":{"start":{"line":209,"column":6},"end":{"line":209,"column":77}},"63":{"start":{"line":211,"column":6},"end":{"line":211,"column":69}}},"fnMap":{"0":{"name":"redactSensitiveInfo","decl":{"start":{"line":56,"column":16},"end":{"line":56,"column":35}},"loc":{"start":{"line":56,"column":58},"end":{"line":94,"column":1}},"line":56},"1":{"name":"(anonymous_1)","decl":{"start":{"line":61,"column":69},"end":{"line":61,"column":70}},"loc":{"start":{"line":61,"column":80},"end":{"line":65,"column":5}},"line":61},"2":{"name":"(anonymous_2)","decl":{"start":{"line":69,"column":45},"end":{"line":69,"column":46}},"loc":{"start":{"line":69,"column":65},"end":{"line":91,"column":3}},"line":69},"3":{"name":"(anonymous_3)","decl":{"start":{"line":73,"column":45},"end":{"line":73,"column":46}},"loc":{"start":{"line":73,"column":56},"end":{"line":77,"column":7}},"line":73},"4":{"name":"(anonymous_4)","decl":{"start":{"line":79,"column":45},"end":{"line":79,"column":46}},"loc":{"start":{"line":79,"column":67},"end":{"line":89,"column":7}},"line":79},"5":{"name":"determineErrorCode","decl":{"start":{"line":99,"column":9},"end":{"line":99,"column":27}},"loc":{"start":{"line":99,"column":62},"end":{"line":116,"column":1}},"line":99},"6":{"name":"isSensitiveKey","decl":{"start":{"line":121,"column":9},"end":{"line":121,"column":23}},"loc":{"start":{"line":121,"column":46},"end":{"line":123,"column":1}},"line":121},"7":{"name":"(anonymous_7)","decl":{"start":{"line":122,"column":29},"end":{"line":122,"column":30}},"loc":{"start":{"line":122,"column":34},"end":{"line":122,"column":63}},"line":122},"8":{"name":"isRedactKey","decl":{"start":{"line":128,"column":9},"end":{"line":128,"column":20}},"loc":{"start":{"line":128,"column":43},"end":{"line":130,"column":1}},"line":128},"9":{"name":"(anonymous_9)","decl":{"start":{"line":129,"column":26},"end":{"line":129,"column":27}},"loc":{"start":{"line":129,"column":31},"end":{"line":129,"column":60}},"line":129},"10":{"name":"sanitizeObject","decl":{"start":{"line":135,"column":9},"end":{"line":135,"column":23}},"loc":{"start":{"line":135,"column":79},"end":{"line":173,"column":1}},"line":135},"11":{"name":"(anonymous_11)","decl":{"start":{"line":162,"column":31},"end":{"line":162,"column":32}},"loc":{"start":{"line":162,"column":36},"end":{"line":162,"column":86}},"line":162},"12":{"name":"sanitizeErrorDetails","decl":{"start":{"line":180,"column":16},"end":{"line":180,"column":36}},"loc":{"start":{"line":180,"column":76},"end":{"line":193,"column":1}},"line":180},"13":{"name":"getUserFriendlyError","decl":{"start":{"line":200,"column":16},"end":{"line":200,"column":36}},"loc":{"start":{"line":200,"column":62},"end":{"line":213,"column":1}},"line":200}},"branchMap":{"0":{"loc":{"start":{"line":60,"column":2},"end":{"line":66,"column":3}},"type":"if","locations":[{"start":{"line":60,"column":2},"end":{"line":66,"column":3}},{"start":{},"end":{}}],"line":60},"1":{"loc":{"start":{"line":70,"column":4},"end":{"line":90,"column":5}},"type":"if","locations":[{"start":{"line":70,"column":4},"end":{"line":90,"column":5}},{"start":{"line":72,"column":11},"end":{"line":90,"column":5}}],"line":70},"2":{"loc":{"start":{"line":72,"column":11},"end":{"line":90,"column":5}},"type":"if","locations":[{"start":{"line":72,"column":11},"end":{"line":90,"column":5}},{"start":{"line":78,"column":11},"end":{"line":90,"column":5}}],"line":72},"3":{"loc":{"start":{"line":78,"column":11},"end":{"line":90,"column":5}},"type":"if","locations":[{"start":{"line":78,"column":11},"end":{"line":90,"column":5}},{"start":{},"end":{}}],"line":78},"4":{"loc":{"start":{"line":85,"column":8},"end":{"line":87,"column":9}},"type":"if","locations":[{"start":{"line":85,"column":8},"end":{"line":87,"column":9}},{"start":{},"end":{}}],"line":85},"5":{"loc":{"start":{"line":102,"column":2},"end":{"line":104,"column":3}},"type":"if","locations":[{"start":{"line":102,"column":2},"end":{"line":104,"column":3}},{"start":{},"end":{}}],"line":102},"6":{"loc":{"start":{"line":102,"column":6},"end":{"line":102,"column":66}},"type":"binary-expr","locations":[{"start":{"line":102,"column":6},"end":{"line":102,"column":30}},{"start":{"line":102,"column":34},"end":{"line":102,"column":66}}],"line":102},"7":{"loc":{"start":{"line":105,"column":2},"end":{"line":107,"column":3}},"type":"if","locations":[{"start":{"line":105,"column":2},"end":{"line":107,"column":3}},{"start":{},"end":{}}],"line":105},"8":{"loc":{"start":{"line":105,"column":6},"end":{"line":105,"column":62}},"type":"binary-expr","locations":[{"start":{"line":105,"column":6},"end":{"line":105,"column":33}},{"start":{"line":105,"column":37},"end":{"line":105,"column":62}}],"line":105},"9":{"loc":{"start":{"line":108,"column":2},"end":{"line":110,"column":3}},"type":"if","locations":[{"start":{"line":108,"column":2},"end":{"line":110,"column":3}},{"start":{},"end":{}}],"line":108},"10":{"loc":{"start":{"line":108,"column":6},"end":{"line":108,"column":59}},"type":"binary-expr","locations":[{"start":{"line":108,"column":6},"end":{"line":108,"column":30}},{"start":{"line":108,"column":34},"end":{"line":108,"column":59}}],"line":108},"11":{"loc":{"start":{"line":111,"column":2},"end":{"line":113,"column":3}},"type":"if","locations":[{"start":{"line":111,"column":2},"end":{"line":113,"column":3}},{"start":{},"end":{}}],"line":111},"12":{"loc":{"start":{"line":111,"column":6},"end":{"line":111,"column":67}},"type":"binary-expr","locations":[{"start":{"line":111,"column":6},"end":{"line":111,"column":36}},{"start":{"line":111,"column":40},"end":{"line":111,"column":67}}],"line":111},"13":{"loc":{"start":{"line":140,"column":4},"end":{"line":142,"column":5}},"type":"if","locations":[{"start":{"line":140,"column":4},"end":{"line":142,"column":5}},{"start":{},"end":{}}],"line":140},"14":{"loc":{"start":{"line":145,"column":4},"end":{"line":148,"column":5}},"type":"if","locations":[{"start":{"line":145,"column":4},"end":{"line":148,"column":5}},{"start":{},"end":{}}],"line":145},"15":{"loc":{"start":{"line":151,"column":4},"end":{"line":169,"column":5}},"type":"if","locations":[{"start":{"line":151,"column":4},"end":{"line":169,"column":5}},{"start":{"line":159,"column":9},"end":{"line":169,"column":5}}],"line":151},"16":{"loc":{"start":{"line":151,"column":8},"end":{"line":151,"column":67}},"type":"binary-expr","locations":[{"start":{"line":151,"column":8},"end":{"line":151,"column":13}},{"start":{"line":151,"column":17},"end":{"line":151,"column":42}},{"start":{"line":151,"column":46},"end":{"line":151,"column":67}}],"line":151},"17":{"loc":{"start":{"line":154,"column":6},"end":{"line":156,"column":7}},"type":"if","locations":[{"start":{"line":154,"column":6},"end":{"line":156,"column":7}},{"start":{},"end":{}}],"line":154},"18":{"loc":{"start":{"line":154,"column":10},"end":{"line":154,"column":70}},"type":"binary-expr","locations":[{"start":{"line":154,"column":10},"end":{"line":154,"column":27}},{"start":{"line":154,"column":31},"end":{"line":154,"column":70}}],"line":154},"19":{"loc":{"start":{"line":159,"column":9},"end":{"line":169,"column":5}},"type":"if","locations":[{"start":{"line":159,"column":9},"end":{"line":169,"column":5}},{"start":{"line":167,"column":9},"end":{"line":169,"column":5}}],"line":159},"20":{"loc":{"start":{"line":162,"column":6},"end":{"line":164,"column":7}},"type":"if","locations":[{"start":{"line":162,"column":6},"end":{"line":164,"column":7}},{"start":{},"end":{}}],"line":162},"21":{"loc":{"start":{"line":167,"column":9},"end":{"line":169,"column":5}},"type":"if","locations":[{"start":{"line":167,"column":9},"end":{"line":169,"column":5}},{"start":{},"end":{}}],"line":167},"22":{"loc":{"start":{"line":167,"column":13},"end":{"line":167,"column":50}},"type":"binary-expr","locations":[{"start":{"line":167,"column":13},"end":{"line":167,"column":32}},{"start":{"line":167,"column":36},"end":{"line":167,"column":50}}],"line":167},"23":{"loc":{"start":{"line":182,"column":24},"end":{"line":183,"column":47}},"type":"cond-expr","locations":[{"start":{"line":183,"column":4},"end":{"line":183,"column":42}},{"start":{"line":183,"column":45},"end":{"line":183,"column":47}}],"line":182},"24":{"loc":{"start":{"line":201,"column":2},"end":{"line":212,"column":3}},"type":"switch","locations":[{"start":{"line":202,"column":4},"end":{"line":203,"column":67}},{"start":{"line":204,"column":4},"end":{"line":205,"column":80}},{"start":{"line":206,"column":4},"end":{"line":207,"column":77}},{"start":{"line":208,"column":4},"end":{"line":209,"column":77}},{"start":{"line":210,"column":4},"end":{"line":211,"column":69}}],"line":201}},"s":{"0":2,"1":2,"2":2,"3":31,"4":31,"5":2,"6":2,"7":2,"8":29,"9":203,"10":29,"11":174,"12":29,"13":1,"14":1,"15":145,"16":116,"17":22,"18":22,"19":22,"20":5,"21":17,"22":29,"23":19,"24":19,"25":15,"26":4,"27":2,"28":2,"29":1,"30":1,"31":0,"32":1,"33":25,"34":159,"35":15,"36":29,"37":8,"38":8,"39":25,"40":10,"41":15,"42":5,"43":5,"44":10,"45":1,"46":1,"47":1,"48":9,"49":6,"50":6,"51":54,"52":6,"53":3,"54":3,"55":8,"56":19,"57":19,"58":5,"59":1,"60":1,"61":1,"62":1,"63":1},"f":{"0":31,"1":2,"2":203,"3":1,"4":22,"5":19,"6":25,"7":159,"8":15,"9":29,"10":8,"11":54,"12":19,"13":5},"b":{"0":[2,29],"1":[29,174],"2":[29,145],"3":[116,29],"4":[5,17],"5":[15,4],"6":[19,4],"7":[2,2],"8":[4,3],"9":[1,1],"10":[2,1],"11":[0,1],"12":[1,1],"13":[10,15],"14":[5,10],"15":[1,9],"16":[10,10,1],"17":[1,0],"18":[1,0],"19":[6,3],"20":[6,0],"21":[3,0],"22":[3,3],"23":[7,12],"24":[1,1,1,1,1]},"_coverageSchema":"1a1c01bbd47fc00a2c39e90264f33305004495a9","hash":"896531705f233477e335d4e4c588f0a8c6eb49d2"}
}
