TN:
SF:src\hooks\useAccessibilityFocus.ts
FN:4,useAccessibilityFocus
FN:7,(anonymous_1)
FN:16,(anonymous_2)
FNF:3
FNH:3
FNDA:4,useAccessibilityFocus
FNDA:3,(anonymous_1)
FNDA:1,(anonymous_2)
DA:5,4
DA:7,4
DA:8,3
DA:9,2
DA:10,2
DA:11,1
DA:16,4
DA:17,1
DA:20,4
LF:9
LH:9
BRDA:8,0,0,2
BRDA:8,0,1,1
BRDA:10,1,0,1
BRDA:10,1,1,1
BRF:4
BRH:4
end_of_record
TN:
SF:src\hooks\useConnectionAlert.ts
FN:5,useConnectionAlert
FN:8,(anonymous_1)
FNF:2
FNH:2
FNDA:4,useConnectionAlert
FNDA:5,(anonymous_1)
DA:6,4
DA:8,4
DA:9,5
DA:10,3
DA:17,3
DA:20,2
DA:21,2
DA:23,1
DA:33,4
LF:9
LH:9
BRDA:9,0,0,3
BRDA:9,0,1,2
BRF:2
BRH:2
end_of_record
TN:
SF:src\hooks\useOfflineSync.ts
FN:15,useOfflineSync
FN:26,(anonymous_1)
FN:27,(anonymous_2)
FN:54,(anonymous_3)
FN:87,(anonymous_4)
FN:101,(anonymous_5)
FNF:6
FNH:6
FNDA:23,useOfflineSync
FNDA:13,(anonymous_1)
FNDA:13,(anonymous_2)
FNDA:2,(anonymous_3)
FNDA:1,(anonymous_4)
FNDA:3,(anonymous_5)
DA:6,1
DA:21,23
DA:22,23
DA:23,23
DA:26,23
DA:27,13
DA:28,13
DA:29,7
DA:32,6
DA:33,6
DA:34,5
DA:35,2
DA:36,2
DA:37,1
DA:41,1
DA:42,1
DA:43,1
DA:45,6
DA:49,13
DA:53,23
DA:55,2
DA:56,2
DA:58,2
DA:59,1
DA:63,1
DA:66,1
DA:69,1
DA:70,1
DA:77,1
DA:78,1
DA:79,1
DA:80,1
DA:87,23
DA:88,1
DA:89,1
DA:90,1
DA:91,1
DA:93,0
DA:94,0
DA:95,0
DA:96,0
DA:101,23
DA:102,3
DA:104,2
DA:105,2
DA:106,2
DA:108,1
DA:109,1
DA:110,1
DA:111,1
DA:115,23
LF:51
LH:47
BRDA:28,0,0,7
BRDA:28,0,1,6
BRDA:34,1,0,2
BRDA:34,1,1,3
BRDA:36,2,0,1
BRDA:36,2,1,1
BRDA:36,3,0,2
BRDA:36,3,1,1
BRDA:41,4,0,1
BRDA:41,4,1,0
BRDA:58,5,0,1
BRDA:58,5,1,1
BRDA:58,6,0,2
BRDA:58,6,1,1
BRDA:69,7,0,1
BRDA:69,7,1,0
BRDA:77,8,0,1
BRDA:77,8,1,0
BRDA:93,9,0,0
BRDA:93,9,1,0
BRDA:102,10,0,1
BRDA:102,10,1,2
BRDA:102,11,0,3
BRDA:102,11,1,2
BRDA:108,12,0,1
BRDA:108,12,1,0
BRF:26
BRH:20
end_of_record
TN:
SF:src\hooks\useOnboardingAnalytics.ts
FN:4,useOnboardingAnalytics
FN:8,(anonymous_1)
FN:16,(anonymous_2)
FN:18,(anonymous_3)
FNF:4
FNH:1
FNDA:5,useOnboardingAnalytics
FNDA:0,(anonymous_1)
FNDA:0,(anonymous_2)
FNDA:0,(anonymous_3)
DA:5,5
DA:6,5
DA:8,5
DA:9,0
DA:10,0
DA:16,5
DA:17,0
DA:18,0
DA:19,0
DA:20,0
DA:26,5
LF:11
LH:5
BRDA:19,0,0,0
BRDA:19,0,1,0
BRF:2
BRH:0
end_of_record
TN:
SF:src\hooks\usePerformanceMonitoring.ts
FN:10,(anonymous_0)
FN:17,(anonymous_1)
FN:22,(anonymous_2)
FN:30,(anonymous_3)
FN:45,(anonymous_4)
FN:55,(anonymous_5)
FN:59,(anonymous_6)
FNF:7
FNH:7
FNDA:7,(anonymous_0)
FNDA:7,(anonymous_1)
FNDA:1,(anonymous_2)
FNDA:2,(anonymous_3)
FNDA:1,(anonymous_4)
FNDA:1,(anonymous_5)
FNDA:1,(anonymous_6)
DA:10,1
DA:15,7
DA:17,7
DA:18,7
DA:20,7
DA:21,1
DA:22,1
DA:23,1
DA:24,1
DA:29,7
DA:35,2
DA:44,7
DA:46,1
DA:55,7
DA:56,1
DA:59,7
DA:60,1
DA:63,7
LF:18
LH:18
BRDA:13,0,0,6
BRDA:20,1,0,1
BRDA:20,1,1,6
BRF:3
BRH:3
end_of_record
TN:
SF:src\hooks\useSupplementAnalytics.ts
FN:6,useSupplementAnalytics
FN:9,(anonymous_1)
FN:21,(anonymous_2)
FN:28,(anonymous_3)
FN:40,(anonymous_4)
FN:52,(anonymous_5)
FN:60,(anonymous_6)
FNF:7
FNH:5
FNDA:4,useSupplementAnalytics
FNDA:1,(anonymous_1)
FNDA:1,(anonymous_2)
FNDA:1,(anonymous_3)
FNDA:0,(anonymous_4)
FNDA:1,(anonymous_5)
FNDA:0,(anonymous_6)
DA:7,4
DA:9,4
DA:10,1
DA:21,4
DA:22,1
DA:28,4
DA:33,1
DA:40,4
DA:45,0
DA:52,4
DA:53,1
DA:54,1
DA:60,4
DA:61,0
DA:62,0
DA:67,4
LF:16
LH:13
BRF:0
BRH:0
end_of_record
TN:
SF:src\hooks\useSupplementPerformance.ts
FN:20,useSupplementPerformance
FN:24,(anonymous_1)
FN:25,(anonymous_2)
FN:36,(anonymous_3)
FN:37,(anonymous_4)
FN:45,(anonymous_5)
FN:50,(anonymous_6)
FN:53,(anonymous_7)
FNF:8
FNH:7
FNDA:4,useSupplementPerformance
FNDA:1,(anonymous_1)
FNDA:1,(anonymous_2)
FNDA:1,(anonymous_3)
FNDA:1,(anonymous_4)
FNDA:1,(anonymous_5)
FNDA:1,(anonymous_6)
FNDA:0,(anonymous_7)
DA:21,4
DA:22,4
DA:24,4
DA:25,1
DA:26,1
DA:27,1
DA:28,1
DA:30,1
DA:31,1
DA:36,4
DA:37,1
DA:45,4
DA:46,1
DA:47,1
DA:50,4
DA:51,1
DA:53,0
DA:66,4
LF:18
LH:17
BRF:0
BRH:0
end_of_record
TN:
SF:src\services\error.ts
FN:45,(anonymous_0)
FN:47,(anonymous_1)
FN:50,(anonymous_2)
FN:57,(anonymous_3)
FN:110,(anonymous_4)
FN:119,(anonymous_5)
FN:125,(anonymous_6)
FN:133,(anonymous_7)
FN:142,(anonymous_8)
FN:174,(anonymous_9)
FN:179,(anonymous_10)
FN:184,(anonymous_11)
FN:189,(anonymous_12)
FN:208,(anonymous_13)
FN:224,(anonymous_14)
FN:248,(anonymous_15)
FN:267,(anonymous_16)
FN:284,(anonymous_17)
FN:291,(anonymous_18)
FN:306,(anonymous_19)
FNF:20
FNH:12
FNDA:2,(anonymous_0)
FNDA:0,(anonymous_1)
FNDA:2,(anonymous_2)
FNDA:16,(anonymous_3)
FNDA:16,(anonymous_4)
FNDA:2,(anonymous_5)
FNDA:13,(anonymous_6)
FNDA:1,(anonymous_7)
FNDA:16,(anonymous_8)
FNDA:2,(anonymous_9)
FNDA:13,(anonymous_10)
FNDA:1,(anonymous_11)
FNDA:1,(anonymous_12)
FNDA:0,(anonymous_13)
FNDA:0,(anonymous_14)
FNDA:0,(anonymous_15)
FNDA:0,(anonymous_16)
FNDA:0,(anonymous_17)
FNDA:0,(anonymous_18)
FNDA:0,(anonymous_19)
DA:41,2
DA:42,2
DA:43,2
DA:47,2
DA:51,2
DA:52,2
DA:54,2
DA:58,16
DA:60,16
DA:62,16
DA:65,16
DA:66,16
DA:78,16
DA:79,16
DA:82,16
DA:91,16
DA:92,16
DA:93,16
DA:97,16
DA:98,16
DA:99,0
DA:104,0
DA:105,0
DA:114,16
DA:116,2
DA:120,2
DA:124,13
DA:126,13
DA:130,1
DA:134,1
DA:138,0
DA:146,16
DA:147,16
DA:148,2
DA:151,16
DA:153,3
DA:156,16
DA:157,14
DA:160,0
DA:162,0
DA:168,0
DA:169,0
DA:176,2
DA:181,13
DA:186,1
DA:190,1
DA:191,4
DA:193,1
DA:205,1
DA:209,0
DA:210,0
DA:212,0
DA:213,0
DA:215,0
DA:216,0
DA:218,0
DA:219,0
DA:221,0
DA:226,0
DA:227,0
DA:231,0
DA:232,0
DA:236,0
DA:237,0
DA:241,0
DA:242,0
DA:245,0
DA:250,0
DA:251,0
DA:255,0
DA:256,0
DA:260,0
DA:261,0
DA:264,0
DA:271,0
DA:273,0
DA:274,0
DA:275,0
DA:277,0
DA:279,0
DA:280,0
DA:284,0
DA:288,0
DA:292,0
DA:294,0
DA:296,0
DA:298,0
DA:300,0
DA:302,0
DA:307,0
DA:308,0
DA:311,0
DA:313,0
DA:315,0
DA:317,0
DA:319,0
DA:321,0
DA:326,2
LF:98
LH:42
BRDA:51,0,0,2
BRDA:51,0,1,0
BRDA:65,1,0,16
BRDA:65,1,1,0
BRDA:79,2,0,16
BRDA:79,2,1,4
BRDA:92,3,0,16
BRDA:92,3,1,0
BRDA:98,4,0,0
BRDA:98,4,1,16
BRDA:104,5,0,0
BRDA:104,5,1,0
BRDA:114,6,0,2
BRDA:114,6,1,13
BRDA:114,6,2,1
BRDA:114,6,3,0
BRDA:147,7,0,2
BRDA:147,7,1,14
BRDA:151,8,0,3
BRDA:151,8,1,13
BRDA:156,9,0,14
BRDA:156,9,1,2
BRDA:160,10,0,0
BRDA:160,10,1,0
BRDA:191,11,0,1
BRDA:191,11,1,3
BRDA:209,12,0,0
BRDA:209,12,1,0
BRDA:209,13,0,0
BRDA:209,13,1,0
BRDA:212,14,0,0
BRDA:212,14,1,0
BRDA:212,15,0,0
BRDA:212,15,1,0
BRDA:215,16,0,0
BRDA:215,16,1,0
BRDA:215,17,0,0
BRDA:215,17,1,0
BRDA:218,18,0,0
BRDA:218,18,1,0
BRDA:218,19,0,0
BRDA:218,19,1,0
BRDA:226,20,0,0
BRDA:226,20,1,0
BRDA:231,21,0,0
BRDA:231,21,1,0
BRDA:236,22,0,0
BRDA:236,22,1,0
BRDA:241,23,0,0
BRDA:241,23,1,0
BRDA:250,24,0,0
BRDA:250,24,1,0
BRDA:250,25,0,0
BRDA:250,25,1,0
BRDA:255,26,0,0
BRDA:255,26,1,0
BRDA:255,27,0,0
BRDA:255,27,1,0
BRDA:260,28,0,0
BRDA:260,28,1,0
BRDA:269,29,0,0
BRDA:279,30,0,0
BRDA:279,30,1,0
BRDA:288,31,0,0
BRDA:288,31,1,0
BRDA:292,32,0,0
BRDA:292,32,1,0
BRDA:292,32,2,0
BRDA:292,32,3,0
BRDA:292,32,4,0
BRDA:307,33,0,0
BRDA:307,33,1,0
BRDA:311,34,0,0
BRDA:311,34,1,0
BRDA:311,34,2,0
BRDA:311,34,3,0
BRDA:311,34,4,0
BRF:77
BRH:17
end_of_record
TN:
SF:src\services\performance.ts
FN:26,(anonymous_0)
FN:28,(anonymous_1)
FN:35,(anonymous_2)
FN:37,(anonymous_3)
FN:42,(anonymous_4)
FN:44,(anonymous_5)
FN:57,(anonymous_6)
FN:98,(anonymous_7)
FN:100,(anonymous_8)
FN:112,(anonymous_9)
FN:122,(anonymous_10)
FN:135,(anonymous_11)
FN:139,(anonymous_12)
FN:141,(anonymous_13)
FN:146,(anonymous_14)
FNF:15
FNH:10
FNDA:2,(anonymous_0)
FNDA:2,(anonymous_1)
FNDA:3,(anonymous_2)
FNDA:0,(anonymous_3)
FNDA:4,(anonymous_4)
FNDA:0,(anonymous_5)
FNDA:4,(anonymous_6)
FNDA:1,(anonymous_7)
FNDA:0,(anonymous_8)
FNDA:0,(anonymous_9)
FNDA:0,(anonymous_10)
FNDA:4,(anonymous_11)
FNDA:1,(anonymous_12)
FNDA:4,(anonymous_13)
FNDA:4,(anonymous_14)
DA:23,2
DA:24,2
DA:29,2
DA:30,2
DA:32,2
DA:36,3
DA:37,3
DA:38,0
DA:43,4
DA:44,4
DA:47,4
DA:62,4
DA:63,4
DA:64,4
DA:65,4
DA:67,4
DA:78,4
DA:80,0
DA:82,0
DA:94,0
DA:99,1
DA:100,1
DA:101,0
DA:102,0
DA:113,0
DA:123,0
DA:124,0
DA:125,0
DA:126,0
DA:136,4
DA:140,1
DA:141,4
DA:144,1
DA:146,4
DA:147,1
DA:151,2
LF:36
LH:25
BRDA:29,0,0,2
BRDA:29,0,1,0
BRDA:141,1,0,4
BRDA:141,1,1,4
BRDA:144,2,0,0
BRDA:144,2,1,1
BRF:6
BRH:4
end_of_record
TN:
SF:src\store\auth.store.ts
FN:42,(anonymous_0)
FN:52,(anonymous_1)
FN:75,(anonymous_2)
FN:116,(anonymous_3)
FN:163,(anonymous_4)
FN:190,(anonymous_5)
FN:212,(anonymous_6)
FN:227,(anonymous_7)
FN:230,(anonymous_8)
FN:233,(anonymous_9)
FN:248,(anonymous_10)
FN:250,(anonymous_11)
FN:260,(anonymous_12)
FN:262,(anonymous_13)
FNF:14
FNH:6
FNDA:1,(anonymous_0)
FNDA:2,(anonymous_1)
FNDA:2,(anonymous_2)
FNDA:0,(anonymous_3)
FNDA:2,(anonymous_4)
FNDA:2,(anonymous_5)
FNDA:2,(anonymous_6)
FNDA:0,(anonymous_7)
FNDA:0,(anonymous_8)
FNDA:0,(anonymous_9)
FNDA:0,(anonymous_10)
FNDA:0,(anonymous_11)
FNDA:0,(anonymous_12)
FNDA:0,(anonymous_13)
DA:40,1
DA:42,1
DA:53,2
DA:54,2
DA:55,2
DA:57,2
DA:59,1
DA:60,1
DA:67,1
DA:68,1
DA:70,2
DA:76,2
DA:77,2
DA:78,2
DA:83,2
DA:86,1
DA:87,1
DA:88,1
DA:91,1
DA:98,0
DA:105,0
DA:107,2
DA:108,2
DA:109,2
DA:111,2
DA:117,0
DA:118,0
DA:119,0
DA:122,0
DA:130,0
DA:131,0
DA:132,0
DA:136,0
DA:139,0
DA:141,0
DA:142,0
DA:145,0
DA:152,0
DA:154,0
DA:155,0
DA:156,0
DA:158,0
DA:164,2
DA:165,2
DA:166,2
DA:171,2
DA:173,1
DA:179,1
DA:181,1
DA:182,1
DA:183,1
DA:185,2
DA:191,2
DA:192,2
DA:193,2
DA:195,2
DA:197,1
DA:204,1
DA:205,1
DA:207,2
DA:213,2
DA:214,2
DA:215,2
DA:217,2
DA:219,1
DA:220,1
DA:222,2
DA:227,0
DA:230,0
DA:234,0
DA:248,1
DA:249,0
DA:250,0
DA:260,1
DA:261,0
DA:262,0
LF:76
LH:50
BRDA:57,0,0,1
BRDA:57,0,1,1
BRDA:59,1,0,1
BRDA:59,1,1,0
BRDA:83,2,0,1
BRDA:83,2,1,1
BRDA:130,3,0,0
BRDA:130,3,1,0
BRDA:130,4,0,0
BRDA:130,4,1,0
BRDA:141,5,0,0
BRDA:141,5,1,0
BRDA:141,6,0,0
BRDA:141,6,1,0
BRDA:142,7,0,0
BRDA:142,7,1,0
BRDA:171,8,0,1
BRDA:171,8,1,1
BRDA:195,9,0,1
BRDA:195,9,1,1
BRDA:217,10,0,1
BRDA:217,10,1,1
BRF:22
BRH:11
end_of_record
TN:
SF:src\utils\logger.ts
FN:20,(anonymous_0)
FN:26,(anonymous_1)
FN:30,(anonymous_2)
FN:38,(anonymous_3)
FN:44,(anonymous_4)
FN:50,(anonymous_5)
FN:56,(anonymous_6)
FN:63,createLogger
FNF:8
FNH:5
FNDA:1,(anonymous_0)
FNDA:3,(anonymous_1)
FNDA:3,(anonymous_2)
FNDA:0,(anonymous_3)
FNDA:0,(anonymous_4)
FNDA:0,(anonymous_5)
FNDA:3,(anonymous_6)
FNDA:1,createLogger
DA:8,1
DA:21,1
DA:22,1
DA:23,1
DA:27,3
DA:31,3
DA:32,3
DA:35,3
DA:39,0
DA:40,0
DA:45,0
DA:46,0
DA:51,0
DA:52,0
DA:57,3
DA:58,3
DA:64,1
LF:17
LH:11
BRDA:20,0,0,1
BRDA:22,1,0,1
BRDA:22,1,1,1
BRDA:23,2,0,1
BRDA:23,2,1,1
BRDA:27,3,0,3
BRDA:27,3,1,3
BRDA:32,4,0,3
BRDA:32,4,1,0
BRDA:33,5,0,3
BRDA:33,5,1,0
BRDA:39,6,0,0
BRDA:39,6,1,0
BRDA:45,7,0,0
BRDA:45,7,1,0
BRDA:51,8,0,0
BRDA:51,8,1,0
BRDA:57,9,0,3
BRDA:57,9,1,0
BRF:19
BRH:10
end_of_record
TN:
SF:src\utils\performance.ts
FN:8,(anonymous_0)
FN:11,(anonymous_1)
FN:12,(anonymous_2)
FN:20,(anonymous_3)
FN:25,(anonymous_4)
FN:40,(anonymous_5)
FN:53,(anonymous_6)
FN:57,(anonymous_7)
FN:69,(anonymous_8)
FN:82,(anonymous_9)
FN:86,(anonymous_10)
FN:97,(anonymous_11)
FN:101,(anonymous_12)
FNF:13
FNH:2
FNDA:0,(anonymous_0)
FNDA:0,(anonymous_1)
FNDA:0,(anonymous_2)
FNDA:0,(anonymous_3)
FNDA:0,(anonymous_4)
FNDA:0,(anonymous_5)
FNDA:0,(anonymous_6)
FNDA:0,(anonymous_7)
FNDA:0,(anonymous_8)
FNDA:0,(anonymous_9)
FNDA:0,(anonymous_10)
FNDA:16,(anonymous_11)
FNDA:16,(anonymous_12)
DA:8,2
DA:9,0
DA:11,0
DA:12,0
DA:13,0
DA:14,0
DA:19,0
DA:21,0
DA:22,0
DA:25,0
DA:26,0
DA:37,2
DA:38,2
DA:41,0
DA:42,0
DA:44,0
DA:45,0
DA:46,0
DA:47,0
DA:50,0
DA:54,0
DA:58,0
DA:66,2
DA:67,2
DA:70,0
DA:71,0
DA:73,0
DA:74,0
DA:77,0
DA:78,0
DA:79,0
DA:83,0
DA:87,0
DA:95,2
DA:98,16
DA:102,16
DA:103,16
DA:105,16
DA:106,16
DA:107,16
LF:40
LH:12
BRDA:13,0,0,0
BRDA:13,0,1,0
BRDA:21,1,0,0
BRDA:21,1,1,0
BRDA:42,2,0,0
BRDA:42,2,1,0
BRDA:45,3,0,0
BRDA:45,3,1,0
BRDA:73,4,0,0
BRDA:73,4,1,0
BRDA:73,5,0,0
BRDA:73,5,1,0
BRDA:103,6,0,0
BRDA:103,6,1,16
BRF:14
BRH:1
end_of_record
TN:
SF:src\utils\sanitize.ts
FN:56,redactSensitiveInfo
FN:61,(anonymous_1)
FN:69,(anonymous_2)
FN:73,(anonymous_3)
FN:79,(anonymous_4)
FN:99,determineErrorCode
FN:121,isSensitiveKey
FN:122,(anonymous_7)
FN:128,isRedactKey
FN:129,(anonymous_9)
FN:135,sanitizeObject
FN:162,(anonymous_11)
FN:180,sanitizeErrorDetails
FN:200,getUserFriendlyError
FNF:14
FNH:14
FNDA:31,redactSensitiveInfo
FNDA:2,(anonymous_1)
FNDA:203,(anonymous_2)
FNDA:1,(anonymous_3)
FNDA:22,(anonymous_4)
FNDA:19,determineErrorCode
FNDA:25,isSensitiveKey
FNDA:159,(anonymous_7)
FNDA:15,isRedactKey
FNDA:29,(anonymous_9)
FNDA:8,sanitizeObject
FNDA:54,(anonymous_11)
FNDA:19,sanitizeErrorDetails
FNDA:5,getUserFriendlyError
DA:4,2
DA:15,2
DA:28,2
DA:57,31
DA:60,31
DA:61,2
DA:63,2
DA:64,2
DA:69,29
DA:70,203
DA:71,29
DA:72,174
DA:73,29
DA:75,1
DA:76,1
DA:78,145
DA:79,116
DA:81,22
DA:82,22
DA:85,22
DA:86,5
DA:88,17
DA:93,29
DA:100,19
DA:102,19
DA:103,15
DA:105,4
DA:106,2
DA:108,2
DA:109,1
DA:111,1
DA:112,0
DA:115,1
DA:122,159
DA:129,29
DA:136,8
DA:138,8
DA:140,25
DA:141,10
DA:145,15
DA:146,5
DA:147,5
DA:151,10
DA:152,1
DA:154,1
DA:155,1
DA:159,9
DA:160,6
DA:162,54
DA:163,6
DA:167,3
DA:168,3
DA:172,8
DA:182,19
DA:185,19
DA:201,5
DA:203,1
DA:205,1
DA:207,1
DA:209,1
DA:211,1
LF:61
LH:60
BRDA:60,0,0,2
BRDA:60,0,1,29
BRDA:70,1,0,29
BRDA:70,1,1,174
BRDA:72,2,0,29
BRDA:72,2,1,145
BRDA:78,3,0,116
BRDA:78,3,1,29
BRDA:85,4,0,5
BRDA:85,4,1,17
BRDA:102,5,0,15
BRDA:102,5,1,4
BRDA:102,6,0,19
BRDA:102,6,1,4
BRDA:105,7,0,2
BRDA:105,7,1,2
BRDA:105,8,0,4
BRDA:105,8,1,3
BRDA:108,9,0,1
BRDA:108,9,1,1
BRDA:108,10,0,2
BRDA:108,10,1,1
BRDA:111,11,0,0
BRDA:111,11,1,1
BRDA:111,12,0,1
BRDA:111,12,1,1
BRDA:140,13,0,10
BRDA:140,13,1,15
BRDA:145,14,0,5
BRDA:145,14,1,10
BRDA:151,15,0,1
BRDA:151,15,1,9
BRDA:151,16,0,10
BRDA:151,16,1,10
BRDA:151,16,2,1
BRDA:154,17,0,1
BRDA:154,17,1,0
BRDA:154,18,0,1
BRDA:154,18,1,0
BRDA:159,19,0,6
BRDA:159,19,1,3
BRDA:162,20,0,6
BRDA:162,20,1,0
BRDA:167,21,0,3
BRDA:167,21,1,0
BRDA:167,22,0,3
BRDA:167,22,1,3
BRDA:182,23,0,7
BRDA:182,23,1,12
BRDA:201,24,0,1
BRDA:201,24,1,1
BRDA:201,24,2,1
BRDA:201,24,3,1
BRDA:201,24,4,1
BRF:54
BRH:49
end_of_record
